{"timestamp":"2026-01-22T06:08:03.934917Z","level":"info","event":"DAG bundles loaded: dags-folder, example_dags","logger":"airflow.dag_processing.bundles.manager.DagBundlesManager","filename":"manager.py","lineno":179}
{"timestamp":"2026-01-22T06:08:03.935219Z","level":"info","event":"Filling up the DagBag from /Users/apinto/Documents/BITS WILP/Sem2/Assignment/recomart_pipeline/airflow/dags/airflow_dag.py","logger":"airflow.models.dagbag.DagBag","filename":"dagbag.py","lineno":593}
{"timestamp":"2026-01-22T06:08:05.379037Z","level":"warning","event":"The `airflow.operators.python.PythonOperator` attribute is deprecated. Please use `'airflow.providers.standard.operators.python.PythonOperator'`.","category":"DeprecatedImportWarning","filename":"/Users/apinto/Documents/BITS WILP/Sem2/Assignment/recomart_pipeline/airflow/dags/airflow_dag.py","lineno":2,"logger":"py.warnings"}
{"timestamp":"2026-01-22T06:08:05.387763Z","level":"info","event":"Task instance is in running state","logger":"task.stdout"}
{"timestamp":"2026-01-22T06:08:05.387833Z","level":"info","event":" Previous state of the Task instance: TaskInstanceState.QUEUED","logger":"task.stdout"}
{"timestamp":"2026-01-22T06:08:05.388321Z","level":"info","event":"Current task name:save_to_feature_store","logger":"task.stdout"}
{"timestamp":"2026-01-22T06:08:05.388366Z","level":"info","event":"Dag name:recomart_recommendation_pipeline","logger":"task.stdout"}
{"timestamp":"2026-01-22T06:08:05.389079Z","level":"info","event":"Saving to feature store...","logger":"task.stdout"}
{"timestamp":"2026-01-22T06:08:05.449520Z","level":"error","event":"2026-01-22 11:38:05 - feature_store - INFO - [logger.py:58] - Starting feature_store","logger":"task.stderr"}
{"timestamp":"2026-01-22T06:08:05.449500Z","level":"info","event":"Starting feature_store","logger":"feature_store","filename":"logger.py","lineno":58}
{"timestamp":"2026-01-22T06:08:05.451761Z","level":"error","event":"2026-01-22 11:38:05 - feature_store - INFO - [feature_store.py:65] - Registered feature: user_features_v1","logger":"task.stderr"}
{"timestamp":"2026-01-22T06:08:05.451756Z","level":"info","event":"Registered feature: user_features_v1","logger":"feature_store","filename":"feature_store.py","lineno":65}
{"timestamp":"2026-01-22T06:08:05.453546Z","level":"error","event":"2026-01-22 11:38:05 - feature_store - INFO - [logger.py:65] - Completed feature_store in 0.00s","logger":"task.stderr"}
{"timestamp":"2026-01-22T06:08:05.453548Z","level":"info","event":"Completed feature_store in 0.00s","logger":"feature_store","filename":"logger.py","lineno":65}
{"timestamp":"2026-01-22T06:08:05.456114Z","level":"error","event":"2026-01-22 11:38:05 - feature_store - INFO - [logger.py:58] - Starting feature_store","logger":"task.stderr"}
{"timestamp":"2026-01-22T06:08:05.456098Z","level":"info","event":"Starting feature_store","logger":"feature_store","filename":"logger.py","lineno":58}
{"timestamp":"2026-01-22T06:08:05.457445Z","level":"error","event":"2026-01-22 11:38:05 - feature_store - INFO - [feature_store.py:65] - Registered feature: item_features_v1","logger":"task.stderr"}
{"timestamp":"2026-01-22T06:08:05.457449Z","level":"info","event":"Registered feature: item_features_v1","logger":"feature_store","filename":"feature_store.py","lineno":65}
{"timestamp":"2026-01-22T06:08:05.458550Z","level":"error","event":"2026-01-22 11:38:05 - feature_store - INFO - [logger.py:65] - Completed feature_store in 0.00s","logger":"task.stderr"}
{"timestamp":"2026-01-22T06:08:05.458547Z","level":"info","event":"Completed feature_store in 0.00s","logger":"feature_store","filename":"logger.py","lineno":65}
{"timestamp":"2026-01-22T06:08:05.458711Z","level":"info","event":"Features registered in feature store","logger":"task.stdout"}
{"timestamp":"2026-01-22T06:08:05.458834Z","level":"info","event":"Done. Returned value was: True","logger":"airflow.task.operators.airflow.providers.standard.operators.python.PythonOperator","filename":"python.py","lineno":216}
{"timestamp":"2026-01-22T06:08:05.458932Z","level":"info","event":"Pushing xcom","ti":"RuntimeTaskInstance(id=UUID('019be450-edb4-73ee-92d0-c40018f356cd'), task_id='save_to_feature_store', dag_id='recomart_recommendation_pipeline', run_id='manual__2026-01-22T06:07:46+00:00', try_number=1, dag_version_id=UUID('019be403-d3b1-7598-97fa-b6894e3d00a9'), map_index=-1, hostname='apinto-mbp', context_carrier={}, task=<Task(PythonOperator): save_to_feature_store>, bundle_instance=LocalDagBundle(name=dags-folder), max_tries=2, start_date=datetime.datetime(2026, 1, 22, 6, 8, 3, 490315, tzinfo=datetime.timezone.utc), end_date=None, state=<TaskInstanceState.RUNNING: 'running'>, is_mapped=False, rendered_map_index=None)","logger":"task","filename":"task_runner.py","lineno":1357}
{"timestamp":"2026-01-22T06:08:05.468137Z","level":"info","event":"Task instance in success state","logger":"task.stdout"}
{"timestamp":"2026-01-22T06:08:05.468193Z","level":"info","event":" Previous state of the Task instance: TaskInstanceState.RUNNING","logger":"task.stdout"}
{"timestamp":"2026-01-22T06:08:05.468715Z","level":"info","event":"Task operator:<Task(PythonOperator): save_to_feature_store>","logger":"task.stdout"}
