{"timestamp":"2026-01-22T06:38:11.802773Z","level":"info","event":"DAG bundles loaded: dags-folder, example_dags","logger":"airflow.dag_processing.bundles.manager.DagBundlesManager","filename":"manager.py","lineno":179}
{"timestamp":"2026-01-22T06:38:11.804670Z","level":"info","event":"Filling up the DagBag from /Users/apinto/Documents/BITS WILP/Sem2/Assignment/recomart_pipeline/airflow/dags/airflow_dag.py","logger":"airflow.models.dagbag.DagBag","filename":"dagbag.py","lineno":593}
{"timestamp":"2026-01-22T06:38:13.692118Z","level":"warning","event":"The `airflow.operators.python.PythonOperator` attribute is deprecated. Please use `'airflow.providers.standard.operators.python.PythonOperator'`.","category":"DeprecatedImportWarning","filename":"/Users/apinto/Documents/BITS WILP/Sem2/Assignment/recomart_pipeline/airflow/dags/airflow_dag.py","lineno":2,"logger":"py.warnings"}
{"timestamp":"2026-01-22T06:38:13.702830Z","level":"info","event":"Task instance is in running state","logger":"task.stdout"}
{"timestamp":"2026-01-22T06:38:13.702896Z","level":"info","event":" Previous state of the Task instance: TaskInstanceState.QUEUED","logger":"task.stdout"}
{"timestamp":"2026-01-22T06:38:13.703507Z","level":"info","event":"Current task name:train","logger":"task.stdout"}
{"timestamp":"2026-01-22T06:38:13.703542Z","level":"info","event":"Dag name:recomart_recommendation_pipeline","logger":"task.stdout"}
{"timestamp":"2026-01-22T06:38:13.704232Z","level":"info","event":"Starting model training...","logger":"task.stdout"}
{"timestamp":"2026-01-22T06:38:13.918466Z","level":"error","event":"2026/01/22 12:08:13 INFO mlflow.store.db.utils: Creating initial MLflow database tables...","logger":"task.stderr"}
{"timestamp":"2026-01-22T06:38:13.919253Z","level":"error","event":"2026/01/22 12:08:13 INFO mlflow.store.db.utils: Updating database tables","logger":"task.stderr"}
{"timestamp":"2026-01-22T06:38:13.922911Z","level":"error","event":"2026/01/22 12:08:13 INFO alembic.runtime.migration: Context impl SQLiteImpl.","logger":"task.stderr"}
{"timestamp":"2026-01-22T06:38:13.923444Z","level":"error","event":"2026/01/22 12:08:13 INFO alembic.runtime.migration: Will assume non-transactional DDL.","logger":"task.stderr"}
{"timestamp":"2026-01-22T06:38:13.946699Z","level":"error","event":"2026/01/22 12:08:13 INFO alembic.runtime.migration: Context impl SQLiteImpl.","logger":"task.stderr"}
{"timestamp":"2026-01-22T06:38:13.947015Z","level":"error","event":"2026/01/22 12:08:13 INFO alembic.runtime.migration: Will assume non-transactional DDL.","logger":"task.stderr"}
{"timestamp":"2026-01-22T06:38:13.955733Z","level":"error","event":"2026-01-22 12:08:13 - model_training - INFO - [logger.py:58] - Starting model_training","logger":"task.stderr"}
{"timestamp":"2026-01-22T06:38:13.955749Z","level":"info","event":"Starting model_training","logger":"model_training","filename":"logger.py","lineno":58}
{"timestamp":"2026-01-22T06:38:13.956536Z","level":"error","event":"2026-01-22 12:08:13 - model_training - INFO - [recommender.py:272] - Starting training pipeline for collaborative model","logger":"task.stderr"}
{"timestamp":"2026-01-22T06:38:13.956536Z","level":"info","event":"Starting training pipeline for collaborative model","logger":"model_training","filename":"recommender.py","lineno":272}
{"timestamp":"2026-01-22T06:38:13.961784Z","level":"error","event":"2026-01-22 12:08:13 - model_training - INFO - [recommender.py:285] - Train size: 7928, Test size: 1982","logger":"task.stderr"}
{"timestamp":"2026-01-22T06:38:13.961779Z","level":"info","event":"Train size: 7928, Test size: 1982","logger":"model_training","filename":"recommender.py","lineno":285}
{"timestamp":"2026-01-22T06:38:14.347969Z","level":"error","event":"2026-01-22 12:08:14 - model_training - INFO - [recommender.py:60] - Starting model training","logger":"task.stderr"}
{"timestamp":"2026-01-22T06:38:14.347996Z","level":"info","event":"Starting model training","logger":"model_training","filename":"recommender.py","lineno":60}
{"timestamp":"2026-01-22T06:38:14.362306Z","level":"error","event":"2026-01-22 12:08:14 - model_training - INFO - [recommender.py:79] - Matrix shape: (500, 300)","logger":"task.stderr"}
{"timestamp":"2026-01-22T06:38:14.362303Z","level":"info","event":"Matrix shape: (500, 300)","logger":"model_training","filename":"recommender.py","lineno":79}
{"timestamp":"2026-01-22T06:38:14.363114Z","level":"error","event":"2026-01-22 12:08:14 - model_training - INFO - [recommender.py:87] - Performing SVD with 50 factors","logger":"task.stderr"}
{"timestamp":"2026-01-22T06:38:14.363115Z","level":"info","event":"Performing SVD with 50 factors","logger":"model_training","filename":"recommender.py","lineno":87}
{"timestamp":"2026-01-22T06:38:14.363832Z","level":"error","event":"2026-01-22 12:08:14 - model_training - INFO - [recommender.py:91] - Starting TruncatedSVD computation","logger":"task.stderr"}
{"timestamp":"2026-01-22T06:38:14.363831Z","level":"info","event":"Starting TruncatedSVD computation","logger":"model_training","filename":"recommender.py","lineno":91}
{"timestamp":"2026-01-22T06:38:14.388131Z","level":"error","event":"2026-01-22 12:08:14 - model_training - INFO - [recommender.py:105] - Finished TruncatedSVD computation","logger":"task.stderr"}
{"timestamp":"2026-01-22T06:38:14.388134Z","level":"info","event":"Finished TruncatedSVD computation","logger":"model_training","filename":"recommender.py","lineno":105}
{"timestamp":"2026-01-22T06:38:14.389020Z","level":"error","event":"2026-01-22 12:08:14 - model_training - INFO - [recommender.py:106] - Model training completed","logger":"task.stderr"}
{"timestamp":"2026-01-22T06:38:14.389018Z","level":"info","event":"Model training completed","logger":"model_training","filename":"recommender.py","lineno":106}
{"timestamp":"2026-01-22T06:38:14.389891Z","level":"error","event":"2026-01-22 12:08:14 - model_training - INFO - [recommender.py:188] - Evaluating model","logger":"task.stderr"}
{"timestamp":"2026-01-22T06:38:14.389885Z","level":"info","event":"Evaluating model","logger":"model_training","filename":"recommender.py","lineno":188}
{"timestamp":"2026-01-22T06:38:14.398285Z","level":"error","event":"2026-01-22 12:08:14 - model_training - ERROR - [logger.py:67] - Failed model_training after 0.44s","logger":"task.stderr"}
{"timestamp":"2026-01-22T06:38:14.398284Z","level":"error","event":"Failed model_training after 0.44s","logger":"model_training","filename":"logger.py","lineno":67}
{"timestamp":"2026-01-22T06:38:14.399193Z","level":"error","event":"2026-01-22 12:08:14 - model_training - ERROR - [logger.py:68] - Error: index 557 is out of bounds for axis 0 with size 500","logger":"task.stderr"}
{"timestamp":"2026-01-22T06:38:14.399192Z","level":"error","event":"Error: index 557 is out of bounds for axis 0 with size 500","logger":"model_training","filename":"logger.py","lineno":68}
{"timestamp":"2026-01-22T06:38:14.399344Z","level":"error","event":"Task failed with exception","logger":"task","filename":"task_runner.py","lineno":999,"error_detail":[{"exc_type":"IndexError","exc_value":"index 557 is out of bounds for axis 0 with size 500","exc_notes":[],"syntax_error":null,"is_cause":false,"frames":[{"filename":"/Users/apinto/Documents/BITS WILP/Sem2/Assignment/recomart_pipeline/venv/lib/python3.13/site-packages/airflow/sdk/execution_time/task_runner.py","lineno":925,"name":"run"},{"filename":"/Users/apinto/Documents/BITS WILP/Sem2/Assignment/recomart_pipeline/venv/lib/python3.13/site-packages/airflow/sdk/execution_time/task_runner.py","lineno":1312,"name":"_execute_task"},{"filename":"/Users/apinto/Documents/BITS WILP/Sem2/Assignment/recomart_pipeline/venv/lib/python3.13/site-packages/airflow/sdk/bases/operator.py","lineno":416,"name":"wrapper"},{"filename":"/Users/apinto/Documents/BITS WILP/Sem2/Assignment/recomart_pipeline/venv/lib/python3.13/site-packages/airflow/providers/standard/operators/python.py","lineno":214,"name":"execute"},{"filename":"/Users/apinto/Documents/BITS WILP/Sem2/Assignment/recomart_pipeline/venv/lib/python3.13/site-packages/airflow/providers/standard/operators/python.py","lineno":237,"name":"execute_callable"},{"filename":"/Users/apinto/Documents/BITS WILP/Sem2/Assignment/recomart_pipeline/venv/lib/python3.13/site-packages/airflow/sdk/execution_time/callback_runner.py","lineno":82,"name":"run"},{"filename":"/Users/apinto/Documents/BITS WILP/Sem2/Assignment/recomart_pipeline/airflow/dags/airflow_dag.py","lineno":173,"name":"train_model"},{"filename":"/Users/apinto/Documents/BITS WILP/Sem2/Assignment/recomart_pipeline/src/models/recommender.py","lineno":302,"name":"train_and_evaluate"},{"filename":"/Users/apinto/Documents/BITS WILP/Sem2/Assignment/recomart_pipeline/src/models/recommender.py","lineno":194,"name":"evaluate"},{"filename":"/Users/apinto/Documents/BITS WILP/Sem2/Assignment/recomart_pipeline/src/models/recommender.py","lineno":130,"name":"predict"}],"is_group":false,"exceptions":[]}]}
{"timestamp":"2026-01-22T06:38:14.406994Z","level":"info","event":"Task instance in failure state","logger":"task.stdout"}
{"timestamp":"2026-01-22T06:38:14.407736Z","level":"info","event":"Task start","logger":"task.stdout"}
{"timestamp":"2026-01-22T06:38:14.407766Z","level":"info","event":"Task:<Task(PythonOperator): train>","logger":"task.stdout"}
{"timestamp":"2026-01-22T06:38:14.407792Z","level":"info","event":"Failure caused by index 557 is out of bounds for axis 0 with size 500","logger":"task.stdout"}
