{"timestamp":"2026-01-22T06:28:31.642029Z","level":"info","event":"DAG bundles loaded: dags-folder, example_dags","logger":"airflow.dag_processing.bundles.manager.DagBundlesManager","filename":"manager.py","lineno":179}
{"timestamp":"2026-01-22T06:28:31.642312Z","level":"info","event":"Filling up the DagBag from /Users/apinto/Documents/BITS WILP/Sem2/Assignment/recomart_pipeline/airflow/dags/airflow_dag.py","logger":"airflow.models.dagbag.DagBag","filename":"dagbag.py","lineno":593}
{"timestamp":"2026-01-22T06:28:33.355889Z","level":"warning","event":"The `airflow.operators.python.PythonOperator` attribute is deprecated. Please use `'airflow.providers.standard.operators.python.PythonOperator'`.","category":"DeprecatedImportWarning","filename":"/Users/apinto/Documents/BITS WILP/Sem2/Assignment/recomart_pipeline/airflow/dags/airflow_dag.py","lineno":2,"logger":"py.warnings"}
{"timestamp":"2026-01-22T06:28:33.371616Z","level":"info","event":"Task instance is in running state","logger":"task.stdout"}
{"timestamp":"2026-01-22T06:28:33.371730Z","level":"info","event":" Previous state of the Task instance: TaskInstanceState.QUEUED","logger":"task.stdout"}
{"timestamp":"2026-01-22T06:28:33.372120Z","level":"info","event":"Current task name:train","logger":"task.stdout"}
{"timestamp":"2026-01-22T06:28:33.372179Z","level":"info","event":"Dag name:recomart_recommendation_pipeline","logger":"task.stdout"}
{"timestamp":"2026-01-22T06:28:33.373073Z","level":"info","event":"Starting model training...","logger":"task.stdout"}
{"timestamp":"2026-01-22T06:28:33.575947Z","level":"error","event":"2026/01/22 11:58:33 INFO mlflow.store.db.utils: Creating initial MLflow database tables...","logger":"task.stderr"}
{"timestamp":"2026-01-22T06:28:33.576672Z","level":"error","event":"2026/01/22 11:58:33 INFO mlflow.store.db.utils: Updating database tables","logger":"task.stderr"}
{"timestamp":"2026-01-22T06:28:33.580079Z","level":"error","event":"2026/01/22 11:58:33 INFO alembic.runtime.migration: Context impl SQLiteImpl.","logger":"task.stderr"}
{"timestamp":"2026-01-22T06:28:33.580554Z","level":"error","event":"2026/01/22 11:58:33 INFO alembic.runtime.migration: Will assume non-transactional DDL.","logger":"task.stderr"}
{"timestamp":"2026-01-22T06:28:33.611258Z","level":"error","event":"2026/01/22 11:58:33 INFO alembic.runtime.migration: Context impl SQLiteImpl.","logger":"task.stderr"}
{"timestamp":"2026-01-22T06:28:33.611702Z","level":"error","event":"2026/01/22 11:58:33 INFO alembic.runtime.migration: Will assume non-transactional DDL.","logger":"task.stderr"}
{"timestamp":"2026-01-22T06:28:33.620772Z","level":"error","event":"2026-01-22 11:58:33 - model_training - INFO - [logger.py:58] - Starting model_training","logger":"task.stderr"}
{"timestamp":"2026-01-22T06:28:33.620778Z","level":"info","event":"Starting model_training","logger":"model_training","filename":"logger.py","lineno":58}
{"timestamp":"2026-01-22T06:28:33.621662Z","level":"error","event":"2026-01-22 11:58:33 - model_training - INFO - [recommender.py:259] - Starting training pipeline for collaborative model","logger":"task.stderr"}
{"timestamp":"2026-01-22T06:28:33.621661Z","level":"info","event":"Starting training pipeline for collaborative model","logger":"model_training","filename":"recommender.py","lineno":259}
{"timestamp":"2026-01-22T06:28:33.624963Z","level":"error","event":"2026-01-22 11:58:33 - model_training - INFO - [recommender.py:272] - Train size: 7928, Test size: 1982","logger":"task.stderr"}
{"timestamp":"2026-01-22T06:28:33.624967Z","level":"info","event":"Train size: 7928, Test size: 1982","logger":"model_training","filename":"recommender.py","lineno":272}
{"timestamp":"2026-01-22T06:28:34.093124Z","level":"error","event":"2026-01-22 11:58:34 - model_training - INFO - [recommender.py:57] - Starting model training","logger":"task.stderr"}
{"timestamp":"2026-01-22T06:28:34.093126Z","level":"info","event":"Starting model training","logger":"model_training","filename":"recommender.py","lineno":57}
{"timestamp":"2026-01-22T06:28:34.104664Z","level":"error","event":"2026-01-22 11:58:34 - model_training - INFO - [recommender.py:71] - Matrix shape: (1000, 500)","logger":"task.stderr"}
{"timestamp":"2026-01-22T06:28:34.104584Z","level":"info","event":"Matrix shape: (1000, 500)","logger":"model_training","filename":"recommender.py","lineno":71}
{"timestamp":"2026-01-22T06:28:34.105956Z","level":"error","event":"2026-01-22 11:58:34 - model_training - INFO - [recommender.py:79] - Performing SVD with 50 factors","logger":"task.stderr"}
{"timestamp":"2026-01-22T06:28:34.105953Z","level":"info","event":"Performing SVD with 50 factors","logger":"model_training","filename":"recommender.py","lineno":79}
{"timestamp":"2026-01-22T06:28:34.107759Z","level":"error","event":"2026-01-22 11:58:34 - model_training - INFO - [recommender.py:83] - Starting TruncatedSVD computation","logger":"task.stderr"}
{"timestamp":"2026-01-22T06:28:34.107755Z","level":"info","event":"Starting TruncatedSVD computation","logger":"model_training","filename":"recommender.py","lineno":83}
{"timestamp":"2026-01-22T06:36:45.109478Z","level":"error","event":"Server indicated the task shouldn't be running anymore. Terminating process","detail":{"detail":{"reason":"not_found","message":"Task Instance not found"}},"logger":"task"}
{"timestamp":"2026-01-22T06:36:50.139017Z","level":"error","event":"Task killed!","logger":"task"}
