{"timestamp":"2026-01-22T05:11:58.083468Z","level":"info","event":"DAG bundles loaded: dags-folder, example_dags","logger":"airflow.dag_processing.bundles.manager.DagBundlesManager","filename":"manager.py","lineno":179}
{"timestamp":"2026-01-22T05:11:58.083851Z","level":"info","event":"Filling up the DagBag from /Users/apinto/Documents/BITS WILP/Sem2/Assignment/recomart_pipeline/airflow/dags/airflow_dag.py","logger":"airflow.models.dagbag.DagBag","filename":"dagbag.py","lineno":593}
{"timestamp":"2026-01-22T05:11:59.560419Z","level":"warning","event":"The `airflow.operators.python.PythonOperator` attribute is deprecated. Please use `'airflow.providers.standard.operators.python.PythonOperator'`.","category":"DeprecatedImportWarning","filename":"/Users/apinto/Documents/BITS WILP/Sem2/Assignment/recomart_pipeline/airflow/dags/airflow_dag.py","lineno":2,"logger":"py.warnings"}
{"timestamp":"2026-01-22T05:11:59.571216Z","level":"info","event":"Task instance is in running state","logger":"task.stdout"}
{"timestamp":"2026-01-22T05:11:59.571292Z","level":"info","event":" Previous state of the Task instance: TaskInstanceState.QUEUED","logger":"task.stdout"}
{"timestamp":"2026-01-22T05:11:59.571814Z","level":"info","event":"Current task name:engineer_features","logger":"task.stdout"}
{"timestamp":"2026-01-22T05:11:59.574560Z","level":"info","event":"Dag name:recomart_recommendation_pipeline","logger":"task.stdout"}
{"timestamp":"2026-01-22T05:11:59.574665Z","level":"info","event":"Starting feature engineering...","logger":"task.stdout"}
{"timestamp":"2026-01-22T05:11:59.646234Z","level":"error","event":"2026-01-22 10:41:59 - feature_engineering - INFO - [logger.py:58] - Starting feature_engineering","logger":"task.stderr"}
{"timestamp":"2026-01-22T05:11:59.646219Z","level":"info","event":"Starting feature_engineering","logger":"feature_engineering","filename":"logger.py","lineno":58}
{"timestamp":"2026-01-22T05:11:59.647023Z","level":"error","event":"2026-01-22 10:41:59 - feature_engineering - INFO - [feature_engineer.py:203] - Starting complete feature engineering pipeline","logger":"task.stderr"}
{"timestamp":"2026-01-22T05:11:59.647014Z","level":"info","event":"Starting complete feature engineering pipeline","logger":"feature_engineering","filename":"feature_engineer.py","lineno":203}
{"timestamp":"2026-01-22T05:11:59.648910Z","level":"error","event":"2026-01-22 10:41:59 - feature_engineering - INFO - [logger.py:58] - Starting feature_engineering","logger":"task.stderr"}
{"timestamp":"2026-01-22T05:11:59.648910Z","level":"info","event":"Starting feature_engineering","logger":"feature_engineering","filename":"logger.py","lineno":58}
{"timestamp":"2026-01-22T05:11:59.649647Z","level":"error","event":"2026-01-22 10:41:59 - feature_engineering - INFO - [feature_engineer.py:30] - Creating user features","logger":"task.stderr"}
{"timestamp":"2026-01-22T05:11:59.649646Z","level":"info","event":"Creating user features","logger":"feature_engineering","filename":"feature_engineer.py","lineno":30}
{"timestamp":"2026-01-22T05:11:59.659795Z","level":"error","event":"2026-01-22 10:41:59 - feature_engineering - INFO - [feature_engineer.py:66] - Created 11 user features for 1000 users","logger":"task.stderr"}
{"timestamp":"2026-01-22T05:11:59.659796Z","level":"info","event":"Created 11 user features for 1000 users","logger":"feature_engineering","filename":"feature_engineer.py","lineno":66}
{"timestamp":"2026-01-22T05:11:59.661121Z","level":"error","event":"2026-01-22 10:41:59 - feature_engineering - INFO - [logger.py:65] - Completed feature_engineering in 0.01s","logger":"task.stderr"}
{"timestamp":"2026-01-22T05:11:59.661119Z","level":"info","event":"Completed feature_engineering in 0.01s","logger":"feature_engineering","filename":"logger.py","lineno":65}
{"timestamp":"2026-01-22T05:11:59.662498Z","level":"error","event":"2026-01-22 10:41:59 - feature_engineering - INFO - [feature_engineer.py:207] - User features created: (1000, 11)","logger":"task.stderr"}
{"timestamp":"2026-01-22T05:11:59.662486Z","level":"info","event":"User features created: (1000, 11)","logger":"feature_engineering","filename":"feature_engineer.py","lineno":207}
{"timestamp":"2026-01-22T05:11:59.665683Z","level":"error","event":"2026-01-22 10:41:59 - feature_engineering - INFO - [logger.py:58] - Starting feature_engineering","logger":"task.stderr"}
{"timestamp":"2026-01-22T05:11:59.665681Z","level":"info","event":"Starting feature_engineering","logger":"feature_engineering","filename":"logger.py","lineno":58}
{"timestamp":"2026-01-22T05:11:59.666821Z","level":"error","event":"2026-01-22 10:41:59 - feature_engineering - INFO - [feature_engineer.py:81] - Creating item features","logger":"task.stderr"}
{"timestamp":"2026-01-22T05:11:59.666822Z","level":"info","event":"Creating item features","logger":"feature_engineering","filename":"feature_engineer.py","lineno":81}
{"timestamp":"2026-01-22T05:11:59.670127Z","level":"error","event":"2026-01-22 10:41:59 - feature_engineering - INFO - [feature_engineer.py:116] - Created 8 item features for 500 items","logger":"task.stderr"}
{"timestamp":"2026-01-22T05:11:59.670134Z","level":"info","event":"Created 8 item features for 500 items","logger":"feature_engineering","filename":"feature_engineer.py","lineno":116}
{"timestamp":"2026-01-22T05:11:59.671463Z","level":"error","event":"2026-01-22 10:41:59 - feature_engineering - INFO - [logger.py:65] - Completed feature_engineering in 0.01s","logger":"task.stderr"}
{"timestamp":"2026-01-22T05:11:59.671444Z","level":"info","event":"Completed feature_engineering in 0.01s","logger":"feature_engineering","filename":"logger.py","lineno":65}
{"timestamp":"2026-01-22T05:11:59.672404Z","level":"error","event":"2026-01-22 10:41:59 - feature_engineering - INFO - [feature_engineer.py:211] - Item features created: (500, 8)","logger":"task.stderr"}
{"timestamp":"2026-01-22T05:11:59.672403Z","level":"info","event":"Item features created: (500, 8)","logger":"feature_engineering","filename":"feature_engineer.py","lineno":211}
{"timestamp":"2026-01-22T05:11:59.674589Z","level":"error","event":"2026-01-22 10:41:59 - feature_engineering - INFO - [logger.py:58] - Starting feature_engineering","logger":"task.stderr"}
{"timestamp":"2026-01-22T05:11:59.674584Z","level":"info","event":"Starting feature_engineering","logger":"feature_engineering","filename":"logger.py","lineno":58}
{"timestamp":"2026-01-22T05:11:59.675433Z","level":"error","event":"2026-01-22 10:41:59 - feature_engineering - INFO - [feature_engineer.py:127] - Creating interaction features","logger":"task.stderr"}
{"timestamp":"2026-01-22T05:11:59.675432Z","level":"info","event":"Creating interaction features","logger":"feature_engineering","filename":"feature_engineer.py","lineno":127}
{"timestamp":"2026-01-22T05:11:59.680107Z","level":"error","event":"2026-01-22 10:41:59 - feature_engineering - INFO - [feature_engineer.py:138] - Created interaction features. Total columns: 30","logger":"task.stderr"}
{"timestamp":"2026-01-22T05:11:59.680111Z","level":"info","event":"Created interaction features. Total columns: 30","logger":"feature_engineering","filename":"feature_engineer.py","lineno":138}
{"timestamp":"2026-01-22T05:11:59.682031Z","level":"error","event":"2026-01-22 10:41:59 - feature_engineering - INFO - [logger.py:65] - Completed feature_engineering in 0.01s","logger":"task.stderr"}
{"timestamp":"2026-01-22T05:11:59.682036Z","level":"info","event":"Completed feature_engineering in 0.01s","logger":"feature_engineering","filename":"logger.py","lineno":65}
{"timestamp":"2026-01-22T05:11:59.683219Z","level":"error","event":"2026-01-22 10:41:59 - feature_engineering - INFO - [feature_engineer.py:219] - Interaction features created: (9910, 30)","logger":"task.stderr"}
{"timestamp":"2026-01-22T05:11:59.683220Z","level":"info","event":"Interaction features created: (9910, 30)","logger":"feature_engineering","filename":"feature_engineer.py","lineno":219}
{"timestamp":"2026-01-22T05:11:59.685620Z","level":"error","event":"2026-01-22 10:41:59 - feature_engineering - INFO - [logger.py:58] - Starting feature_engineering","logger":"task.stderr"}
{"timestamp":"2026-01-22T05:11:59.685607Z","level":"info","event":"Starting feature_engineering","logger":"feature_engineering","filename":"logger.py","lineno":58}
{"timestamp":"2026-01-22T05:11:59.686362Z","level":"error","event":"2026-01-22 10:41:59 - feature_engineering - INFO - [feature_engineer.py:171] - Creating temporal features","logger":"task.stderr"}
{"timestamp":"2026-01-22T05:11:59.686358Z","level":"info","event":"Creating temporal features","logger":"feature_engineering","filename":"feature_engineer.py","lineno":171}
{"timestamp":"2026-01-22T05:11:59.822267Z","level":"error","event":"2026-01-22 10:41:59 - feature_engineering - INFO - [feature_engineer.py:190] - Temporal features created","logger":"task.stderr"}
{"timestamp":"2026-01-22T05:11:59.822259Z","level":"info","event":"Temporal features created","logger":"feature_engineering","filename":"feature_engineer.py","lineno":190}
{"timestamp":"2026-01-22T05:11:59.823438Z","level":"error","event":"2026-01-22 10:41:59 - feature_engineering - INFO - [logger.py:65] - Completed feature_engineering in 0.14s","logger":"task.stderr"}
{"timestamp":"2026-01-22T05:11:59.823423Z","level":"info","event":"Completed feature_engineering in 0.14s","logger":"feature_engineering","filename":"logger.py","lineno":65}
{"timestamp":"2026-01-22T05:11:59.824240Z","level":"error","event":"2026-01-22 10:41:59 - feature_engineering - INFO - [feature_engineer.py:223] - Temporal features added: (9910, 33)","logger":"task.stderr"}
{"timestamp":"2026-01-22T05:11:59.824232Z","level":"info","event":"Temporal features added: (9910, 33)","logger":"feature_engineering","filename":"feature_engineer.py","lineno":223}
{"timestamp":"2026-01-22T05:11:59.826038Z","level":"error","event":"2026-01-22 10:41:59 - feature_engineering - INFO - [logger.py:58] - Starting feature_engineering","logger":"task.stderr"}
{"timestamp":"2026-01-22T05:11:59.826023Z","level":"info","event":"Starting feature_engineering","logger":"feature_engineering","filename":"logger.py","lineno":58}
{"timestamp":"2026-01-22T05:11:59.826749Z","level":"error","event":"2026-01-22 10:41:59 - feature_engineering - INFO - [feature_engineer.py:147] - Creating similarity features","logger":"task.stderr"}
{"timestamp":"2026-01-22T05:11:59.826744Z","level":"info","event":"Creating similarity features","logger":"feature_engineering","filename":"feature_engineer.py","lineno":147}
{"timestamp":"2026-01-22T05:33:56.251069Z","level":"error","event":"Process terminated by signal. For more information, see https://airflow.apache.org/docs/apache-airflow/stable/troubleshooting.html#process-terminated-by-signal.","signal":-2,"signal_name":"SIGINT","logger":"task"}
