{"timestamp":"2026-01-22T05:06:51.695365Z","level":"info","event":"DAG bundles loaded: dags-folder, example_dags","logger":"airflow.dag_processing.bundles.manager.DagBundlesManager","filename":"manager.py","lineno":179}
{"timestamp":"2026-01-22T05:06:51.695645Z","level":"info","event":"Filling up the DagBag from /Users/apinto/Documents/BITS WILP/Sem2/Assignment/recomart_pipeline/airflow/dags/airflow_dag.py","logger":"airflow.models.dagbag.DagBag","filename":"dagbag.py","lineno":593}
{"timestamp":"2026-01-22T05:06:53.328406Z","level":"warning","event":"The `airflow.operators.python.PythonOperator` attribute is deprecated. Please use `'airflow.providers.standard.operators.python.PythonOperator'`.","category":"DeprecatedImportWarning","filename":"/Users/apinto/Documents/BITS WILP/Sem2/Assignment/recomart_pipeline/airflow/dags/airflow_dag.py","lineno":2,"logger":"py.warnings"}
{"timestamp":"2026-01-22T05:06:53.352440Z","level":"info","event":"Task instance is in running state","logger":"task.stdout"}
{"timestamp":"2026-01-22T05:06:53.352551Z","level":"info","event":" Previous state of the Task instance: TaskInstanceState.QUEUED","logger":"task.stdout"}
{"timestamp":"2026-01-22T05:06:53.352995Z","level":"info","event":"Current task name:engineer_features","logger":"task.stdout"}
{"timestamp":"2026-01-22T05:06:53.353063Z","level":"info","event":"Dag name:recomart_recommendation_pipeline","logger":"task.stdout"}
{"timestamp":"2026-01-22T05:06:53.353828Z","level":"info","event":"Starting feature engineering...","logger":"task.stdout"}
{"timestamp":"2026-01-22T05:06:53.465814Z","level":"error","event":"2026-01-22 10:36:53 - feature_engineering - INFO - [logger.py:58] - Starting feature_engineering","logger":"task.stderr"}
{"timestamp":"2026-01-22T05:06:53.465798Z","level":"info","event":"Starting feature_engineering","logger":"feature_engineering","filename":"logger.py","lineno":58}
{"timestamp":"2026-01-22T05:06:53.466858Z","level":"error","event":"2026-01-22 10:36:53 - feature_engineering - INFO - [feature_engineer.py:203] - Starting complete feature engineering pipeline","logger":"task.stderr"}
{"timestamp":"2026-01-22T05:06:53.466868Z","level":"info","event":"Starting complete feature engineering pipeline","logger":"feature_engineering","filename":"feature_engineer.py","lineno":203}
{"timestamp":"2026-01-22T05:06:53.469892Z","level":"error","event":"2026-01-22 10:36:53 - feature_engineering - INFO - [logger.py:58] - Starting feature_engineering","logger":"task.stderr"}
{"timestamp":"2026-01-22T05:06:53.469947Z","level":"info","event":"Starting feature_engineering","logger":"feature_engineering","filename":"logger.py","lineno":58}
{"timestamp":"2026-01-22T05:06:53.470933Z","level":"error","event":"2026-01-22 10:36:53 - feature_engineering - INFO - [feature_engineer.py:30] - Creating user features","logger":"task.stderr"}
{"timestamp":"2026-01-22T05:06:53.470930Z","level":"info","event":"Creating user features","logger":"feature_engineering","filename":"feature_engineer.py","lineno":30}
{"timestamp":"2026-01-22T05:06:53.489300Z","level":"error","event":"2026-01-22 10:36:53 - feature_engineering - INFO - [feature_engineer.py:66] - Created 11 user features for 1000 users","logger":"task.stderr"}
{"timestamp":"2026-01-22T05:06:53.489292Z","level":"info","event":"Created 11 user features for 1000 users","logger":"feature_engineering","filename":"feature_engineer.py","lineno":66}
{"timestamp":"2026-01-22T05:06:53.490769Z","level":"error","event":"2026-01-22 10:36:53 - feature_engineering - INFO - [logger.py:65] - Completed feature_engineering in 0.02s","logger":"task.stderr"}
{"timestamp":"2026-01-22T05:06:53.490769Z","level":"info","event":"Completed feature_engineering in 0.02s","logger":"feature_engineering","filename":"logger.py","lineno":65}
{"timestamp":"2026-01-22T05:06:53.491743Z","level":"error","event":"2026-01-22 10:36:53 - feature_engineering - INFO - [feature_engineer.py:207] - User features created: (1000, 11)","logger":"task.stderr"}
{"timestamp":"2026-01-22T05:06:53.491739Z","level":"info","event":"User features created: (1000, 11)","logger":"feature_engineering","filename":"feature_engineer.py","lineno":207}
{"timestamp":"2026-01-22T05:06:53.494287Z","level":"error","event":"2026-01-22 10:36:53 - feature_engineering - INFO - [logger.py:58] - Starting feature_engineering","logger":"task.stderr"}
{"timestamp":"2026-01-22T05:06:53.494288Z","level":"info","event":"Starting feature_engineering","logger":"feature_engineering","filename":"logger.py","lineno":58}
{"timestamp":"2026-01-22T05:06:53.495075Z","level":"error","event":"2026-01-22 10:36:53 - feature_engineering - INFO - [feature_engineer.py:81] - Creating item features","logger":"task.stderr"}
{"timestamp":"2026-01-22T05:06:53.495072Z","level":"info","event":"Creating item features","logger":"feature_engineering","filename":"feature_engineer.py","lineno":81}
{"timestamp":"2026-01-22T05:06:53.498964Z","level":"error","event":"2026-01-22 10:36:53 - feature_engineering - INFO - [feature_engineer.py:116] - Created 8 item features for 500 items","logger":"task.stderr"}
{"timestamp":"2026-01-22T05:06:53.498965Z","level":"info","event":"Created 8 item features for 500 items","logger":"feature_engineering","filename":"feature_engineer.py","lineno":116}
{"timestamp":"2026-01-22T05:06:53.500600Z","level":"error","event":"2026-01-22 10:36:53 - feature_engineering - INFO - [logger.py:65] - Completed feature_engineering in 0.01s","logger":"task.stderr"}
{"timestamp":"2026-01-22T05:06:53.500602Z","level":"info","event":"Completed feature_engineering in 0.01s","logger":"feature_engineering","filename":"logger.py","lineno":65}
{"timestamp":"2026-01-22T05:06:53.501522Z","level":"error","event":"2026-01-22 10:36:53 - feature_engineering - INFO - [feature_engineer.py:211] - Item features created: (500, 8)","logger":"task.stderr"}
{"timestamp":"2026-01-22T05:06:53.501525Z","level":"info","event":"Item features created: (500, 8)","logger":"feature_engineering","filename":"feature_engineer.py","lineno":211}
{"timestamp":"2026-01-22T05:06:53.504227Z","level":"error","event":"2026-01-22 10:36:53 - feature_engineering - INFO - [logger.py:58] - Starting feature_engineering","logger":"task.stderr"}
{"timestamp":"2026-01-22T05:06:53.504226Z","level":"info","event":"Starting feature_engineering","logger":"feature_engineering","filename":"logger.py","lineno":58}
{"timestamp":"2026-01-22T05:06:53.504966Z","level":"error","event":"2026-01-22 10:36:53 - feature_engineering - INFO - [feature_engineer.py:127] - Creating interaction features","logger":"task.stderr"}
{"timestamp":"2026-01-22T05:06:53.504951Z","level":"info","event":"Creating interaction features","logger":"feature_engineering","filename":"feature_engineer.py","lineno":127}
{"timestamp":"2026-01-22T05:06:53.512499Z","level":"error","event":"2026-01-22 10:36:53 - feature_engineering - INFO - [feature_engineer.py:138] - Created interaction features. Total columns: 30","logger":"task.stderr"}
{"timestamp":"2026-01-22T05:06:53.512495Z","level":"info","event":"Created interaction features. Total columns: 30","logger":"feature_engineering","filename":"feature_engineer.py","lineno":138}
{"timestamp":"2026-01-22T05:06:53.513900Z","level":"error","event":"2026-01-22 10:36:53 - feature_engineering - INFO - [logger.py:65] - Completed feature_engineering in 0.01s","logger":"task.stderr"}
{"timestamp":"2026-01-22T05:06:53.513880Z","level":"info","event":"Completed feature_engineering in 0.01s","logger":"feature_engineering","filename":"logger.py","lineno":65}
{"timestamp":"2026-01-22T05:06:53.514791Z","level":"error","event":"2026-01-22 10:36:53 - feature_engineering - INFO - [feature_engineer.py:219] - Interaction features created: (9910, 30)","logger":"task.stderr"}
{"timestamp":"2026-01-22T05:06:53.514790Z","level":"info","event":"Interaction features created: (9910, 30)","logger":"feature_engineering","filename":"feature_engineer.py","lineno":219}
{"timestamp":"2026-01-22T05:06:53.517099Z","level":"error","event":"2026-01-22 10:36:53 - feature_engineering - INFO - [logger.py:58] - Starting feature_engineering","logger":"task.stderr"}
{"timestamp":"2026-01-22T05:06:53.517091Z","level":"info","event":"Starting feature_engineering","logger":"feature_engineering","filename":"logger.py","lineno":58}
{"timestamp":"2026-01-22T05:06:53.518113Z","level":"error","event":"2026-01-22 10:36:53 - feature_engineering - INFO - [feature_engineer.py:171] - Creating temporal features","logger":"task.stderr"}
{"timestamp":"2026-01-22T05:06:53.518102Z","level":"info","event":"Creating temporal features","logger":"feature_engineering","filename":"feature_engineer.py","lineno":171}
{"timestamp":"2026-01-22T05:06:53.655476Z","level":"error","event":"2026-01-22 10:36:53 - feature_engineering - INFO - [feature_engineer.py:190] - Temporal features created","logger":"task.stderr"}
{"timestamp":"2026-01-22T05:06:53.655458Z","level":"info","event":"Temporal features created","logger":"feature_engineering","filename":"feature_engineer.py","lineno":190}
{"timestamp":"2026-01-22T05:06:53.657245Z","level":"error","event":"2026-01-22 10:36:53 - feature_engineering - INFO - [logger.py:65] - Completed feature_engineering in 0.14s","logger":"task.stderr"}
{"timestamp":"2026-01-22T05:06:53.657241Z","level":"info","event":"Completed feature_engineering in 0.14s","logger":"feature_engineering","filename":"logger.py","lineno":65}
{"timestamp":"2026-01-22T05:06:53.658496Z","level":"error","event":"2026-01-22 10:36:53 - feature_engineering - INFO - [feature_engineer.py:223] - Temporal features added: (9910, 33)","logger":"task.stderr"}
{"timestamp":"2026-01-22T05:06:53.658497Z","level":"info","event":"Temporal features added: (9910, 33)","logger":"feature_engineering","filename":"feature_engineer.py","lineno":223}
{"timestamp":"2026-01-22T05:06:53.661069Z","level":"error","event":"2026-01-22 10:36:53 - feature_engineering - INFO - [logger.py:58] - Starting feature_engineering","logger":"task.stderr"}
{"timestamp":"2026-01-22T05:06:53.661065Z","level":"info","event":"Starting feature_engineering","logger":"feature_engineering","filename":"logger.py","lineno":58}
{"timestamp":"2026-01-22T05:06:53.661826Z","level":"error","event":"2026-01-22 10:36:53 - feature_engineering - INFO - [feature_engineer.py:147] - Creating similarity features","logger":"task.stderr"}
{"timestamp":"2026-01-22T05:06:53.661819Z","level":"info","event":"Creating similarity features","logger":"feature_engineering","filename":"feature_engineer.py","lineno":147}
{"timestamp":"2026-01-22T05:08:43.883255Z","level":"error","event":"Server indicated the task shouldn't be running anymore. Terminating process","detail":{"detail":{"reason":"not_found","message":"Task Instance not found"}},"logger":"task"}
{"timestamp":"2026-01-22T05:08:48.907533Z","level":"error","event":"Task killed!","logger":"task"}
