{"timestamp":"2026-01-22T05:08:50.964981Z","level":"info","event":"DAG bundles loaded: dags-folder, example_dags","logger":"airflow.dag_processing.bundles.manager.DagBundlesManager","filename":"manager.py","lineno":179}
{"timestamp":"2026-01-22T05:08:50.965338Z","level":"info","event":"Filling up the DagBag from /Users/apinto/Documents/BITS WILP/Sem2/Assignment/recomart_pipeline/airflow/dags/airflow_dag.py","logger":"airflow.models.dagbag.DagBag","filename":"dagbag.py","lineno":593}
{"timestamp":"2026-01-22T05:08:52.858920Z","level":"warning","event":"The `airflow.operators.python.PythonOperator` attribute is deprecated. Please use `'airflow.providers.standard.operators.python.PythonOperator'`.","category":"DeprecatedImportWarning","filename":"/Users/apinto/Documents/BITS WILP/Sem2/Assignment/recomart_pipeline/airflow/dags/airflow_dag.py","lineno":2,"logger":"py.warnings"}
{"timestamp":"2026-01-22T05:08:52.881670Z","level":"info","event":"Task instance is in running state","logger":"task.stdout"}
{"timestamp":"2026-01-22T05:08:52.881777Z","level":"info","event":" Previous state of the Task instance: TaskInstanceState.QUEUED","logger":"task.stdout"}
{"timestamp":"2026-01-22T05:08:52.882281Z","level":"info","event":"Current task name:engineer_features","logger":"task.stdout"}
{"timestamp":"2026-01-22T05:08:52.882321Z","level":"info","event":"Dag name:recomart_recommendation_pipeline","logger":"task.stdout"}
{"timestamp":"2026-01-22T05:08:52.883212Z","level":"info","event":"Starting feature engineering...","logger":"task.stdout"}
{"timestamp":"2026-01-22T05:08:53.004617Z","level":"error","event":"2026-01-22 10:38:53 - feature_engineering - INFO - [logger.py:58] - Starting feature_engineering","logger":"task.stderr"}
{"timestamp":"2026-01-22T05:08:53.004615Z","level":"info","event":"Starting feature_engineering","logger":"feature_engineering","filename":"logger.py","lineno":58}
{"timestamp":"2026-01-22T05:08:53.005366Z","level":"error","event":"2026-01-22 10:38:53 - feature_engineering - INFO - [feature_engineer.py:203] - Starting complete feature engineering pipeline","logger":"task.stderr"}
{"timestamp":"2026-01-22T05:08:53.005365Z","level":"info","event":"Starting complete feature engineering pipeline","logger":"feature_engineering","filename":"feature_engineer.py","lineno":203}
{"timestamp":"2026-01-22T05:08:53.007610Z","level":"error","event":"2026-01-22 10:38:53 - feature_engineering - INFO - [logger.py:58] - Starting feature_engineering","logger":"task.stderr"}
{"timestamp":"2026-01-22T05:08:53.007609Z","level":"info","event":"Starting feature_engineering","logger":"feature_engineering","filename":"logger.py","lineno":58}
{"timestamp":"2026-01-22T05:08:53.008410Z","level":"error","event":"2026-01-22 10:38:53 - feature_engineering - INFO - [feature_engineer.py:30] - Creating user features","logger":"task.stderr"}
{"timestamp":"2026-01-22T05:08:53.008406Z","level":"info","event":"Creating user features","logger":"feature_engineering","filename":"feature_engineer.py","lineno":30}
{"timestamp":"2026-01-22T05:08:53.025026Z","level":"error","event":"2026-01-22 10:38:53 - feature_engineering - INFO - [feature_engineer.py:66] - Created 11 user features for 1000 users","logger":"task.stderr"}
{"timestamp":"2026-01-22T05:08:53.025034Z","level":"info","event":"Created 11 user features for 1000 users","logger":"feature_engineering","filename":"feature_engineer.py","lineno":66}
{"timestamp":"2026-01-22T05:08:53.026817Z","level":"error","event":"2026-01-22 10:38:53 - feature_engineering - INFO - [logger.py:65] - Completed feature_engineering in 0.02s","logger":"task.stderr"}
{"timestamp":"2026-01-22T05:08:53.026802Z","level":"info","event":"Completed feature_engineering in 0.02s","logger":"feature_engineering","filename":"logger.py","lineno":65}
{"timestamp":"2026-01-22T05:08:53.027888Z","level":"error","event":"2026-01-22 10:38:53 - feature_engineering - INFO - [feature_engineer.py:207] - User features created: (1000, 11)","logger":"task.stderr"}
{"timestamp":"2026-01-22T05:08:53.027888Z","level":"info","event":"User features created: (1000, 11)","logger":"feature_engineering","filename":"feature_engineer.py","lineno":207}
{"timestamp":"2026-01-22T05:08:53.031305Z","level":"error","event":"2026-01-22 10:38:53 - feature_engineering - INFO - [logger.py:58] - Starting feature_engineering","logger":"task.stderr"}
{"timestamp":"2026-01-22T05:08:53.031270Z","level":"info","event":"Starting feature_engineering","logger":"feature_engineering","filename":"logger.py","lineno":58}
{"timestamp":"2026-01-22T05:08:53.032342Z","level":"error","event":"2026-01-22 10:38:53 - feature_engineering - INFO - [feature_engineer.py:81] - Creating item features","logger":"task.stderr"}
{"timestamp":"2026-01-22T05:08:53.032348Z","level":"info","event":"Creating item features","logger":"feature_engineering","filename":"feature_engineer.py","lineno":81}
{"timestamp":"2026-01-22T05:08:53.036058Z","level":"error","event":"2026-01-22 10:38:53 - feature_engineering - INFO - [feature_engineer.py:116] - Created 8 item features for 500 items","logger":"task.stderr"}
{"timestamp":"2026-01-22T05:08:53.036061Z","level":"info","event":"Created 8 item features for 500 items","logger":"feature_engineering","filename":"feature_engineer.py","lineno":116}
{"timestamp":"2026-01-22T05:08:53.037257Z","level":"error","event":"2026-01-22 10:38:53 - feature_engineering - INFO - [logger.py:65] - Completed feature_engineering in 0.01s","logger":"task.stderr"}
{"timestamp":"2026-01-22T05:08:53.037255Z","level":"info","event":"Completed feature_engineering in 0.01s","logger":"feature_engineering","filename":"logger.py","lineno":65}
{"timestamp":"2026-01-22T05:08:53.038383Z","level":"error","event":"2026-01-22 10:38:53 - feature_engineering - INFO - [feature_engineer.py:211] - Item features created: (500, 8)","logger":"task.stderr"}
{"timestamp":"2026-01-22T05:08:53.038398Z","level":"info","event":"Item features created: (500, 8)","logger":"feature_engineering","filename":"feature_engineer.py","lineno":211}
{"timestamp":"2026-01-22T05:08:53.040725Z","level":"error","event":"2026-01-22 10:38:53 - feature_engineering - INFO - [logger.py:58] - Starting feature_engineering","logger":"task.stderr"}
{"timestamp":"2026-01-22T05:08:53.040712Z","level":"info","event":"Starting feature_engineering","logger":"feature_engineering","filename":"logger.py","lineno":58}
{"timestamp":"2026-01-22T05:08:53.041442Z","level":"error","event":"2026-01-22 10:38:53 - feature_engineering - INFO - [feature_engineer.py:127] - Creating interaction features","logger":"task.stderr"}
{"timestamp":"2026-01-22T05:08:53.041436Z","level":"info","event":"Creating interaction features","logger":"feature_engineering","filename":"feature_engineer.py","lineno":127}
{"timestamp":"2026-01-22T05:08:53.047263Z","level":"error","event":"2026-01-22 10:38:53 - feature_engineering - INFO - [feature_engineer.py:138] - Created interaction features. Total columns: 30","logger":"task.stderr"}
{"timestamp":"2026-01-22T05:08:53.047260Z","level":"info","event":"Created interaction features. Total columns: 30","logger":"feature_engineering","filename":"feature_engineer.py","lineno":138}
{"timestamp":"2026-01-22T05:08:53.048961Z","level":"error","event":"2026-01-22 10:38:53 - feature_engineering - INFO - [logger.py:65] - Completed feature_engineering in 0.01s","logger":"task.stderr"}
{"timestamp":"2026-01-22T05:08:53.048967Z","level":"info","event":"Completed feature_engineering in 0.01s","logger":"feature_engineering","filename":"logger.py","lineno":65}
{"timestamp":"2026-01-22T05:08:53.050074Z","level":"error","event":"2026-01-22 10:38:53 - feature_engineering - INFO - [feature_engineer.py:219] - Interaction features created: (9910, 30)","logger":"task.stderr"}
{"timestamp":"2026-01-22T05:08:53.049979Z","level":"info","event":"Interaction features created: (9910, 30)","logger":"feature_engineering","filename":"feature_engineer.py","lineno":219}
{"timestamp":"2026-01-22T05:08:53.052359Z","level":"error","event":"2026-01-22 10:38:53 - feature_engineering - INFO - [logger.py:58] - Starting feature_engineering","logger":"task.stderr"}
{"timestamp":"2026-01-22T05:08:53.052351Z","level":"info","event":"Starting feature_engineering","logger":"feature_engineering","filename":"logger.py","lineno":58}
{"timestamp":"2026-01-22T05:08:53.053120Z","level":"error","event":"2026-01-22 10:38:53 - feature_engineering - INFO - [feature_engineer.py:171] - Creating temporal features","logger":"task.stderr"}
{"timestamp":"2026-01-22T05:08:53.053107Z","level":"info","event":"Creating temporal features","logger":"feature_engineering","filename":"feature_engineer.py","lineno":171}
{"timestamp":"2026-01-22T05:08:53.193865Z","level":"error","event":"2026-01-22 10:38:53 - feature_engineering - INFO - [feature_engineer.py:190] - Temporal features created","logger":"task.stderr"}
{"timestamp":"2026-01-22T05:08:53.193861Z","level":"info","event":"Temporal features created","logger":"feature_engineering","filename":"feature_engineer.py","lineno":190}
{"timestamp":"2026-01-22T05:08:53.195469Z","level":"error","event":"2026-01-22 10:38:53 - feature_engineering - INFO - [logger.py:65] - Completed feature_engineering in 0.14s","logger":"task.stderr"}
{"timestamp":"2026-01-22T05:08:53.195455Z","level":"info","event":"Completed feature_engineering in 0.14s","logger":"feature_engineering","filename":"logger.py","lineno":65}
{"timestamp":"2026-01-22T05:08:53.196293Z","level":"error","event":"2026-01-22 10:38:53 - feature_engineering - INFO - [feature_engineer.py:223] - Temporal features added: (9910, 33)","logger":"task.stderr"}
{"timestamp":"2026-01-22T05:08:53.196289Z","level":"info","event":"Temporal features added: (9910, 33)","logger":"feature_engineering","filename":"feature_engineer.py","lineno":223}
{"timestamp":"2026-01-22T05:08:53.198608Z","level":"error","event":"2026-01-22 10:38:53 - feature_engineering - INFO - [logger.py:58] - Starting feature_engineering","logger":"task.stderr"}
{"timestamp":"2026-01-22T05:08:53.198603Z","level":"info","event":"Starting feature_engineering","logger":"feature_engineering","filename":"logger.py","lineno":58}
{"timestamp":"2026-01-22T05:08:53.200084Z","level":"error","event":"2026-01-22 10:38:53 - feature_engineering - INFO - [feature_engineer.py:147] - Creating similarity features","logger":"task.stderr"}
{"timestamp":"2026-01-22T05:08:53.199501Z","level":"info","event":"Creating similarity features","logger":"feature_engineering","filename":"feature_engineer.py","lineno":147}
{"timestamp":"2026-01-22T05:09:03.223251Z","level":"error","event":"Server indicated the task shouldn't be running anymore. Terminating process","detail":{"detail":{"reason":"not_found","message":"Task Instance not found"}},"logger":"task"}
{"timestamp":"2026-01-22T05:09:08.243954Z","level":"error","event":"Task killed!","logger":"task"}
