{"timestamp":"2026-01-22T06:08:00.781287Z","level":"info","event":"DAG bundles loaded: dags-folder, example_dags","logger":"airflow.dag_processing.bundles.manager.DagBundlesManager","filename":"manager.py","lineno":179}
{"timestamp":"2026-01-22T06:08:00.781551Z","level":"info","event":"Filling up the DagBag from /Users/apinto/Documents/BITS WILP/Sem2/Assignment/recomart_pipeline/airflow/dags/airflow_dag.py","logger":"airflow.models.dagbag.DagBag","filename":"dagbag.py","lineno":593}
{"timestamp":"2026-01-22T06:08:02.438134Z","level":"warning","event":"The `airflow.operators.python.PythonOperator` attribute is deprecated. Please use `'airflow.providers.standard.operators.python.PythonOperator'`.","category":"DeprecatedImportWarning","filename":"/Users/apinto/Documents/BITS WILP/Sem2/Assignment/recomart_pipeline/airflow/dags/airflow_dag.py","lineno":2,"logger":"py.warnings"}
{"timestamp":"2026-01-22T06:08:02.450061Z","level":"info","event":"Task instance is in running state","logger":"task.stdout"}
{"timestamp":"2026-01-22T06:08:02.450154Z","level":"info","event":" Previous state of the Task instance: TaskInstanceState.QUEUED","logger":"task.stdout"}
{"timestamp":"2026-01-22T06:08:02.450539Z","level":"info","event":"Current task name:engineer_features","logger":"task.stdout"}
{"timestamp":"2026-01-22T06:08:02.450585Z","level":"info","event":"Dag name:recomart_recommendation_pipeline","logger":"task.stdout"}
{"timestamp":"2026-01-22T06:08:02.451260Z","level":"info","event":"Starting feature engineering...","logger":"task.stdout"}
{"timestamp":"2026-01-22T06:08:02.524462Z","level":"error","event":"2026-01-22 11:38:02 - feature_engineering - INFO - [logger.py:58] - Starting feature_engineering","logger":"task.stderr"}
{"timestamp":"2026-01-22T06:08:02.524454Z","level":"info","event":"Starting feature_engineering","logger":"feature_engineering","filename":"logger.py","lineno":58}
{"timestamp":"2026-01-22T06:08:02.525232Z","level":"error","event":"2026-01-22 11:38:02 - feature_engineering - INFO - [feature_engineer.py:204] - Starting complete feature engineering pipeline","logger":"task.stderr"}
{"timestamp":"2026-01-22T06:08:02.525226Z","level":"info","event":"Starting complete feature engineering pipeline","logger":"feature_engineering","filename":"feature_engineer.py","lineno":204}
{"timestamp":"2026-01-22T06:08:02.525968Z","level":"error","event":"2026-01-22 11:38:02 - feature_engineering - INFO - [feature_engineer.py:30] - Creating user features","logger":"task.stderr"}
{"timestamp":"2026-01-22T06:08:02.525962Z","level":"info","event":"Creating user features","logger":"feature_engineering","filename":"feature_engineer.py","lineno":30}
{"timestamp":"2026-01-22T06:08:02.537923Z","level":"error","event":"2026-01-22 11:38:02 - feature_engineering - INFO - [feature_engineer.py:66] - Created 11 user features for 1000 users","logger":"task.stderr"}
{"timestamp":"2026-01-22T06:08:02.537918Z","level":"info","event":"Created 11 user features for 1000 users","logger":"feature_engineering","filename":"feature_engineer.py","lineno":66}
{"timestamp":"2026-01-22T06:08:02.538649Z","level":"error","event":"2026-01-22 11:38:02 - feature_engineering - INFO - [feature_engineer.py:208] - User features created: (1000, 11)","logger":"task.stderr"}
{"timestamp":"2026-01-22T06:08:02.538645Z","level":"info","event":"User features created: (1000, 11)","logger":"feature_engineering","filename":"feature_engineer.py","lineno":208}
{"timestamp":"2026-01-22T06:08:02.539399Z","level":"error","event":"2026-01-22 11:38:02 - feature_engineering - INFO - [feature_engineer.py:81] - Creating item features","logger":"task.stderr"}
{"timestamp":"2026-01-22T06:08:02.539393Z","level":"info","event":"Creating item features","logger":"feature_engineering","filename":"feature_engineer.py","lineno":81}
{"timestamp":"2026-01-22T06:08:02.542195Z","level":"error","event":"2026-01-22 11:38:02 - feature_engineering - INFO - [feature_engineer.py:116] - Created 8 item features for 500 items","logger":"task.stderr"}
{"timestamp":"2026-01-22T06:08:02.542195Z","level":"info","event":"Created 8 item features for 500 items","logger":"feature_engineering","filename":"feature_engineer.py","lineno":116}
{"timestamp":"2026-01-22T06:08:02.543128Z","level":"error","event":"2026-01-22 11:38:02 - feature_engineering - INFO - [feature_engineer.py:212] - Item features created: (500, 8)","logger":"task.stderr"}
{"timestamp":"2026-01-22T06:08:02.543125Z","level":"info","event":"Item features created: (500, 8)","logger":"feature_engineering","filename":"feature_engineer.py","lineno":212}
{"timestamp":"2026-01-22T06:08:02.543856Z","level":"error","event":"2026-01-22 11:38:02 - feature_engineering - INFO - [feature_engineer.py:127] - Creating interaction features","logger":"task.stderr"}
{"timestamp":"2026-01-22T06:08:02.543852Z","level":"info","event":"Creating interaction features","logger":"feature_engineering","filename":"feature_engineer.py","lineno":127}
{"timestamp":"2026-01-22T06:08:02.549042Z","level":"error","event":"2026-01-22 11:38:02 - feature_engineering - INFO - [feature_engineer.py:138] - Created interaction features. Total columns: 30","logger":"task.stderr"}
{"timestamp":"2026-01-22T06:08:02.549036Z","level":"info","event":"Created interaction features. Total columns: 30","logger":"feature_engineering","filename":"feature_engineer.py","lineno":138}
{"timestamp":"2026-01-22T06:08:02.549788Z","level":"error","event":"2026-01-22 11:38:02 - feature_engineering - INFO - [feature_engineer.py:221] - Interaction features created: (9910, 30)","logger":"task.stderr"}
{"timestamp":"2026-01-22T06:08:02.549783Z","level":"info","event":"Interaction features created: (9910, 30)","logger":"feature_engineering","filename":"feature_engineer.py","lineno":221}
{"timestamp":"2026-01-22T06:08:02.550484Z","level":"error","event":"2026-01-22 11:38:02 - feature_engineering - INFO - [feature_engineer.py:172] - Creating temporal features","logger":"task.stderr"}
{"timestamp":"2026-01-22T06:08:02.550478Z","level":"info","event":"Creating temporal features","logger":"feature_engineering","filename":"feature_engineer.py","lineno":172}
{"timestamp":"2026-01-22T06:08:02.679402Z","level":"error","event":"2026-01-22 11:38:02 - feature_engineering - INFO - [feature_engineer.py:191] - Temporal features created","logger":"task.stderr"}
{"timestamp":"2026-01-22T06:08:02.679400Z","level":"info","event":"Temporal features created","logger":"feature_engineering","filename":"feature_engineer.py","lineno":191}
{"timestamp":"2026-01-22T06:08:02.680543Z","level":"error","event":"2026-01-22 11:38:02 - feature_engineering - INFO - [feature_engineer.py:225] - Temporal features added: (9910, 33)","logger":"task.stderr"}
{"timestamp":"2026-01-22T06:08:02.680540Z","level":"info","event":"Temporal features added: (9910, 33)","logger":"feature_engineering","filename":"feature_engineer.py","lineno":225}
{"timestamp":"2026-01-22T06:08:02.681717Z","level":"error","event":"2026-01-22 11:38:02 - feature_engineering - INFO - [feature_engineer.py:147] - Creating similarity features","logger":"task.stderr"}
{"timestamp":"2026-01-22T06:08:02.681714Z","level":"info","event":"Creating similarity features","logger":"feature_engineering","filename":"feature_engineer.py","lineno":147}
{"timestamp":"2026-01-22T06:08:02.694189Z","level":"error","event":"2026-01-22 11:38:02 - feature_engineering - INFO - [feature_engineer.py:165] - Computed similarity matrix: (500, 500)","logger":"task.stderr"}
{"timestamp":"2026-01-22T06:08:02.694185Z","level":"info","event":"Computed similarity matrix: (500, 500)","logger":"feature_engineering","filename":"feature_engineer.py","lineno":165}
{"timestamp":"2026-01-22T06:08:02.695155Z","level":"error","event":"2026-01-22 11:38:02 - feature_engineering - INFO - [feature_engineer.py:230] - Similarity features created: (500, 500)","logger":"task.stderr"}
{"timestamp":"2026-01-22T06:08:02.695150Z","level":"info","event":"Similarity features created: (500, 500)","logger":"feature_engineering","filename":"feature_engineer.py","lineno":230}
{"timestamp":"2026-01-22T06:08:02.750385Z","level":"error","event":"2026-01-22 11:38:02 - feature_engineering - INFO - [feature_engineer.py:237] - All features saved to the feature store","logger":"task.stderr"}
{"timestamp":"2026-01-22T06:08:02.750309Z","level":"info","event":"All features saved to the feature store","logger":"feature_engineering","filename":"feature_engineer.py","lineno":237}
{"timestamp":"2026-01-22T06:08:02.751120Z","level":"error","event":"2026-01-22 11:38:02 - feature_engineering - INFO - [feature_engineer.py:239] - Feature engineering pipeline completed successfully","logger":"task.stderr"}
{"timestamp":"2026-01-22T06:08:02.751114Z","level":"info","event":"Feature engineering pipeline completed successfully","logger":"feature_engineering","filename":"feature_engineer.py","lineno":239}
{"timestamp":"2026-01-22T06:08:02.752197Z","level":"error","event":"2026-01-22 11:38:02 - feature_engineering - INFO - [logger.py:65] - Completed feature_engineering in 0.23s","logger":"task.stderr"}
{"timestamp":"2026-01-22T06:08:02.752187Z","level":"info","event":"Completed feature_engineering in 0.23s","logger":"feature_engineering","filename":"logger.py","lineno":65}
{"timestamp":"2026-01-22T06:08:02.760343Z","level":"info","event":"Created features for 1000 users","logger":"task.stdout"}
{"timestamp":"2026-01-22T06:08:02.760418Z","level":"info","event":"Created features for 500 items","logger":"task.stdout"}
{"timestamp":"2026-01-22T06:08:02.760925Z","level":"info","event":"Done. Returned value was: True","logger":"airflow.task.operators.airflow.providers.standard.operators.python.PythonOperator","filename":"python.py","lineno":216}
{"timestamp":"2026-01-22T06:08:02.761036Z","level":"info","event":"Pushing xcom","ti":"RuntimeTaskInstance(id=UUID('019be450-edb3-7272-ae62-7a986d1511e5'), task_id='engineer_features', dag_id='recomart_recommendation_pipeline', run_id='manual__2026-01-22T06:07:46+00:00', try_number=1, dag_version_id=UUID('019be403-d3b1-7598-97fa-b6894e3d00a9'), map_index=-1, hostname='apinto-mbp', context_carrier={}, task=<Task(PythonOperator): engineer_features>, bundle_instance=LocalDagBundle(name=dags-folder), max_tries=2, start_date=datetime.datetime(2026, 1, 22, 6, 8, 0, 403787, tzinfo=datetime.timezone.utc), end_date=None, state=<TaskInstanceState.RUNNING: 'running'>, is_mapped=False, rendered_map_index=None)","logger":"task","filename":"task_runner.py","lineno":1357}
{"timestamp":"2026-01-22T06:08:02.768925Z","level":"info","event":"Task instance in success state","logger":"task.stdout"}
{"timestamp":"2026-01-22T06:08:02.768975Z","level":"info","event":" Previous state of the Task instance: TaskInstanceState.RUNNING","logger":"task.stdout"}
{"timestamp":"2026-01-22T06:08:02.769491Z","level":"info","event":"Task operator:<Task(PythonOperator): engineer_features>","logger":"task.stdout"}
