{"timestamp":"2026-01-22T07:02:55.619917Z","level":"info","event":"DAG bundles loaded: dags-folder, example_dags","logger":"airflow.dag_processing.bundles.manager.DagBundlesManager","filename":"manager.py","lineno":179}
{"timestamp":"2026-01-22T07:02:55.620250Z","level":"info","event":"Filling up the DagBag from /Users/apinto/Documents/BITS WILP/Sem2/Assignment/recomart_pipeline/airflow/dags/airflow_dag.py","logger":"airflow.models.dagbag.DagBag","filename":"dagbag.py","lineno":593}
{"timestamp":"2026-01-22T07:02:57.746096Z","level":"warning","event":"The `airflow.operators.python.PythonOperator` attribute is deprecated. Please use `'airflow.providers.standard.operators.python.PythonOperator'`.","category":"DeprecatedImportWarning","filename":"/Users/apinto/Documents/BITS WILP/Sem2/Assignment/recomart_pipeline/airflow/dags/airflow_dag.py","lineno":2,"logger":"py.warnings"}
{"timestamp":"2026-01-22T07:02:57.856511Z","level":"info","event":"Task instance is in running state","logger":"task.stdout"}
{"timestamp":"2026-01-22T07:02:57.856633Z","level":"info","event":" Previous state of the Task instance: TaskInstanceState.QUEUED","logger":"task.stdout"}
{"timestamp":"2026-01-22T07:02:57.857142Z","level":"info","event":"Current task name:ingest_csv","logger":"task.stdout"}
{"timestamp":"2026-01-22T07:02:57.857198Z","level":"info","event":"Dag name:recomart_recommendation_pipeline","logger":"task.stdout"}
{"timestamp":"2026-01-22T07:02:57.858304Z","level":"info","event":"Starting CSV data ingestion...","logger":"task.stdout"}
{"timestamp":"2026-01-22T07:02:57.860899Z","level":"error","event":"2026-01-22 12:32:57 - csv_ingestion - INFO - [logger.py:58] - Starting csv_ingestion","logger":"task.stderr"}
{"timestamp":"2026-01-22T07:02:57.860969Z","level":"info","event":"Starting csv_ingestion","logger":"csv_ingestion","filename":"logger.py","lineno":58}
{"timestamp":"2026-01-22T07:02:57.863099Z","level":"error","event":"2026-01-22 12:32:57 - csv_ingestion - INFO - [csv_ingestion.py:76] - Generating sample user interaction data","logger":"task.stderr"}
{"timestamp":"2026-01-22T07:02:57.863152Z","level":"info","event":"Generating sample user interaction data","logger":"csv_ingestion","filename":"csv_ingestion.py","lineno":76}
{"timestamp":"2026-01-22T07:02:57.864789Z","level":"warning","event":"'H' is deprecated and will be removed in a future version, please use 'h' instead.","category":"FutureWarning","filename":"/Users/apinto/Documents/BITS WILP/Sem2/Assignment/recomart_pipeline/src/ingestion/csv_ingestion.py","lineno":88,"logger":"py.warnings"}
{"timestamp":"2026-01-22T07:02:57.894658Z","level":"error","event":"2026-01-22 12:32:57 - csv_ingestion - INFO - [csv_ingestion.py:99] - Generated 9910 sample interactions","logger":"task.stderr"}
{"timestamp":"2026-01-22T07:02:57.894647Z","level":"info","event":"Generated 9910 sample interactions","logger":"csv_ingestion","filename":"csv_ingestion.py","lineno":99}
{"timestamp":"2026-01-22T07:02:57.895774Z","level":"error","event":"2026-01-22 12:32:57 - csv_ingestion - INFO - [csv_ingestion.py:100] - Saved to: data/raw/user_interactions.csv","logger":"task.stderr"}
{"timestamp":"2026-01-22T07:02:57.895797Z","level":"info","event":"Saved to: data/raw/user_interactions.csv","logger":"csv_ingestion","filename":"csv_ingestion.py","lineno":100}
{"timestamp":"2026-01-22T07:02:57.897216Z","level":"error","event":"2026-01-22 12:32:57 - csv_ingestion - INFO - [logger.py:65] - Completed csv_ingestion in 0.04s","logger":"task.stderr"}
{"timestamp":"2026-01-22T07:02:57.897218Z","level":"info","event":"Completed csv_ingestion in 0.04s","logger":"csv_ingestion","filename":"logger.py","lineno":65}
{"timestamp":"2026-01-22T07:02:57.899560Z","level":"error","event":"2026-01-22 12:32:57 - csv_ingestion - INFO - [logger.py:58] - Starting csv_ingestion","logger":"task.stderr"}
{"timestamp":"2026-01-22T07:02:57.899529Z","level":"info","event":"Starting csv_ingestion","logger":"csv_ingestion","filename":"logger.py","lineno":58}
{"timestamp":"2026-01-22T07:02:57.900328Z","level":"error","event":"2026-01-22 12:32:57 - csv_ingestion - INFO - [csv_ingestion.py:35] - Attempting to ingest data/raw/user_interactions.csv (attempt 1)","logger":"task.stderr"}
{"timestamp":"2026-01-22T07:02:57.900320Z","level":"info","event":"Attempting to ingest data/raw/user_interactions.csv (attempt 1)","logger":"csv_ingestion","filename":"csv_ingestion.py","lineno":35}
{"timestamp":"2026-01-22T07:02:57.908893Z","level":"error","event":"2026-01-22 12:32:57 - csv_ingestion - INFO - [csv_ingestion.py:39] - Successfully loaded 9910 rows from data/raw/user_interactions.csv","logger":"task.stderr"}
{"timestamp":"2026-01-22T07:02:57.908881Z","level":"info","event":"Successfully loaded 9910 rows from data/raw/user_interactions.csv","logger":"csv_ingestion","filename":"csv_ingestion.py","lineno":39}
{"timestamp":"2026-01-22T07:02:57.909788Z","level":"error","event":"2026-01-22 12:32:57 - csv_ingestion - INFO - [csv_ingestion.py:40] - Columns: ['user_id', 'item_id', 'rating', 'timestamp']","logger":"task.stderr"}
{"timestamp":"2026-01-22T07:02:57.909795Z","level":"info","event":"Columns: ['user_id', 'item_id', 'rating', 'timestamp']","logger":"csv_ingestion","filename":"csv_ingestion.py","lineno":40}
{"timestamp":"2026-01-22T07:02:57.910550Z","level":"error","event":"2026-01-22 12:32:57 - csv_ingestion - INFO - [csv_ingestion.py:41] - Shape: (9910, 4)","logger":"task.stderr"}
{"timestamp":"2026-01-22T07:02:57.910549Z","level":"info","event":"Shape: (9910, 4)","logger":"csv_ingestion","filename":"csv_ingestion.py","lineno":41}
{"timestamp":"2026-01-22T07:02:57.921449Z","level":"error","event":"2026-01-22 12:32:57 - csv_ingestion - INFO - [csv_ingestion.py:50] - Saved raw data to: data/raw/user_behavior/2026/01/22/interactions/interactions_20260122_123257.csv","logger":"task.stderr"}
{"timestamp":"2026-01-22T07:02:57.921488Z","level":"info","event":"Saved raw data to: data/raw/user_behavior/2026/01/22/interactions/interactions_20260122_123257.csv","logger":"csv_ingestion","filename":"csv_ingestion.py","lineno":50}
{"timestamp":"2026-01-22T07:02:57.922644Z","level":"error","event":"2026-01-22 12:32:57 - csv_ingestion - INFO - [logger.py:65] - Completed csv_ingestion in 0.02s","logger":"task.stderr"}
{"timestamp":"2026-01-22T07:02:57.922685Z","level":"info","event":"Completed csv_ingestion in 0.02s","logger":"csv_ingestion","filename":"logger.py","lineno":65}
{"timestamp":"2026-01-22T07:02:57.942212Z","level":"info","event":"Ingested 9910 interactions","logger":"task.stdout"}
{"timestamp":"2026-01-22T07:02:57.942338Z","level":"info","event":"Done. Returned value was: data/raw/user_behavior/2026/01/22/interactions/interactions_20260122_123257.csv","logger":"airflow.task.operators.airflow.providers.standard.operators.python.PythonOperator","filename":"python.py","lineno":216}
{"timestamp":"2026-01-22T07:02:57.942485Z","level":"info","event":"Pushing xcom","ti":"RuntimeTaskInstance(id=UUID('019be483-58dc-7e59-9e44-15b68b610562'), task_id='ingest_csv', dag_id='recomart_recommendation_pipeline', run_id='manual__2026-01-22T07:02:50+00:00', try_number=1, dag_version_id=UUID('019be483-4b20-7641-8635-67f364380c0a'), map_index=-1, hostname='apinto-mbp', context_carrier={}, task=<Task(PythonOperator): ingest_csv>, bundle_instance=LocalDagBundle(name=dags-folder), max_tries=2, start_date=datetime.datetime(2026, 1, 22, 7, 2, 54, 231865, tzinfo=datetime.timezone.utc), end_date=None, state=<TaskInstanceState.RUNNING: 'running'>, is_mapped=False, rendered_map_index=None)","logger":"task","filename":"task_runner.py","lineno":1357}
{"timestamp":"2026-01-22T07:02:57.968385Z","level":"info","event":"Task instance in success state","logger":"task.stdout"}
{"timestamp":"2026-01-22T07:02:57.968513Z","level":"info","event":" Previous state of the Task instance: TaskInstanceState.RUNNING","logger":"task.stdout"}
{"timestamp":"2026-01-22T07:02:57.969225Z","level":"info","event":"Task operator:<Task(PythonOperator): ingest_csv>","logger":"task.stdout"}
