{"timestamp":"2026-01-22T17:50:25.769021Z","level":"info","event":"DAG bundles loaded: dags-folder, example_dags","logger":"airflow.dag_processing.bundles.manager.DagBundlesManager","filename":"manager.py","lineno":179}
{"timestamp":"2026-01-22T17:50:25.769289Z","level":"info","event":"Filling up the DagBag from /Users/apinto/Documents/BITS WILP/Sem2/Assignment/recomart_pipeline/airflow/dags/airflow_dag.py","logger":"airflow.models.dagbag.DagBag","filename":"dagbag.py","lineno":593}
{"timestamp":"2026-01-22T17:50:27.142345Z","level":"info","event":"Task instance is in running state","logger":"task.stdout"}
{"timestamp":"2026-01-22T17:50:27.142475Z","level":"info","event":" Previous state of the Task instance: TaskInstanceState.QUEUED","logger":"task.stdout"}
{"timestamp":"2026-01-22T17:50:27.142833Z","level":"info","event":"Current task name:train","logger":"task.stdout"}
{"timestamp":"2026-01-22T17:50:27.142882Z","level":"info","event":"Dag name:recomart_recommendation_pipeline","logger":"task.stdout"}
{"timestamp":"2026-01-22T17:50:27.143802Z","level":"info","event":"Starting model training...","logger":"task.stdout"}
{"timestamp":"2026-01-22T17:50:27.484425Z","level":"error","event":"2026-01-22 23:20:27 - model_training - INFO - [logger.py:58] - Starting model_training","logger":"task.stderr"}
{"timestamp":"2026-01-22T17:50:27.484417Z","level":"info","event":"Starting model_training","logger":"model_training","filename":"logger.py","lineno":58}
{"timestamp":"2026-01-22T17:50:27.485174Z","level":"error","event":"2026-01-22 23:20:27 - model_training - INFO - [recommender.py:241] - Starting training pipeline for collaborative model","logger":"task.stderr"}
{"timestamp":"2026-01-22T17:50:27.485170Z","level":"info","event":"Starting training pipeline for collaborative model","logger":"model_training","filename":"recommender.py","lineno":241}
{"timestamp":"2026-01-22T17:50:27.487747Z","level":"error","event":"2026-01-22 23:20:27 - model_training - INFO - [recommender.py:254] - Train size: 7928, Test size: 1982","logger":"task.stderr"}
{"timestamp":"2026-01-22T17:50:27.487742Z","level":"info","event":"Train size: 7928, Test size: 1982","logger":"model_training","filename":"recommender.py","lineno":254}
{"timestamp":"2026-01-22T17:50:27.633103Z","level":"error","event":"2026-01-22 23:20:27 - model_training - INFO - [logger.py:58] - Starting model_training","logger":"task.stderr"}
{"timestamp":"2026-01-22T17:50:27.633131Z","level":"info","event":"Starting model_training","logger":"model_training","filename":"logger.py","lineno":58}
{"timestamp":"2026-01-22T17:50:27.633978Z","level":"error","event":"2026-01-22 23:20:27 - model_training - INFO - [recommender.py:51] - Starting model training","logger":"task.stderr"}
{"timestamp":"2026-01-22T17:50:27.633989Z","level":"info","event":"Starting model training","logger":"model_training","filename":"recommender.py","lineno":51}
{"timestamp":"2026-01-22T17:50:27.642381Z","level":"error","event":"2026-01-22 23:20:27 - model_training - INFO - [recommender.py:61] - Matrix shape: (1000, 500)","logger":"task.stderr"}
{"timestamp":"2026-01-22T17:50:27.642373Z","level":"info","event":"Matrix shape: (1000, 500)","logger":"model_training","filename":"recommender.py","lineno":61}
{"timestamp":"2026-01-22T17:50:27.643130Z","level":"error","event":"2026-01-22 23:20:27 - model_training - INFO - [recommender.py:69] - Performing SVD with 20 factors","logger":"task.stderr"}
{"timestamp":"2026-01-22T17:50:27.643133Z","level":"info","event":"Performing SVD with 20 factors","logger":"model_training","filename":"recommender.py","lineno":69}
{"timestamp":"2026-01-22T17:50:27.656743Z","level":"error","event":"2026-01-22 23:20:27 - model_training - INFO - [recommender.py:77] - Model training completed","logger":"task.stderr"}
{"timestamp":"2026-01-22T17:50:27.656737Z","level":"info","event":"Model training completed","logger":"model_training","filename":"recommender.py","lineno":77}
{"timestamp":"2026-01-22T17:50:27.657876Z","level":"error","event":"2026-01-22 23:20:27 - model_training - INFO - [logger.py:65] - Completed model_training in 0.02s","logger":"task.stderr"}
{"timestamp":"2026-01-22T17:50:27.657872Z","level":"info","event":"Completed model_training in 0.02s","logger":"model_training","filename":"logger.py","lineno":65}
{"timestamp":"2026-01-22T17:50:27.659776Z","level":"error","event":"2026-01-22 23:20:27 - model_training - INFO - [logger.py:58] - Starting model_training","logger":"task.stderr"}
{"timestamp":"2026-01-22T17:50:27.659772Z","level":"info","event":"Starting model_training","logger":"model_training","filename":"logger.py","lineno":58}
{"timestamp":"2026-01-22T17:50:27.660434Z","level":"error","event":"2026-01-22 23:20:27 - model_training - INFO - [recommender.py:158] - Evaluating model","logger":"task.stderr"}
{"timestamp":"2026-01-22T17:50:27.660430Z","level":"info","event":"Evaluating model","logger":"model_training","filename":"recommender.py","lineno":158}
{"timestamp":"2026-01-22T17:50:27.699779Z","level":"error","event":"2026-01-22 23:20:27 - model_training - INFO - [recommender.py:177] - RMSE: 2.4047","logger":"task.stderr"}
{"timestamp":"2026-01-22T17:50:27.699771Z","level":"info","event":"RMSE: 2.4047","logger":"model_training","filename":"recommender.py","lineno":177}
{"timestamp":"2026-01-22T17:50:27.700775Z","level":"error","event":"2026-01-22 23:20:27 - model_training - INFO - [recommender.py:178] - MAE: 1.9430","logger":"task.stderr"}
{"timestamp":"2026-01-22T17:50:27.700770Z","level":"info","event":"MAE: 1.9430","logger":"model_training","filename":"recommender.py","lineno":178}
{"timestamp":"2026-01-22T17:50:27.702321Z","level":"error","event":"2026-01-22 23:20:27 - model_training - INFO - [logger.py:65] - Completed model_training in 0.04s","logger":"task.stderr"}
{"timestamp":"2026-01-22T17:50:27.702317Z","level":"info","event":"Completed model_training in 0.04s","logger":"model_training","filename":"logger.py","lineno":65}
{"timestamp":"2026-01-22T17:50:27.802284Z","level":"info","event":"🏃 View run nervous-fly-94 at: http://127.0.0.1:5000/#/experiments/1/runs/2174b355ab0a431c91b2b623f9dd7191","logger":"task.stdout"}
{"timestamp":"2026-01-22T17:50:27.802382Z","level":"info","event":"🧪 View experiment at: http://127.0.0.1:5000/#/experiments/1","logger":"task.stdout"}
{"timestamp":"2026-01-22T17:50:27.808158Z","level":"error","event":"2026-01-22 23:20:27 - model_training - INFO - [logger.py:65] - Completed model_training in 0.32s","logger":"task.stderr"}
{"timestamp":"2026-01-22T17:50:27.808154Z","level":"info","event":"Completed model_training in 0.32s","logger":"model_training","filename":"logger.py","lineno":65}
{"timestamp":"2026-01-22T17:50:27.822373Z","level":"info","event":"Model trained - RMSE: 2.4047","logger":"task.stdout"}
{"timestamp":"2026-01-22T17:50:27.822462Z","level":"info","event":"Model trained - MAE: 1.9430","logger":"task.stdout"}
{"timestamp":"2026-01-22T17:50:27.822627Z","level":"info","event":"Done. Returned value was: {'rmse': 2.404691848444154, 'mae': 1.942986881937437, 'n_predictions': 1982}","logger":"airflow.task.operators.airflow.providers.standard.operators.python.PythonOperator","filename":"python.py","lineno":216}
{"timestamp":"2026-01-22T17:50:27.822917Z","level":"info","event":"Pushing xcom","ti":"RuntimeTaskInstance(id=UUID('019be6d4-319d-7cac-92b9-27e5963e6e6a'), task_id='train', dag_id='recomart_recommendation_pipeline', run_id='manual__2026-01-22T17:47:33+00:00', try_number=4, dag_version_id=UUID('019be483-4b20-7641-8635-67f364380c0a'), map_index=-1, hostname='apinto-mbp', context_carrier={}, task=<Task(PythonOperator): train>, bundle_instance=LocalDagBundle(name=dags-folder), max_tries=5, start_date=datetime.datetime(2026, 1, 22, 17, 50, 25, 304117, tzinfo=datetime.timezone.utc), end_date=None, state=<TaskInstanceState.RUNNING: 'running'>, is_mapped=False, rendered_map_index=None)","logger":"task","filename":"task_runner.py","lineno":1357}
{"timestamp":"2026-01-22T17:50:27.831892Z","level":"info","event":"Task instance in success state","logger":"task.stdout"}
{"timestamp":"2026-01-22T17:50:27.831947Z","level":"info","event":" Previous state of the Task instance: TaskInstanceState.RUNNING","logger":"task.stdout"}
{"timestamp":"2026-01-22T17:50:27.832647Z","level":"info","event":"Task operator:<Task(PythonOperator): train>","logger":"task.stdout"}
