{"timestamp":"2026-01-22T17:48:02.795550Z","level":"info","event":"DAG bundles loaded: dags-folder, example_dags","logger":"airflow.dag_processing.bundles.manager.DagBundlesManager","filename":"manager.py","lineno":179}
{"timestamp":"2026-01-22T17:48:02.795831Z","level":"info","event":"Filling up the DagBag from /Users/apinto/Documents/BITS WILP/Sem2/Assignment/recomart_pipeline/airflow/dags/airflow_dag.py","logger":"airflow.models.dagbag.DagBag","filename":"dagbag.py","lineno":593}
{"timestamp":"2026-01-22T17:48:04.158037Z","level":"info","event":"Task instance is in running state","logger":"task.stdout"}
{"timestamp":"2026-01-22T17:48:04.158136Z","level":"info","event":" Previous state of the Task instance: TaskInstanceState.QUEUED","logger":"task.stdout"}
{"timestamp":"2026-01-22T17:48:04.158489Z","level":"info","event":"Current task name:train","logger":"task.stdout"}
{"timestamp":"2026-01-22T17:48:04.158518Z","level":"info","event":"Dag name:recomart_recommendation_pipeline","logger":"task.stdout"}
{"timestamp":"2026-01-22T17:48:04.159235Z","level":"info","event":"Starting model training...","logger":"task.stdout"}
{"timestamp":"2026-01-22T17:48:04.339740Z","level":"error","event":"2026/01/22 23:18:04 INFO mlflow.store.db.utils: Creating initial MLflow database tables...","logger":"task.stderr"}
{"timestamp":"2026-01-22T17:48:04.340422Z","level":"error","event":"2026/01/22 23:18:04 INFO mlflow.store.db.utils: Updating database tables","logger":"task.stderr"}
{"timestamp":"2026-01-22T17:48:04.343252Z","level":"error","event":"2026/01/22 23:18:04 INFO alembic.runtime.migration: Context impl SQLiteImpl.","logger":"task.stderr"}
{"timestamp":"2026-01-22T17:48:04.343583Z","level":"error","event":"2026/01/22 23:18:04 INFO alembic.runtime.migration: Will assume non-transactional DDL.","logger":"task.stderr"}
{"timestamp":"2026-01-22T17:48:04.369022Z","level":"error","event":"2026/01/22 23:18:04 INFO alembic.runtime.migration: Context impl SQLiteImpl.","logger":"task.stderr"}
{"timestamp":"2026-01-22T17:48:04.369338Z","level":"error","event":"2026/01/22 23:18:04 INFO alembic.runtime.migration: Will assume non-transactional DDL.","logger":"task.stderr"}
{"timestamp":"2026-01-22T17:48:04.377054Z","level":"error","event":"2026-01-22 23:18:04 - model_training - INFO - [logger.py:58] - Starting model_training","logger":"task.stderr"}
{"timestamp":"2026-01-22T17:48:04.377077Z","level":"info","event":"Starting model_training","logger":"model_training","filename":"logger.py","lineno":58}
{"timestamp":"2026-01-22T17:48:04.377891Z","level":"error","event":"2026-01-22 23:18:04 - model_training - INFO - [recommender.py:249] - Starting training pipeline for collaborative model","logger":"task.stderr"}
{"timestamp":"2026-01-22T17:48:04.377888Z","level":"info","event":"Starting training pipeline for collaborative model","logger":"model_training","filename":"recommender.py","lineno":249}
{"timestamp":"2026-01-22T17:48:04.380825Z","level":"error","event":"2026-01-22 23:18:04 - model_training - INFO - [recommender.py:262] - Train size: 7928, Test size: 1982","logger":"task.stderr"}
{"timestamp":"2026-01-22T17:48:04.380827Z","level":"info","event":"Train size: 7928, Test size: 1982","logger":"model_training","filename":"recommender.py","lineno":262}
{"timestamp":"2026-01-22T17:48:04.803677Z","level":"error","event":"2026-01-22 23:18:04 - model_training - INFO - [recommender.py:55] - Starting model training","logger":"task.stderr"}
{"timestamp":"2026-01-22T17:48:04.803694Z","level":"info","event":"Starting model training","logger":"model_training","filename":"recommender.py","lineno":55}
{"timestamp":"2026-01-22T17:48:04.811652Z","level":"error","event":"2026-01-22 23:18:04 - model_training - INFO - [recommender.py:65] - Matrix shape: (1000, 500)","logger":"task.stderr"}
{"timestamp":"2026-01-22T17:48:04.811638Z","level":"info","event":"Matrix shape: (1000, 500)","logger":"model_training","filename":"recommender.py","lineno":65}
{"timestamp":"2026-01-22T17:48:04.812338Z","level":"error","event":"2026-01-22 23:18:04 - model_training - INFO - [recommender.py:73] - Performing SVD with 20 factors","logger":"task.stderr"}
{"timestamp":"2026-01-22T17:48:04.812332Z","level":"info","event":"Performing SVD with 20 factors","logger":"model_training","filename":"recommender.py","lineno":73}
{"timestamp":"2026-01-22T17:48:04.838203Z","level":"error","event":"2026-01-22 23:18:04 - model_training - INFO - [recommender.py:81] - Model training completed","logger":"task.stderr"}
{"timestamp":"2026-01-22T17:48:04.838197Z","level":"info","event":"Model training completed","logger":"model_training","filename":"recommender.py","lineno":81}
{"timestamp":"2026-01-22T17:48:04.838937Z","level":"error","event":"2026-01-22 23:18:04 - model_training - INFO - [recommender.py:165] - Evaluating model","logger":"task.stderr"}
{"timestamp":"2026-01-22T17:48:04.838940Z","level":"info","event":"Evaluating model","logger":"model_training","filename":"recommender.py","lineno":165}
{"timestamp":"2026-01-22T17:48:04.875441Z","level":"error","event":"2026-01-22 23:18:04 - model_training - INFO - [recommender.py:185] - RMSE: 2.4047","logger":"task.stderr"}
{"timestamp":"2026-01-22T17:48:04.875439Z","level":"info","event":"RMSE: 2.4047","logger":"model_training","filename":"recommender.py","lineno":185}
{"timestamp":"2026-01-22T17:48:04.876350Z","level":"error","event":"2026-01-22 23:18:04 - model_training - INFO - [recommender.py:186] - MAE: 1.9430","logger":"task.stderr"}
{"timestamp":"2026-01-22T17:48:04.876347Z","level":"info","event":"MAE: 1.9430","logger":"model_training","filename":"recommender.py","lineno":186}
{"timestamp":"2026-01-22T17:48:04.891649Z","level":"error","event":"2026-01-22 23:18:04 - model_training - ERROR - [logger.py:67] - Failed model_training after 0.51s","logger":"task.stderr"}
{"timestamp":"2026-01-22T17:48:04.891647Z","level":"error","event":"Failed model_training after 0.51s","logger":"model_training","filename":"logger.py","lineno":67}
{"timestamp":"2026-01-22T17:48:04.892582Z","level":"error","event":"2026-01-22 23:18:04 - model_training - ERROR - [logger.py:68] - Error: When an mlflow-artifacts URI was supplied, the tracking URI must be a valid http or https URI, but it was currently set to sqlite:/mlflow.db. Perhaps you forgot to set the tracking URI to the running MLflow server. To set the tracking URI, use either of the following methods:","logger":"task.stderr"}
{"timestamp":"2026-01-22T17:48:04.892649Z","level":"error","event":"1. Set the MLFLOW_TRACKING_URI environment variable to the desired tracking URI. `export MLFLOW_TRACKING_URI=http://localhost:5000`","logger":"task.stderr"}
{"timestamp":"2026-01-22T17:48:04.892672Z","level":"error","event":"2. Set the tracking URI programmatically by calling `mlflow.set_tracking_uri`. `mlflow.set_tracking_uri('http://localhost:5000')`","logger":"task.stderr"}
{"timestamp":"2026-01-22T17:48:04.892573Z","level":"error","event":"Error: When an mlflow-artifacts URI was supplied, the tracking URI must be a valid http or https URI, but it was currently set to sqlite:/mlflow.db. Perhaps you forgot to set the tracking URI to the running MLflow server. To set the tracking URI, use either of the following methods:\n1. Set the MLFLOW_TRACKING_URI environment variable to the desired tracking URI. `export MLFLOW_TRACKING_URI=http://localhost:5000`\n2. Set the tracking URI programmatically by calling `mlflow.set_tracking_uri`. `mlflow.set_tracking_uri('http://localhost:5000')`","logger":"model_training","filename":"logger.py","lineno":68}
{"timestamp":"2026-01-22T17:48:04.892738Z","level":"error","event":"Task failed with exception","logger":"task","filename":"task_runner.py","lineno":999,"error_detail":[{"exc_type":"MlflowException","exc_value":"When an mlflow-artifacts URI was supplied, the tracking URI must be a valid http or https URI, but it was currently set to sqlite:/mlflow.db. Perhaps you forgot to set the tracking URI to the running MLflow server. To set the tracking URI, use either of the following methods:\n1. Set the MLFLOW_TRACKING_URI environment variable to the desired tracking URI. `export MLFLOW_TRACKING_URI=http://localhost:5000`\n2. Set the tracking URI programmatically by calling `mlflow.set_tracking_uri`. `mlflow.set_tracking_uri('http://localhost:5000')`","exc_notes":[],"syntax_error":null,"is_cause":false,"frames":[{"filename":"/Users/apinto/Documents/BITS WILP/Sem2/Assignment/recomart_pipeline/venv/lib/python3.13/site-packages/airflow/sdk/execution_time/task_runner.py","lineno":925,"name":"run"},{"filename":"/Users/apinto/Documents/BITS WILP/Sem2/Assignment/recomart_pipeline/venv/lib/python3.13/site-packages/airflow/sdk/execution_time/task_runner.py","lineno":1312,"name":"_execute_task"},{"filename":"/Users/apinto/Documents/BITS WILP/Sem2/Assignment/recomart_pipeline/venv/lib/python3.13/site-packages/airflow/sdk/bases/operator.py","lineno":416,"name":"wrapper"},{"filename":"/Users/apinto/Documents/BITS WILP/Sem2/Assignment/recomart_pipeline/venv/lib/python3.13/site-packages/airflow/providers/standard/operators/python.py","lineno":214,"name":"execute"},{"filename":"/Users/apinto/Documents/BITS WILP/Sem2/Assignment/recomart_pipeline/venv/lib/python3.13/site-packages/airflow/providers/standard/operators/python.py","lineno":237,"name":"execute_callable"},{"filename":"/Users/apinto/Documents/BITS WILP/Sem2/Assignment/recomart_pipeline/venv/lib/python3.13/site-packages/airflow/sdk/execution_time/callback_runner.py","lineno":82,"name":"run"},{"filename":"/Users/apinto/Documents/BITS WILP/Sem2/Assignment/recomart_pipeline/airflow/dags/airflow_dag.py","lineno":173,"name":"train_model"},{"filename":"/Users/apinto/Documents/BITS WILP/Sem2/Assignment/recomart_pipeline/src/models/recommender.py","lineno":288,"name":"train_and_evaluate"},{"filename":"/Users/apinto/Documents/BITS WILP/Sem2/Assignment/recomart_pipeline/venv/lib/python3.13/site-packages/mlflow/tracking/fluent.py","lineno":1528,"name":"log_artifact"},{"filename":"/Users/apinto/Documents/BITS WILP/Sem2/Assignment/recomart_pipeline/venv/lib/python3.13/site-packages/mlflow/tracking/client.py","lineno":2651,"name":"log_artifact"},{"filename":"/Users/apinto/Documents/BITS WILP/Sem2/Assignment/recomart_pipeline/venv/lib/python3.13/site-packages/mlflow/tracking/_tracking_service/client.py","lineno":667,"name":"log_artifact"},{"filename":"/Users/apinto/Documents/BITS WILP/Sem2/Assignment/recomart_pipeline/venv/lib/python3.13/site-packages/mlflow/tracking/_tracking_service/client.py","lineno":650,"name":"_get_artifact_repo"},{"filename":"/Users/apinto/Documents/BITS WILP/Sem2/Assignment/recomart_pipeline/venv/lib/python3.13/site-packages/mlflow/store/artifact/artifact_repository_registry.py","lineno":147,"name":"get_artifact_repository"},{"filename":"/Users/apinto/Documents/BITS WILP/Sem2/Assignment/recomart_pipeline/venv/lib/python3.13/site-packages/mlflow/store/artifact/artifact_repository_registry.py","lineno":83,"name":"get_artifact_repository"},{"filename":"/Users/apinto/Documents/BITS WILP/Sem2/Assignment/recomart_pipeline/venv/lib/python3.13/site-packages/mlflow/store/artifact/mlflow_artifacts_repo.py","lineno":55,"name":"__init__"},{"filename":"/Users/apinto/Documents/BITS WILP/Sem2/Assignment/recomart_pipeline/venv/lib/python3.13/site-packages/mlflow/store/artifact/mlflow_artifacts_repo.py","lineno":70,"name":"resolve_uri"},{"filename":"/Users/apinto/Documents/BITS WILP/Sem2/Assignment/recomart_pipeline/venv/lib/python3.13/site-packages/mlflow/store/artifact/mlflow_artifacts_repo.py","lineno":35,"name":"_validate_uri_scheme"}],"is_group":false,"exceptions":[]}]}
{"timestamp":"2026-01-22T17:48:04.899757Z","level":"info","event":"Task instance in failure state","logger":"task.stdout"}
{"timestamp":"2026-01-22T17:48:04.900522Z","level":"info","event":"Task start","logger":"task.stdout"}
{"timestamp":"2026-01-22T17:48:04.900572Z","level":"info","event":"Task:<Task(PythonOperator): train>","logger":"task.stdout"}
{"timestamp":"2026-01-22T17:48:04.900598Z","level":"info","event":"Failure caused by When an mlflow-artifacts URI was supplied, the tracking URI must be a valid http or https URI, but it was currently set to sqlite:/mlflow.db. Perhaps you forgot to set the tracking URI to the running MLflow server. To set the tracking URI, use either of the following methods:","logger":"task.stdout"}
{"timestamp":"2026-01-22T17:48:04.900626Z","level":"info","event":"1. Set the MLFLOW_TRACKING_URI environment variable to the desired tracking URI. `export MLFLOW_TRACKING_URI=http://localhost:5000`","logger":"task.stdout"}
{"timestamp":"2026-01-22T17:48:04.900647Z","level":"info","event":"2. Set the tracking URI programmatically by calling `mlflow.set_tracking_uri`. `mlflow.set_tracking_uri('http://localhost:5000')`","logger":"task.stdout"}
