{"timestamp":"2026-01-22T17:48:59.898263Z","level":"info","event":"DAG bundles loaded: dags-folder, example_dags","logger":"airflow.dag_processing.bundles.manager.DagBundlesManager","filename":"manager.py","lineno":179}
{"timestamp":"2026-01-22T17:48:59.898532Z","level":"info","event":"Filling up the DagBag from /Users/apinto/Documents/BITS WILP/Sem2/Assignment/recomart_pipeline/airflow/dags/airflow_dag.py","logger":"airflow.models.dagbag.DagBag","filename":"dagbag.py","lineno":593}
{"timestamp":"2026-01-22T17:49:01.406555Z","level":"info","event":"Task instance is in running state","logger":"task.stdout"}
{"timestamp":"2026-01-22T17:49:01.406723Z","level":"info","event":" Previous state of the Task instance: TaskInstanceState.QUEUED","logger":"task.stdout"}
{"timestamp":"2026-01-22T17:49:01.407033Z","level":"info","event":"Current task name:train","logger":"task.stdout"}
{"timestamp":"2026-01-22T17:49:01.407078Z","level":"info","event":"Dag name:recomart_recommendation_pipeline","logger":"task.stdout"}
{"timestamp":"2026-01-22T17:49:01.407949Z","level":"info","event":"Starting model training...","logger":"task.stdout"}
{"timestamp":"2026-01-22T17:49:01.726640Z","level":"error","event":"2026-01-22 23:19:01 - model_training - INFO - [logger.py:58] - Starting model_training","logger":"task.stderr"}
{"timestamp":"2026-01-22T17:49:01.726621Z","level":"info","event":"Starting model_training","logger":"model_training","filename":"logger.py","lineno":58}
{"timestamp":"2026-01-22T17:49:01.727477Z","level":"error","event":"2026-01-22 23:19:01 - model_training - INFO - [recommender.py:245] - Starting training pipeline for collaborative model","logger":"task.stderr"}
{"timestamp":"2026-01-22T17:49:01.727465Z","level":"info","event":"Starting training pipeline for collaborative model","logger":"model_training","filename":"recommender.py","lineno":245}
{"timestamp":"2026-01-22T17:49:01.729616Z","level":"error","event":"2026-01-22 23:19:01 - model_training - INFO - [recommender.py:258] - Train size: 7928, Test size: 1982","logger":"task.stderr"}
{"timestamp":"2026-01-22T17:49:01.729611Z","level":"info","event":"Train size: 7928, Test size: 1982","logger":"model_training","filename":"recommender.py","lineno":258}
{"timestamp":"2026-01-22T17:49:01.903143Z","level":"info","event":"🏃 View run merciful-hare-962 at: http://127.0.0.1:5000/#/experiments/1/runs/2a1aff676e774acf84144b77182521b2","logger":"task.stdout"}
{"timestamp":"2026-01-22T17:49:01.903226Z","level":"info","event":"🧪 View experiment at: http://127.0.0.1:5000/#/experiments/1","logger":"task.stdout"}
{"timestamp":"2026-01-22T17:49:01.910379Z","level":"error","event":"2026-01-22 23:19:01 - model_training - ERROR - [logger.py:67] - Failed model_training after 0.18s","logger":"task.stderr"}
{"timestamp":"2026-01-22T17:49:01.910411Z","level":"error","event":"Failed model_training after 0.18s","logger":"model_training","filename":"logger.py","lineno":67}
{"timestamp":"2026-01-22T17:49:01.911221Z","level":"error","event":"2026-01-22 23:19:01 - model_training - ERROR - [logger.py:68] - Error: 'NoneType' object has no attribute 'info'","logger":"task.stderr"}
{"timestamp":"2026-01-22T17:49:01.911219Z","level":"error","event":"Error: 'NoneType' object has no attribute 'info'","logger":"model_training","filename":"logger.py","lineno":68}
{"timestamp":"2026-01-22T17:49:01.911380Z","level":"error","event":"Task failed with exception","logger":"task","filename":"task_runner.py","lineno":999,"error_detail":[{"exc_type":"AttributeError","exc_value":"'NoneType' object has no attribute 'info'","exc_notes":[],"syntax_error":null,"is_cause":false,"frames":[{"filename":"/Users/apinto/Documents/BITS WILP/Sem2/Assignment/recomart_pipeline/venv/lib/python3.13/site-packages/airflow/sdk/execution_time/task_runner.py","lineno":925,"name":"run"},{"filename":"/Users/apinto/Documents/BITS WILP/Sem2/Assignment/recomart_pipeline/venv/lib/python3.13/site-packages/airflow/sdk/execution_time/task_runner.py","lineno":1312,"name":"_execute_task"},{"filename":"/Users/apinto/Documents/BITS WILP/Sem2/Assignment/recomart_pipeline/venv/lib/python3.13/site-packages/airflow/sdk/bases/operator.py","lineno":416,"name":"wrapper"},{"filename":"/Users/apinto/Documents/BITS WILP/Sem2/Assignment/recomart_pipeline/venv/lib/python3.13/site-packages/airflow/providers/standard/operators/python.py","lineno":214,"name":"execute"},{"filename":"/Users/apinto/Documents/BITS WILP/Sem2/Assignment/recomart_pipeline/venv/lib/python3.13/site-packages/airflow/providers/standard/operators/python.py","lineno":237,"name":"execute_callable"},{"filename":"/Users/apinto/Documents/BITS WILP/Sem2/Assignment/recomart_pipeline/venv/lib/python3.13/site-packages/airflow/sdk/execution_time/callback_runner.py","lineno":82,"name":"run"},{"filename":"/Users/apinto/Documents/BITS WILP/Sem2/Assignment/recomart_pipeline/airflow/dags/airflow_dag.py","lineno":173,"name":"train_model"},{"filename":"/Users/apinto/Documents/BITS WILP/Sem2/Assignment/recomart_pipeline/src/models/recommender.py","lineno":272,"name":"train_and_evaluate"},{"filename":"/Users/apinto/Documents/BITS WILP/Sem2/Assignment/recomart_pipeline/src/models/recommender.py","lineno":65,"name":"fit"}],"is_group":false,"exceptions":[]}]}
{"timestamp":"2026-01-22T17:49:01.920010Z","level":"info","event":"Task instance in failure state","logger":"task.stdout"}
{"timestamp":"2026-01-22T17:49:01.920641Z","level":"info","event":"Task start","logger":"task.stdout"}
{"timestamp":"2026-01-22T17:49:01.920684Z","level":"info","event":"Task:<Task(PythonOperator): train>","logger":"task.stdout"}
{"timestamp":"2026-01-22T17:49:01.920709Z","level":"info","event":"Failure caused by 'NoneType' object has no attribute 'info'","logger":"task.stdout"}
