{"timestamp":"2026-01-22T17:23:43.731521Z","level":"info","event":"DAG bundles loaded: dags-folder, example_dags","logger":"airflow.dag_processing.bundles.manager.DagBundlesManager","filename":"manager.py","lineno":179}
{"timestamp":"2026-01-22T17:23:43.731908Z","level":"info","event":"Filling up the DagBag from /Users/apinto/Documents/BITS WILP/Sem2/Assignment/recomart_pipeline/airflow/dags/airflow_dag.py","logger":"airflow.models.dagbag.DagBag","filename":"dagbag.py","lineno":593}
{"timestamp":"2026-01-22T17:23:45.246037Z","level":"info","event":"Task instance is in running state","logger":"task.stdout"}
{"timestamp":"2026-01-22T17:23:45.246139Z","level":"info","event":" Previous state of the Task instance: TaskInstanceState.QUEUED","logger":"task.stdout"}
{"timestamp":"2026-01-22T17:23:45.246661Z","level":"info","event":"Current task name:save_to_feature_store","logger":"task.stdout"}
{"timestamp":"2026-01-22T17:23:45.246711Z","level":"info","event":"Dag name:recomart_recommendation_pipeline","logger":"task.stdout"}
{"timestamp":"2026-01-22T17:23:45.247631Z","level":"info","event":"Saving to feature store...","logger":"task.stdout"}
{"timestamp":"2026-01-22T17:23:45.313360Z","level":"error","event":"2026-01-22 22:53:45 - feature_store - INFO - [logger.py:58] - Starting feature_store","logger":"task.stderr"}
{"timestamp":"2026-01-22T17:23:45.313358Z","level":"info","event":"Starting feature_store","logger":"feature_store","filename":"logger.py","lineno":58}
{"timestamp":"2026-01-22T17:23:45.314712Z","level":"error","event":"2026-01-22 22:53:45 - feature_store - INFO - [feature_store.py:65] - Registered feature: user_features_v1","logger":"task.stderr"}
{"timestamp":"2026-01-22T17:23:45.314709Z","level":"info","event":"Registered feature: user_features_v1","logger":"feature_store","filename":"feature_store.py","lineno":65}
{"timestamp":"2026-01-22T17:23:45.315733Z","level":"error","event":"2026-01-22 22:53:45 - feature_store - INFO - [logger.py:65] - Completed feature_store in 0.00s","logger":"task.stderr"}
{"timestamp":"2026-01-22T17:23:45.315730Z","level":"info","event":"Completed feature_store in 0.00s","logger":"feature_store","filename":"logger.py","lineno":65}
{"timestamp":"2026-01-22T17:23:45.317760Z","level":"error","event":"2026-01-22 22:53:45 - feature_store - INFO - [logger.py:58] - Starting feature_store","logger":"task.stderr"}
{"timestamp":"2026-01-22T17:23:45.317758Z","level":"info","event":"Starting feature_store","logger":"feature_store","filename":"logger.py","lineno":58}
{"timestamp":"2026-01-22T17:23:45.319513Z","level":"error","event":"2026-01-22 22:53:45 - feature_store - INFO - [feature_store.py:65] - Registered feature: item_features_v1","logger":"task.stderr"}
{"timestamp":"2026-01-22T17:23:45.319511Z","level":"info","event":"Registered feature: item_features_v1","logger":"feature_store","filename":"feature_store.py","lineno":65}
{"timestamp":"2026-01-22T17:23:45.320988Z","level":"error","event":"2026-01-22 22:53:45 - feature_store - INFO - [logger.py:65] - Completed feature_store in 0.00s","logger":"task.stderr"}
{"timestamp":"2026-01-22T17:23:45.320985Z","level":"info","event":"Completed feature_store in 0.00s","logger":"feature_store","filename":"logger.py","lineno":65}
{"timestamp":"2026-01-22T17:23:45.321058Z","level":"info","event":"Features registered in feature store","logger":"task.stdout"}
{"timestamp":"2026-01-22T17:23:45.321322Z","level":"info","event":"Done. Returned value was: True","logger":"airflow.task.operators.airflow.providers.standard.operators.python.PythonOperator","filename":"python.py","lineno":216}
{"timestamp":"2026-01-22T17:23:45.321428Z","level":"info","event":"Pushing xcom","ti":"RuntimeTaskInstance(id=UUID('019be6bb-c168-740c-b5f2-c9de5bf24b86'), task_id='save_to_feature_store', dag_id='recomart_recommendation_pipeline', run_id='manual__2026-01-22T17:23:04+00:00', try_number=2, dag_version_id=UUID('019be483-4b20-7641-8635-67f364380c0a'), map_index=-1, hostname='apinto-mbp', context_carrier={}, task=<Task(PythonOperator): save_to_feature_store>, bundle_instance=LocalDagBundle(name=dags-folder), max_tries=3, start_date=datetime.datetime(2026, 1, 22, 17, 23, 43, 306062, tzinfo=datetime.timezone.utc), end_date=None, state=<TaskInstanceState.RUNNING: 'running'>, is_mapped=False, rendered_map_index=None)","logger":"task","filename":"task_runner.py","lineno":1357}
{"timestamp":"2026-01-22T17:23:45.338167Z","level":"info","event":"Task instance in success state","logger":"task.stdout"}
{"timestamp":"2026-01-22T17:23:45.338239Z","level":"info","event":" Previous state of the Task instance: TaskInstanceState.RUNNING","logger":"task.stdout"}
{"timestamp":"2026-01-22T17:23:45.338689Z","level":"info","event":"Task operator:<Task(PythonOperator): save_to_feature_store>","logger":"task.stdout"}
