{"timestamp":"2026-01-22T06:44:57.638318Z","level":"info","event":"DAG bundles loaded: dags-folder, example_dags","logger":"airflow.dag_processing.bundles.manager.DagBundlesManager","filename":"manager.py","lineno":179}
{"timestamp":"2026-01-22T06:44:57.638668Z","level":"info","event":"Filling up the DagBag from /Users/apinto/Documents/BITS WILP/Sem2/Assignment/recomart_pipeline/airflow/dags/airflow_dag.py","logger":"airflow.models.dagbag.DagBag","filename":"dagbag.py","lineno":593}
{"timestamp":"2026-01-22T06:45:00.284241Z","level":"warning","event":"The `airflow.operators.python.PythonOperator` attribute is deprecated. Please use `'airflow.providers.standard.operators.python.PythonOperator'`.","category":"DeprecatedImportWarning","filename":"/Users/apinto/Documents/BITS WILP/Sem2/Assignment/recomart_pipeline/airflow/dags/airflow_dag.py","lineno":2,"logger":"py.warnings"}
{"timestamp":"2026-01-22T06:45:00.339233Z","level":"info","event":"Task instance is in running state","logger":"task.stdout"}
{"timestamp":"2026-01-22T06:45:00.339346Z","level":"info","event":" Previous state of the Task instance: TaskInstanceState.QUEUED","logger":"task.stdout"}
{"timestamp":"2026-01-22T06:45:00.339839Z","level":"info","event":"Current task name:train","logger":"task.stdout"}
{"timestamp":"2026-01-22T06:45:00.339947Z","level":"info","event":"Dag name:recomart_recommendation_pipeline","logger":"task.stdout"}
{"timestamp":"2026-01-22T06:45:00.340892Z","level":"info","event":"Starting model training...","logger":"task.stdout"}
{"timestamp":"2026-01-22T06:45:00.597749Z","level":"error","event":"2026/01/22 12:15:00 INFO mlflow.store.db.utils: Creating initial MLflow database tables...","logger":"task.stderr"}
{"timestamp":"2026-01-22T06:45:00.598634Z","level":"error","event":"2026/01/22 12:15:00 INFO mlflow.store.db.utils: Updating database tables","logger":"task.stderr"}
{"timestamp":"2026-01-22T06:45:00.602479Z","level":"error","event":"2026/01/22 12:15:00 INFO alembic.runtime.migration: Context impl SQLiteImpl.","logger":"task.stderr"}
{"timestamp":"2026-01-22T06:45:00.602926Z","level":"error","event":"2026/01/22 12:15:00 INFO alembic.runtime.migration: Will assume non-transactional DDL.","logger":"task.stderr"}
{"timestamp":"2026-01-22T06:45:00.633764Z","level":"error","event":"2026/01/22 12:15:00 INFO alembic.runtime.migration: Context impl SQLiteImpl.","logger":"task.stderr"}
{"timestamp":"2026-01-22T06:45:00.634094Z","level":"error","event":"2026/01/22 12:15:00 INFO alembic.runtime.migration: Will assume non-transactional DDL.","logger":"task.stderr"}
{"timestamp":"2026-01-22T06:45:00.643710Z","level":"error","event":"2026-01-22 12:15:00 - model_training - INFO - [logger.py:58] - Starting model_training","logger":"task.stderr"}
{"timestamp":"2026-01-22T06:45:00.643708Z","level":"info","event":"Starting model_training","logger":"model_training","filename":"logger.py","lineno":58}
{"timestamp":"2026-01-22T06:45:00.644706Z","level":"error","event":"2026-01-22 12:15:00 - model_training - INFO - [recommender.py:275] - Starting training pipeline for collaborative model","logger":"task.stderr"}
{"timestamp":"2026-01-22T06:45:00.644694Z","level":"info","event":"Starting training pipeline for collaborative model","logger":"model_training","filename":"recommender.py","lineno":275}
{"timestamp":"2026-01-22T06:45:00.648086Z","level":"error","event":"2026-01-22 12:15:00 - model_training - INFO - [recommender.py:288] - Train size: 7928, Test size: 1982","logger":"task.stderr"}
{"timestamp":"2026-01-22T06:45:00.648077Z","level":"info","event":"Train size: 7928, Test size: 1982","logger":"model_training","filename":"recommender.py","lineno":288}
{"timestamp":"2026-01-22T06:45:01.176511Z","level":"error","event":"2026-01-22 12:15:01 - model_training - INFO - [recommender.py:60] - Starting model training","logger":"task.stderr"}
{"timestamp":"2026-01-22T06:45:01.176541Z","level":"info","event":"Starting model training","logger":"model_training","filename":"recommender.py","lineno":60}
{"timestamp":"2026-01-22T06:45:01.186874Z","level":"error","event":"2026-01-22 12:15:01 - model_training - INFO - [recommender.py:79] - Matrix shape: (500, 300)","logger":"task.stderr"}
{"timestamp":"2026-01-22T06:45:01.186860Z","level":"info","event":"Matrix shape: (500, 300)","logger":"model_training","filename":"recommender.py","lineno":79}
{"timestamp":"2026-01-22T06:45:01.187935Z","level":"error","event":"2026-01-22 12:15:01 - model_training - INFO - [recommender.py:87] - Performing SVD with 50 factors","logger":"task.stderr"}
{"timestamp":"2026-01-22T06:45:01.187928Z","level":"info","event":"Performing SVD with 50 factors","logger":"model_training","filename":"recommender.py","lineno":87}
{"timestamp":"2026-01-22T06:45:01.188850Z","level":"error","event":"2026-01-22 12:15:01 - model_training - INFO - [recommender.py:91] - Starting TruncatedSVD computation","logger":"task.stderr"}
{"timestamp":"2026-01-22T06:45:01.188843Z","level":"info","event":"Starting TruncatedSVD computation","logger":"model_training","filename":"recommender.py","lineno":91}
{"timestamp":"2026-01-22T06:45:01.198245Z","level":"error","event":"2026-01-22 12:15:01 - model_training - INFO - [recommender.py:105] - Finished TruncatedSVD computation","logger":"task.stderr"}
{"timestamp":"2026-01-22T06:45:01.198249Z","level":"info","event":"Finished TruncatedSVD computation","logger":"model_training","filename":"recommender.py","lineno":105}
{"timestamp":"2026-01-22T06:45:01.199220Z","level":"error","event":"2026-01-22 12:15:01 - model_training - INFO - [recommender.py:106] - Model training completed","logger":"task.stderr"}
{"timestamp":"2026-01-22T06:45:01.199216Z","level":"info","event":"Model training completed","logger":"model_training","filename":"recommender.py","lineno":106}
{"timestamp":"2026-01-22T06:45:01.200164Z","level":"error","event":"2026-01-22 12:15:01 - model_training - INFO - [recommender.py:191] - Evaluating model","logger":"task.stderr"}
{"timestamp":"2026-01-22T06:45:01.200159Z","level":"info","event":"Evaluating model","logger":"model_training","filename":"recommender.py","lineno":191}
{"timestamp":"2026-01-22T06:45:01.207513Z","level":"error","event":"2026-01-22 12:15:01 - model_training - ERROR - [logger.py:67] - Failed model_training after 0.56s","logger":"task.stderr"}
{"timestamp":"2026-01-22T06:45:01.207516Z","level":"error","event":"Failed model_training after 0.56s","logger":"model_training","filename":"logger.py","lineno":67}
{"timestamp":"2026-01-22T06:45:01.208533Z","level":"error","event":"2026-01-22 12:15:01 - model_training - ERROR - [logger.py:68] - Error: index 557 is out of bounds for axis 0 with size 500","logger":"task.stderr"}
{"timestamp":"2026-01-22T06:45:01.208527Z","level":"error","event":"Error: index 557 is out of bounds for axis 0 with size 500","logger":"model_training","filename":"logger.py","lineno":68}
{"timestamp":"2026-01-22T06:45:01.208685Z","level":"error","event":"Task failed with exception","logger":"task","filename":"task_runner.py","lineno":999,"error_detail":[{"exc_type":"IndexError","exc_value":"index 557 is out of bounds for axis 0 with size 500","exc_notes":[],"syntax_error":null,"is_cause":false,"frames":[{"filename":"/Users/apinto/Documents/BITS WILP/Sem2/Assignment/recomart_pipeline/venv/lib/python3.13/site-packages/airflow/sdk/execution_time/task_runner.py","lineno":925,"name":"run"},{"filename":"/Users/apinto/Documents/BITS WILP/Sem2/Assignment/recomart_pipeline/venv/lib/python3.13/site-packages/airflow/sdk/execution_time/task_runner.py","lineno":1312,"name":"_execute_task"},{"filename":"/Users/apinto/Documents/BITS WILP/Sem2/Assignment/recomart_pipeline/venv/lib/python3.13/site-packages/airflow/sdk/bases/operator.py","lineno":416,"name":"wrapper"},{"filename":"/Users/apinto/Documents/BITS WILP/Sem2/Assignment/recomart_pipeline/venv/lib/python3.13/site-packages/airflow/providers/standard/operators/python.py","lineno":214,"name":"execute"},{"filename":"/Users/apinto/Documents/BITS WILP/Sem2/Assignment/recomart_pipeline/venv/lib/python3.13/site-packages/airflow/providers/standard/operators/python.py","lineno":237,"name":"execute_callable"},{"filename":"/Users/apinto/Documents/BITS WILP/Sem2/Assignment/recomart_pipeline/venv/lib/python3.13/site-packages/airflow/sdk/execution_time/callback_runner.py","lineno":82,"name":"run"},{"filename":"/Users/apinto/Documents/BITS WILP/Sem2/Assignment/recomart_pipeline/airflow/dags/airflow_dag.py","lineno":173,"name":"train_model"},{"filename":"/Users/apinto/Documents/BITS WILP/Sem2/Assignment/recomart_pipeline/src/models/recommender.py","lineno":305,"name":"train_and_evaluate"},{"filename":"/Users/apinto/Documents/BITS WILP/Sem2/Assignment/recomart_pipeline/src/models/recommender.py","lineno":197,"name":"evaluate"},{"filename":"/Users/apinto/Documents/BITS WILP/Sem2/Assignment/recomart_pipeline/src/models/recommender.py","lineno":133,"name":"predict"}],"is_group":false,"exceptions":[]}]}
{"timestamp":"2026-01-22T06:45:01.220503Z","level":"info","event":"Task instance in failure state","logger":"task.stdout"}
{"timestamp":"2026-01-22T06:45:01.221155Z","level":"info","event":"Task start","logger":"task.stdout"}
{"timestamp":"2026-01-22T06:45:01.221229Z","level":"info","event":"Task:<Task(PythonOperator): train>","logger":"task.stdout"}
{"timestamp":"2026-01-22T06:45:01.221256Z","level":"info","event":"Failure caused by index 557 is out of bounds for axis 0 with size 500","logger":"task.stdout"}
