{"timestamp":"2026-01-22T17:23:07.863947Z","level":"info","event":"DAG bundles loaded: dags-folder, example_dags","logger":"airflow.dag_processing.bundles.manager.DagBundlesManager","filename":"manager.py","lineno":179}
{"timestamp":"2026-01-22T17:23:07.864239Z","level":"info","event":"Filling up the DagBag from /Users/apinto/Documents/BITS WILP/Sem2/Assignment/recomart_pipeline/airflow/dags/airflow_dag.py","logger":"airflow.models.dagbag.DagBag","filename":"dagbag.py","lineno":593}
{"timestamp":"2026-01-22T17:23:09.922239Z","level":"info","event":"Task instance is in running state","logger":"task.stdout"}
{"timestamp":"2026-01-22T17:23:09.922527Z","level":"info","event":" Previous state of the Task instance: TaskInstanceState.QUEUED","logger":"task.stdout"}
{"timestamp":"2026-01-22T17:23:09.922751Z","level":"info","event":"Current task name:ingest_csv","logger":"task.stdout"}
{"timestamp":"2026-01-22T17:23:09.922792Z","level":"info","event":"Dag name:recomart_recommendation_pipeline","logger":"task.stdout"}
{"timestamp":"2026-01-22T17:23:09.923620Z","level":"info","event":"Starting CSV data ingestion...","logger":"task.stdout"}
{"timestamp":"2026-01-22T17:23:09.925836Z","level":"error","event":"2026-01-22 22:53:09 - csv_ingestion - INFO - [logger.py:58] - Starting csv_ingestion","logger":"task.stderr"}
{"timestamp":"2026-01-22T17:23:09.925855Z","level":"info","event":"Starting csv_ingestion","logger":"csv_ingestion","filename":"logger.py","lineno":58}
{"timestamp":"2026-01-22T17:23:09.926604Z","level":"error","event":"2026-01-22 22:53:09 - csv_ingestion - INFO - [csv_ingestion.py:76] - Generating sample user interaction data","logger":"task.stderr"}
{"timestamp":"2026-01-22T17:23:09.926608Z","level":"info","event":"Generating sample user interaction data","logger":"csv_ingestion","filename":"csv_ingestion.py","lineno":76}
{"timestamp":"2026-01-22T17:23:09.927186Z","level":"warning","event":"'H' is deprecated and will be removed in a future version, please use 'h' instead.","category":"FutureWarning","filename":"/Users/apinto/Documents/BITS WILP/Sem2/Assignment/recomart_pipeline/src/ingestion/csv_ingestion.py","lineno":88,"logger":"py.warnings"}
{"timestamp":"2026-01-22T17:23:09.946721Z","level":"error","event":"2026-01-22 22:53:09 - csv_ingestion - INFO - [csv_ingestion.py:99] - Generated 9910 sample interactions","logger":"task.stderr"}
{"timestamp":"2026-01-22T17:23:09.946702Z","level":"info","event":"Generated 9910 sample interactions","logger":"csv_ingestion","filename":"csv_ingestion.py","lineno":99}
{"timestamp":"2026-01-22T17:23:09.947478Z","level":"error","event":"2026-01-22 22:53:09 - csv_ingestion - INFO - [csv_ingestion.py:100] - Saved to: data/raw/user_interactions.csv","logger":"task.stderr"}
{"timestamp":"2026-01-22T17:23:09.947473Z","level":"info","event":"Saved to: data/raw/user_interactions.csv","logger":"csv_ingestion","filename":"csv_ingestion.py","lineno":100}
{"timestamp":"2026-01-22T17:23:09.948485Z","level":"error","event":"2026-01-22 22:53:09 - csv_ingestion - INFO - [logger.py:65] - Completed csv_ingestion in 0.02s","logger":"task.stderr"}
{"timestamp":"2026-01-22T17:23:09.948480Z","level":"info","event":"Completed csv_ingestion in 0.02s","logger":"csv_ingestion","filename":"logger.py","lineno":65}
{"timestamp":"2026-01-22T17:23:09.950404Z","level":"error","event":"2026-01-22 22:53:09 - csv_ingestion - INFO - [logger.py:58] - Starting csv_ingestion","logger":"task.stderr"}
{"timestamp":"2026-01-22T17:23:09.950405Z","level":"info","event":"Starting csv_ingestion","logger":"csv_ingestion","filename":"logger.py","lineno":58}
{"timestamp":"2026-01-22T17:23:09.951099Z","level":"error","event":"2026-01-22 22:53:09 - csv_ingestion - INFO - [csv_ingestion.py:35] - Attempting to ingest data/raw/user_interactions.csv (attempt 1)","logger":"task.stderr"}
{"timestamp":"2026-01-22T17:23:09.951094Z","level":"info","event":"Attempting to ingest data/raw/user_interactions.csv (attempt 1)","logger":"csv_ingestion","filename":"csv_ingestion.py","lineno":35}
{"timestamp":"2026-01-22T17:23:09.955687Z","level":"error","event":"2026-01-22 22:53:09 - csv_ingestion - INFO - [csv_ingestion.py:39] - Successfully loaded 9910 rows from data/raw/user_interactions.csv","logger":"task.stderr"}
{"timestamp":"2026-01-22T17:23:09.955680Z","level":"info","event":"Successfully loaded 9910 rows from data/raw/user_interactions.csv","logger":"csv_ingestion","filename":"csv_ingestion.py","lineno":39}
{"timestamp":"2026-01-22T17:23:09.956358Z","level":"error","event":"2026-01-22 22:53:09 - csv_ingestion - INFO - [csv_ingestion.py:40] - Columns: ['user_id', 'item_id', 'rating', 'timestamp']","logger":"task.stderr"}
{"timestamp":"2026-01-22T17:23:09.956354Z","level":"info","event":"Columns: ['user_id', 'item_id', 'rating', 'timestamp']","logger":"csv_ingestion","filename":"csv_ingestion.py","lineno":40}
{"timestamp":"2026-01-22T17:23:09.957025Z","level":"error","event":"2026-01-22 22:53:09 - csv_ingestion - INFO - [csv_ingestion.py:41] - Shape: (9910, 4)","logger":"task.stderr"}
{"timestamp":"2026-01-22T17:23:09.957024Z","level":"info","event":"Shape: (9910, 4)","logger":"csv_ingestion","filename":"csv_ingestion.py","lineno":41}
{"timestamp":"2026-01-22T17:23:09.966707Z","level":"error","event":"2026-01-22 22:53:09 - csv_ingestion - INFO - [csv_ingestion.py:50] - Saved raw data to: data/raw/user_behavior/2026/01/22/interactions/interactions_20260122_225309.csv","logger":"task.stderr"}
{"timestamp":"2026-01-22T17:23:09.966706Z","level":"info","event":"Saved raw data to: data/raw/user_behavior/2026/01/22/interactions/interactions_20260122_225309.csv","logger":"csv_ingestion","filename":"csv_ingestion.py","lineno":50}
{"timestamp":"2026-01-22T17:23:09.967715Z","level":"error","event":"2026-01-22 22:53:09 - csv_ingestion - INFO - [logger.py:65] - Completed csv_ingestion in 0.02s","logger":"task.stderr"}
{"timestamp":"2026-01-22T17:23:09.967710Z","level":"info","event":"Completed csv_ingestion in 0.02s","logger":"csv_ingestion","filename":"logger.py","lineno":65}
{"timestamp":"2026-01-22T17:23:09.979641Z","level":"info","event":"Ingested 9910 interactions","logger":"task.stdout"}
{"timestamp":"2026-01-22T17:23:09.979776Z","level":"info","event":"Done. Returned value was: data/raw/user_behavior/2026/01/22/interactions/interactions_20260122_225309.csv","logger":"airflow.task.operators.airflow.providers.standard.operators.python.PythonOperator","filename":"python.py","lineno":216}
{"timestamp":"2026-01-22T17:23:09.979891Z","level":"info","event":"Pushing xcom","ti":"RuntimeTaskInstance(id=UUID('019be6bb-320d-7090-8f96-15f52330a71d'), task_id='ingest_csv', dag_id='recomart_recommendation_pipeline', run_id='manual__2026-01-22T17:23:04+00:00', try_number=1, dag_version_id=UUID('019be483-4b20-7641-8635-67f364380c0a'), map_index=-1, hostname='apinto-mbp', context_carrier={}, task=<Task(PythonOperator): ingest_csv>, bundle_instance=LocalDagBundle(name=dags-folder), max_tries=2, start_date=datetime.datetime(2026, 1, 22, 17, 23, 7, 297122, tzinfo=datetime.timezone.utc), end_date=None, state=<TaskInstanceState.RUNNING: 'running'>, is_mapped=False, rendered_map_index=None)","logger":"task","filename":"task_runner.py","lineno":1357}
{"timestamp":"2026-01-22T17:23:09.992499Z","level":"info","event":"Task instance in success state","logger":"task.stdout"}
{"timestamp":"2026-01-22T17:23:09.992554Z","level":"info","event":" Previous state of the Task instance: TaskInstanceState.RUNNING","logger":"task.stdout"}
{"timestamp":"2026-01-22T17:23:09.993142Z","level":"info","event":"Task operator:<Task(PythonOperator): ingest_csv>","logger":"task.stdout"}
