2026-01-11 23:38:28 - feature_engineering - INFO - [logger.py:58] - Starting feature_engineering
2026-01-11 23:38:28 - feature_engineering - INFO - [feature_engineer.py:199] - Starting complete feature engineering pipeline
2026-01-11 23:38:28 - feature_engineering - INFO - [logger.py:58] - Starting feature_engineering
2026-01-11 23:38:28 - feature_engineering - INFO - [feature_engineer.py:30] - Creating user features
2026-01-11 23:38:28 - feature_engineering - INFO - [feature_engineer.py:62] - Created 10 user features for 1000 users
2026-01-11 23:38:28 - feature_engineering - INFO - [logger.py:65] - Completed feature_engineering in 0.02s
2026-01-11 23:38:28 - feature_engineering - INFO - [logger.py:58] - Starting feature_engineering
2026-01-11 23:38:28 - feature_engineering - INFO - [feature_engineer.py:77] - Creating item features
2026-01-11 23:38:28 - feature_engineering - INFO - [feature_engineer.py:112] - Created 11 item features for 500 items
2026-01-11 23:38:28 - feature_engineering - INFO - [logger.py:65] - Completed feature_engineering in 0.00s
2026-01-11 23:38:28 - feature_engineering - INFO - [logger.py:58] - Starting feature_engineering
2026-01-11 23:38:28 - feature_engineering - INFO - [feature_engineer.py:123] - Creating interaction features
2026-01-11 23:38:28 - feature_engineering - INFO - [feature_engineer.py:134] - Created interaction features. Total columns: 33
2026-01-11 23:38:28 - feature_engineering - INFO - [logger.py:65] - Completed feature_engineering in 0.02s
2026-01-11 23:38:28 - feature_engineering - INFO - [logger.py:58] - Starting feature_engineering
2026-01-11 23:38:28 - feature_engineering - INFO - [feature_engineer.py:167] - Creating temporal features
2026-01-11 23:38:29 - feature_engineering - INFO - [feature_engineer.py:186] - Temporal features created
2026-01-11 23:38:29 - feature_engineering - INFO - [logger.py:65] - Completed feature_engineering in 0.41s
2026-01-11 23:38:29 - feature_engineering - INFO - [feature_engineer.py:223] - Feature engineering completed successfully
2026-01-11 23:38:29 - feature_engineering - INFO - [logger.py:65] - Completed feature_engineering in 0.52s
