2026-01-22 21:17:02 - feature_engineering - INFO - [logger.py:58] - Starting feature_engineering
2026-01-22 21:17:02 - feature_engineering - INFO - [feature_engineer.py:203] - Starting complete feature engineering pipeline
2026-01-22 21:17:02 - feature_engineering - INFO - [logger.py:58] - Starting feature_engineering
2026-01-22 21:17:02 - feature_engineering - INFO - [feature_engineer.py:30] - Creating user features
2026-01-22 21:17:02 - feature_engineering - INFO - [feature_engineer.py:66] - Created 11 user features for 1000 users
2026-01-22 21:17:02 - feature_engineering - INFO - [logger.py:65] - Completed feature_engineering in 0.04s
2026-01-22 21:17:02 - feature_engineering - INFO - [feature_engineer.py:207] - User features created: (1000, 11)
2026-01-22 21:17:02 - feature_engineering - INFO - [logger.py:58] - Starting feature_engineering
2026-01-22 21:17:02 - feature_engineering - INFO - [feature_engineer.py:81] - Creating item features
2026-01-22 21:17:02 - feature_engineering - INFO - [feature_engineer.py:116] - Created 10 item features for 500 items
2026-01-22 21:17:02 - feature_engineering - INFO - [logger.py:65] - Completed feature_engineering in 0.04s
2026-01-22 21:17:02 - feature_engineering - INFO - [feature_engineer.py:211] - Item features created: (500, 10)
2026-01-22 21:17:02 - feature_engineering - INFO - [logger.py:58] - Starting feature_engineering
2026-01-22 21:17:02 - feature_engineering - INFO - [feature_engineer.py:127] - Creating interaction features
2026-01-22 21:17:02 - feature_engineering - INFO - [feature_engineer.py:138] - Created interaction features. Total columns: 32
2026-01-22 21:17:02 - feature_engineering - INFO - [logger.py:65] - Completed feature_engineering in 0.03s
2026-01-22 21:17:02 - feature_engineering - INFO - [feature_engineer.py:219] - Interaction features created: (9791, 32)
2026-01-22 21:17:02 - feature_engineering - INFO - [logger.py:58] - Starting feature_engineering
2026-01-22 21:17:02 - feature_engineering - INFO - [feature_engineer.py:171] - Creating temporal features
2026-01-22 21:17:03 - feature_engineering - INFO - [feature_engineer.py:190] - Temporal features created
2026-01-22 21:17:03 - feature_engineering - INFO - [logger.py:65] - Completed feature_engineering in 1.11s
2026-01-22 21:17:03 - feature_engineering - INFO - [feature_engineer.py:223] - Temporal features added: (9791, 35)
