{"timestamp":"2026-01-22T14:38:53.095820Z","level":"info","event":"DAG bundles loaded: dags-folder, example_dags","logger":"airflow.dag_processing.bundles.manager.DagBundlesManager","filename":"manager.py","lineno":179}
{"timestamp":"2026-01-22T14:38:53.096129Z","level":"info","event":"Filling up the DagBag from /Users/apinto/Documents/BITS WILP/Sem2/Assignment/recomart_pipeline/airflow/dags/airflow_dag.py","logger":"airflow.models.dagbag.DagBag","filename":"dagbag.py","lineno":593}
{"timestamp":"2026-01-22T14:38:54.848972Z","level":"warning","event":"The `airflow.operators.python.PythonOperator` attribute is deprecated. Please use `'airflow.providers.standard.operators.python.PythonOperator'`.","category":"DeprecatedImportWarning","filename":"/Users/apinto/Documents/BITS WILP/Sem2/Assignment/recomart_pipeline/airflow/dags/airflow_dag.py","lineno":2,"logger":"py.warnings"}
{"timestamp":"2026-01-22T14:38:54.863885Z","level":"info","event":"Task instance is in running state","logger":"task.stdout"}
{"timestamp":"2026-01-22T14:38:54.863964Z","level":"info","event":" Previous state of the Task instance: TaskInstanceState.QUEUED","logger":"task.stdout"}
{"timestamp":"2026-01-22T14:38:54.864633Z","level":"info","event":"Current task name:train","logger":"task.stdout"}
{"timestamp":"2026-01-22T14:38:54.864685Z","level":"info","event":"Dag name:recomart_recommendation_pipeline","logger":"task.stdout"}
{"timestamp":"2026-01-22T14:38:54.865459Z","level":"info","event":"Starting model training...","logger":"task.stdout"}
{"timestamp":"2026-01-22T14:38:55.055784Z","level":"error","event":"2026/01/22 20:08:55 INFO mlflow.store.db.utils: Creating initial MLflow database tables...","logger":"task.stderr"}
{"timestamp":"2026-01-22T14:38:55.056670Z","level":"error","event":"2026/01/22 20:08:55 INFO mlflow.store.db.utils: Updating database tables","logger":"task.stderr"}
{"timestamp":"2026-01-22T14:38:55.060271Z","level":"error","event":"2026/01/22 20:08:55 INFO alembic.runtime.migration: Context impl SQLiteImpl.","logger":"task.stderr"}
{"timestamp":"2026-01-22T14:38:55.061001Z","level":"error","event":"2026/01/22 20:08:55 INFO alembic.runtime.migration: Will assume non-transactional DDL.","logger":"task.stderr"}
{"timestamp":"2026-01-22T14:38:55.084541Z","level":"error","event":"2026/01/22 20:08:55 INFO alembic.runtime.migration: Context impl SQLiteImpl.","logger":"task.stderr"}
{"timestamp":"2026-01-22T14:38:55.084852Z","level":"error","event":"2026/01/22 20:08:55 INFO alembic.runtime.migration: Will assume non-transactional DDL.","logger":"task.stderr"}
{"timestamp":"2026-01-22T14:38:55.092947Z","level":"error","event":"2026-01-22 20:08:55 - model_training - INFO - [logger.py:58] - Starting model_training","logger":"task.stderr"}
{"timestamp":"2026-01-22T14:38:55.092955Z","level":"info","event":"Starting model_training","logger":"model_training","filename":"logger.py","lineno":58}
{"timestamp":"2026-01-22T14:38:55.093915Z","level":"error","event":"2026-01-22 20:08:55 - model_training - INFO - [recommender.py:268] - Starting training pipeline for collaborative model","logger":"task.stderr"}
{"timestamp":"2026-01-22T14:38:55.093909Z","level":"info","event":"Starting training pipeline for collaborative model","logger":"model_training","filename":"recommender.py","lineno":268}
{"timestamp":"2026-01-22T14:38:55.097512Z","level":"error","event":"2026-01-22 20:08:55 - model_training - INFO - [recommender.py:281] - Train size: 7928, Test size: 1982","logger":"task.stderr"}
{"timestamp":"2026-01-22T14:38:55.097514Z","level":"info","event":"Train size: 7928, Test size: 1982","logger":"model_training","filename":"recommender.py","lineno":281}
{"timestamp":"2026-01-22T14:38:55.495254Z","level":"error","event":"2026-01-22 20:08:55 - model_training - INFO - [recommender.py:58] - Starting model training","logger":"task.stderr"}
{"timestamp":"2026-01-22T14:38:55.495271Z","level":"info","event":"Starting model training","logger":"model_training","filename":"recommender.py","lineno":58}
{"timestamp":"2026-01-22T14:38:55.512632Z","level":"error","event":"2026-01-22 20:08:55 - model_training - INFO - [recommender.py:72] - Matrix shape: (1000, 500)","logger":"task.stderr"}
{"timestamp":"2026-01-22T14:38:55.512618Z","level":"info","event":"Matrix shape: (1000, 500)","logger":"model_training","filename":"recommender.py","lineno":72}
{"timestamp":"2026-01-22T14:38:55.513346Z","level":"error","event":"2026-01-22 20:08:55 - model_training - INFO - [recommender.py:80] - Performing SVD with 20 factors","logger":"task.stderr"}
{"timestamp":"2026-01-22T14:38:55.513340Z","level":"info","event":"Performing SVD with 20 factors","logger":"model_training","filename":"recommender.py","lineno":80}
{"timestamp":"2026-01-22T14:38:55.514085Z","level":"error","event":"2026-01-22 20:08:55 - model_training - INFO - [recommender.py:84] - Starting TruncatedSVD computation","logger":"task.stderr"}
{"timestamp":"2026-01-22T14:38:55.514077Z","level":"info","event":"Starting TruncatedSVD computation","logger":"model_training","filename":"recommender.py","lineno":84}
{"timestamp":"2026-01-22T14:43:36.164844Z","level":"error","event":"Server indicated the task shouldn't be running anymore. Terminating process","detail":{"detail":{"reason":"not_found","message":"Task Instance not found"}},"logger":"task"}
{"timestamp":"2026-01-22T14:43:41.191434Z","level":"error","event":"Task killed!","logger":"task"}
