{"timestamp":"2026-01-22T14:34:48.552807Z","level":"info","event":"DAG bundles loaded: dags-folder, example_dags","logger":"airflow.dag_processing.bundles.manager.DagBundlesManager","filename":"manager.py","lineno":179}
{"timestamp":"2026-01-22T14:34:48.553145Z","level":"info","event":"Filling up the DagBag from /Users/apinto/Documents/BITS WILP/Sem2/Assignment/recomart_pipeline/airflow/dags/airflow_dag.py","logger":"airflow.models.dagbag.DagBag","filename":"dagbag.py","lineno":593}
{"timestamp":"2026-01-22T14:34:50.292854Z","level":"warning","event":"The `airflow.operators.python.PythonOperator` attribute is deprecated. Please use `'airflow.providers.standard.operators.python.PythonOperator'`.","category":"DeprecatedImportWarning","filename":"/Users/apinto/Documents/BITS WILP/Sem2/Assignment/recomart_pipeline/airflow/dags/airflow_dag.py","lineno":2,"logger":"py.warnings"}
{"timestamp":"2026-01-22T14:34:50.321244Z","level":"info","event":"Task instance is in running state","logger":"task.stdout"}
{"timestamp":"2026-01-22T14:34:50.321340Z","level":"info","event":" Previous state of the Task instance: TaskInstanceState.QUEUED","logger":"task.stdout"}
{"timestamp":"2026-01-22T14:34:50.321849Z","level":"info","event":"Current task name:train","logger":"task.stdout"}
{"timestamp":"2026-01-22T14:34:50.321885Z","level":"info","event":"Dag name:recomart_recommendation_pipeline","logger":"task.stdout"}
{"timestamp":"2026-01-22T14:34:50.322761Z","level":"info","event":"Starting model training...","logger":"task.stdout"}
{"timestamp":"2026-01-22T14:34:50.629991Z","level":"error","event":"2026/01/22 20:04:50 INFO mlflow.store.db.utils: Creating initial MLflow database tables...","logger":"task.stderr"}
{"timestamp":"2026-01-22T14:34:50.630695Z","level":"error","event":"2026/01/22 20:04:50 INFO mlflow.store.db.utils: Updating database tables","logger":"task.stderr"}
{"timestamp":"2026-01-22T14:34:50.633093Z","level":"error","event":"2026/01/22 20:04:50 INFO alembic.runtime.migration: Context impl SQLiteImpl.","logger":"task.stderr"}
{"timestamp":"2026-01-22T14:34:50.633482Z","level":"error","event":"2026/01/22 20:04:50 INFO alembic.runtime.migration: Will assume non-transactional DDL.","logger":"task.stderr"}
{"timestamp":"2026-01-22T14:34:50.655033Z","level":"error","event":"2026/01/22 20:04:50 INFO alembic.runtime.migration: Context impl SQLiteImpl.","logger":"task.stderr"}
{"timestamp":"2026-01-22T14:34:50.655436Z","level":"error","event":"2026/01/22 20:04:50 INFO alembic.runtime.migration: Will assume non-transactional DDL.","logger":"task.stderr"}
{"timestamp":"2026-01-22T14:34:50.664132Z","level":"error","event":"2026-01-22 20:04:50 - model_training - INFO - [logger.py:58] - Starting model_training","logger":"task.stderr"}
{"timestamp":"2026-01-22T14:34:50.664147Z","level":"info","event":"Starting model_training","logger":"model_training","filename":"logger.py","lineno":58}
{"timestamp":"2026-01-22T14:34:50.664999Z","level":"error","event":"2026-01-22 20:04:50 - model_training - INFO - [recommender.py:268] - Starting training pipeline for collaborative model","logger":"task.stderr"}
{"timestamp":"2026-01-22T14:34:50.664993Z","level":"info","event":"Starting training pipeline for collaborative model","logger":"model_training","filename":"recommender.py","lineno":268}
{"timestamp":"2026-01-22T14:34:50.668541Z","level":"error","event":"2026-01-22 20:04:50 - model_training - INFO - [recommender.py:281] - Train size: 7928, Test size: 1982","logger":"task.stderr"}
{"timestamp":"2026-01-22T14:34:50.668544Z","level":"info","event":"Train size: 7928, Test size: 1982","logger":"model_training","filename":"recommender.py","lineno":281}
{"timestamp":"2026-01-22T14:34:51.176712Z","level":"error","event":"2026-01-22 20:04:51 - model_training - INFO - [recommender.py:58] - Starting model training","logger":"task.stderr"}
{"timestamp":"2026-01-22T14:34:51.176681Z","level":"info","event":"Starting model training","logger":"model_training","filename":"recommender.py","lineno":58}
{"timestamp":"2026-01-22T14:34:51.200761Z","level":"error","event":"2026-01-22 20:04:51 - model_training - INFO - [recommender.py:72] - Matrix shape: (1000, 500)","logger":"task.stderr"}
{"timestamp":"2026-01-22T14:34:51.200759Z","level":"info","event":"Matrix shape: (1000, 500)","logger":"model_training","filename":"recommender.py","lineno":72}
{"timestamp":"2026-01-22T14:34:51.201824Z","level":"error","event":"2026-01-22 20:04:51 - model_training - INFO - [recommender.py:80] - Performing SVD with 50 factors","logger":"task.stderr"}
{"timestamp":"2026-01-22T14:34:51.201822Z","level":"info","event":"Performing SVD with 50 factors","logger":"model_training","filename":"recommender.py","lineno":80}
{"timestamp":"2026-01-22T14:34:51.202612Z","level":"error","event":"2026-01-22 20:04:51 - model_training - INFO - [recommender.py:84] - Starting TruncatedSVD computation","logger":"task.stderr"}
{"timestamp":"2026-01-22T14:34:51.202605Z","level":"info","event":"Starting TruncatedSVD computation","logger":"model_training","filename":"recommender.py","lineno":84}
{"timestamp":"2026-01-22T14:36:46.410750Z","level":"error","event":"Server indicated the task shouldn't be running anymore. Terminating process","detail":{"detail":{"reason":"not_found","message":"Task Instance not found"}},"logger":"task"}
{"timestamp":"2026-01-22T14:36:51.438030Z","level":"error","event":"Task killed!","logger":"task"}
