{"timestamp":"2026-01-22T17:47:56.213956Z","level":"info","event":"DAG bundles loaded: dags-folder, example_dags","logger":"airflow.dag_processing.bundles.manager.DagBundlesManager","filename":"manager.py","lineno":179}
{"timestamp":"2026-01-22T17:47:56.214187Z","level":"info","event":"Filling up the DagBag from /Users/apinto/Documents/BITS WILP/Sem2/Assignment/recomart_pipeline/airflow/dags/airflow_dag.py","logger":"airflow.models.dagbag.DagBag","filename":"dagbag.py","lineno":593}
{"timestamp":"2026-01-22T17:47:57.531014Z","level":"info","event":"Task instance is in running state","logger":"task.stdout"}
{"timestamp":"2026-01-22T17:47:57.531122Z","level":"info","event":" Previous state of the Task instance: TaskInstanceState.QUEUED","logger":"task.stdout"}
{"timestamp":"2026-01-22T17:47:57.531515Z","level":"info","event":"Current task name:clean","logger":"task.stdout"}
{"timestamp":"2026-01-22T17:47:57.531558Z","level":"info","event":"Dag name:recomart_recommendation_pipeline","logger":"task.stdout"}
{"timestamp":"2026-01-22T17:47:57.532238Z","level":"info","event":"Starting data cleaning...","logger":"task.stdout"}
{"timestamp":"2026-01-22T17:47:57.540600Z","level":"error","event":"2026-01-22 23:17:57 - data_preparation - INFO - [logger.py:58] - Starting data_preparation","logger":"task.stderr"}
{"timestamp":"2026-01-22T17:47:57.540615Z","level":"info","event":"Starting data_preparation","logger":"data_preparation","filename":"logger.py","lineno":58}
{"timestamp":"2026-01-22T17:47:57.541433Z","level":"error","event":"2026-01-22 23:17:57 - data_preparation - INFO - [data_cleaner.py:144] - Starting data cleaning. Initial shape: (9910, 4)","logger":"task.stderr"}
{"timestamp":"2026-01-22T17:47:57.541431Z","level":"info","event":"Starting data cleaning. Initial shape: (9910, 4)","logger":"data_preparation","filename":"data_cleaner.py","lineno":144}
{"timestamp":"2026-01-22T17:47:57.543937Z","level":"error","event":"2026-01-22 23:17:57 - data_preparation - INFO - [logger.py:58] - Starting data_preparation","logger":"task.stderr"}
{"timestamp":"2026-01-22T17:47:57.543934Z","level":"info","event":"Starting data_preparation","logger":"data_preparation","filename":"logger.py","lineno":58}
{"timestamp":"2026-01-22T17:47:57.545899Z","level":"error","event":"2026-01-22 23:17:57 - data_preparation - INFO - [data_cleaner.py:79] - Removed 0 duplicate records","logger":"task.stderr"}
{"timestamp":"2026-01-22T17:47:57.545899Z","level":"info","event":"Removed 0 duplicate records","logger":"data_preparation","filename":"data_cleaner.py","lineno":79}
{"timestamp":"2026-01-22T17:47:57.546819Z","level":"error","event":"2026-01-22 23:17:57 - data_preparation - INFO - [logger.py:65] - Completed data_preparation in 0.00s","logger":"task.stderr"}
{"timestamp":"2026-01-22T17:47:57.546817Z","level":"info","event":"Completed data_preparation in 0.00s","logger":"data_preparation","filename":"logger.py","lineno":65}
{"timestamp":"2026-01-22T17:47:57.549338Z","level":"error","event":"2026-01-22 23:17:57 - data_preparation - INFO - [logger.py:58] - Starting data_preparation","logger":"task.stderr"}
{"timestamp":"2026-01-22T17:47:57.549330Z","level":"info","event":"Starting data_preparation","logger":"data_preparation","filename":"logger.py","lineno":58}
{"timestamp":"2026-01-22T17:47:57.550809Z","level":"error","event":"2026-01-22 23:17:57 - data_preparation - INFO - [logger.py:65] - Completed data_preparation in 0.00s","logger":"task.stderr"}
{"timestamp":"2026-01-22T17:47:57.550809Z","level":"info","event":"Completed data_preparation in 0.00s","logger":"data_preparation","filename":"logger.py","lineno":65}
{"timestamp":"2026-01-22T17:47:57.552054Z","level":"error","event":"2026-01-22 23:17:57 - data_preparation - INFO - [data_cleaner.py:167] - TEST>>>>>>>>>>>>>>>>>>>>>>>> Filtered invalid ratings. Removed 0 rows. Remaining rows: 9910","logger":"task.stderr"}
{"timestamp":"2026-01-22T17:47:57.552054Z","level":"info","event":"TEST>>>>>>>>>>>>>>>>>>>>>>>> Filtered invalid ratings. Removed 0 rows. Remaining rows: 9910","logger":"data_preparation","filename":"data_cleaner.py","lineno":167}
{"timestamp":"2026-01-22T17:47:57.553735Z","level":"error","event":"2026-01-22 23:17:57 - data_preparation - INFO - [logger.py:58] - Starting data_preparation","logger":"task.stderr"}
{"timestamp":"2026-01-22T17:47:57.553731Z","level":"info","event":"Starting data_preparation","logger":"data_preparation","filename":"logger.py","lineno":58}
{"timestamp":"2026-01-22T17:47:57.560578Z","level":"error","event":"2026-01-22 23:17:57 - data_preparation - INFO - [data_cleaner.py:134] - Extracted temporal features from timestamp","logger":"task.stderr"}
{"timestamp":"2026-01-22T17:47:57.560572Z","level":"info","event":"Extracted temporal features from timestamp","logger":"data_preparation","filename":"data_cleaner.py","lineno":134}
{"timestamp":"2026-01-22T17:47:57.561511Z","level":"error","event":"2026-01-22 23:17:57 - data_preparation - INFO - [logger.py:65] - Completed data_preparation in 0.01s","logger":"task.stderr"}
{"timestamp":"2026-01-22T17:47:57.561504Z","level":"info","event":"Completed data_preparation in 0.01s","logger":"data_preparation","filename":"logger.py","lineno":65}
{"timestamp":"2026-01-22T17:47:57.562160Z","level":"error","event":"2026-01-22 23:17:57 - data_preparation - INFO - [data_cleaner.py:181] - Cleaning completed. Final shape: (9910, 10)","logger":"task.stderr"}
{"timestamp":"2026-01-22T17:47:57.562151Z","level":"info","event":"Cleaning completed. Final shape: (9910, 10)","logger":"data_preparation","filename":"data_cleaner.py","lineno":181}
{"timestamp":"2026-01-22T17:47:57.582300Z","level":"error","event":"2026-01-22 23:17:57 - data_preparation - INFO - [data_cleaner.py:184] - Saved cleaned data to: data/processed/interactions_cleaned_20260122_231757.parquet","logger":"task.stderr"}
{"timestamp":"2026-01-22T17:47:57.582289Z","level":"info","event":"Saved cleaned data to: data/processed/interactions_cleaned_20260122_231757.parquet","logger":"data_preparation","filename":"data_cleaner.py","lineno":184}
{"timestamp":"2026-01-22T17:47:57.583385Z","level":"error","event":"2026-01-22 23:17:57 - data_preparation - INFO - [logger.py:65] - Completed data_preparation in 0.04s","logger":"task.stderr"}
{"timestamp":"2026-01-22T17:47:57.583385Z","level":"info","event":"Completed data_preparation in 0.04s","logger":"data_preparation","filename":"logger.py","lineno":65}
{"timestamp":"2026-01-22T17:47:57.587167Z","level":"info","event":"Cleaned data: 9910 records","logger":"task.stdout"}
{"timestamp":"2026-01-22T17:47:57.587416Z","level":"info","event":"Done. Returned value was: 9910","logger":"airflow.task.operators.airflow.providers.standard.operators.python.PythonOperator","filename":"python.py","lineno":216}
{"timestamp":"2026-01-22T17:47:57.587506Z","level":"info","event":"Pushing xcom","ti":"RuntimeTaskInstance(id=UUID('019be6d1-eade-7627-b9a3-9eb788c2d258'), task_id='clean', dag_id='recomart_recommendation_pipeline', run_id='manual__2026-01-22T17:47:33+00:00', try_number=2, dag_version_id=UUID('019be483-4b20-7641-8635-67f364380c0a'), map_index=-1, hostname='apinto-mbp', context_carrier={}, task=<Task(PythonOperator): clean>, bundle_instance=LocalDagBundle(name=dags-folder), max_tries=3, start_date=datetime.datetime(2026, 1, 22, 17, 47, 55, 820903, tzinfo=datetime.timezone.utc), end_date=None, state=<TaskInstanceState.RUNNING: 'running'>, is_mapped=False, rendered_map_index=None)","logger":"task","filename":"task_runner.py","lineno":1357}
{"timestamp":"2026-01-22T17:47:57.595594Z","level":"info","event":"Task instance in success state","logger":"task.stdout"}
{"timestamp":"2026-01-22T17:47:57.595638Z","level":"info","event":" Previous state of the Task instance: TaskInstanceState.RUNNING","logger":"task.stdout"}
{"timestamp":"2026-01-22T17:47:57.596165Z","level":"info","event":"Task operator:<Task(PythonOperator): clean>","logger":"task.stdout"}
