{"timestamp":"2026-01-22T17:29:01.346412Z","level":"info","event":"DAG bundles loaded: dags-folder, example_dags","logger":"airflow.dag_processing.bundles.manager.DagBundlesManager","filename":"manager.py","lineno":179}
{"timestamp":"2026-01-22T17:29:01.346718Z","level":"info","event":"Filling up the DagBag from /Users/apinto/Documents/BITS WILP/Sem2/Assignment/recomart_pipeline/airflow/dags/airflow_dag.py","logger":"airflow.models.dagbag.DagBag","filename":"dagbag.py","lineno":593}
{"timestamp":"2026-01-22T17:29:03.075626Z","level":"info","event":"Task instance is in running state","logger":"task.stdout"}
{"timestamp":"2026-01-22T17:29:03.075792Z","level":"info","event":" Previous state of the Task instance: TaskInstanceState.QUEUED","logger":"task.stdout"}
{"timestamp":"2026-01-22T17:29:03.076117Z","level":"info","event":"Current task name:train","logger":"task.stdout"}
{"timestamp":"2026-01-22T17:29:03.076167Z","level":"info","event":"Dag name:recomart_recommendation_pipeline","logger":"task.stdout"}
{"timestamp":"2026-01-22T17:29:03.077063Z","level":"info","event":"Starting model training...","logger":"task.stdout"}
{"timestamp":"2026-01-22T17:29:03.447843Z","level":"error","event":"2026-01-22 22:59:03 - model_training - INFO - [logger.py:58] - Starting model_training","logger":"task.stderr"}
{"timestamp":"2026-01-22T17:29:03.447832Z","level":"info","event":"Starting model_training","logger":"model_training","filename":"logger.py","lineno":58}
{"timestamp":"2026-01-22T17:29:03.448903Z","level":"error","event":"2026-01-22 22:59:03 - model_training - INFO - [recommender.py:241] - Starting training pipeline for collaborative model","logger":"task.stderr"}
{"timestamp":"2026-01-22T17:29:03.448898Z","level":"info","event":"Starting training pipeline for collaborative model","logger":"model_training","filename":"recommender.py","lineno":241}
{"timestamp":"2026-01-22T17:29:03.452420Z","level":"error","event":"2026-01-22 22:59:03 - model_training - INFO - [recommender.py:254] - Train size: 7928, Test size: 1982","logger":"task.stderr"}
{"timestamp":"2026-01-22T17:29:03.452410Z","level":"info","event":"Train size: 7928, Test size: 1982","logger":"model_training","filename":"recommender.py","lineno":254}
{"timestamp":"2026-01-22T17:29:03.645545Z","level":"error","event":"2026-01-22 22:59:03 - model_training - INFO - [logger.py:58] - Starting model_training","logger":"task.stderr"}
{"timestamp":"2026-01-22T17:29:03.645559Z","level":"info","event":"Starting model_training","logger":"model_training","filename":"logger.py","lineno":58}
{"timestamp":"2026-01-22T17:29:03.646489Z","level":"error","event":"2026-01-22 22:59:03 - model_training - INFO - [recommender.py:51] - Starting model training","logger":"task.stderr"}
{"timestamp":"2026-01-22T17:29:03.646489Z","level":"info","event":"Starting model training","logger":"model_training","filename":"recommender.py","lineno":51}
{"timestamp":"2026-01-22T17:29:03.656749Z","level":"error","event":"2026-01-22 22:59:03 - model_training - INFO - [recommender.py:61] - Matrix shape: (1000, 500)","logger":"task.stderr"}
{"timestamp":"2026-01-22T17:29:03.656753Z","level":"info","event":"Matrix shape: (1000, 500)","logger":"model_training","filename":"recommender.py","lineno":61}
{"timestamp":"2026-01-22T17:29:03.657589Z","level":"error","event":"2026-01-22 22:59:03 - model_training - INFO - [recommender.py:69] - Performing SVD with 20 factors","logger":"task.stderr"}
{"timestamp":"2026-01-22T17:29:03.657590Z","level":"info","event":"Performing SVD with 20 factors","logger":"model_training","filename":"recommender.py","lineno":69}
{"timestamp":"2026-01-22T17:29:03.685517Z","level":"error","event":"2026-01-22 22:59:03 - model_training - INFO - [recommender.py:77] - Model training completed","logger":"task.stderr"}
{"timestamp":"2026-01-22T17:29:03.685499Z","level":"info","event":"Model training completed","logger":"model_training","filename":"recommender.py","lineno":77}
{"timestamp":"2026-01-22T17:29:03.687048Z","level":"error","event":"2026-01-22 22:59:03 - model_training - INFO - [logger.py:65] - Completed model_training in 0.04s","logger":"task.stderr"}
{"timestamp":"2026-01-22T17:29:03.687036Z","level":"info","event":"Completed model_training in 0.04s","logger":"model_training","filename":"logger.py","lineno":65}
{"timestamp":"2026-01-22T17:29:03.689853Z","level":"error","event":"2026-01-22 22:59:03 - model_training - INFO - [logger.py:58] - Starting model_training","logger":"task.stderr"}
{"timestamp":"2026-01-22T17:29:03.689841Z","level":"info","event":"Starting model_training","logger":"model_training","filename":"logger.py","lineno":58}
{"timestamp":"2026-01-22T17:29:03.690819Z","level":"error","event":"2026-01-22 22:59:03 - model_training - INFO - [recommender.py:158] - Evaluating model","logger":"task.stderr"}
{"timestamp":"2026-01-22T17:29:03.690823Z","level":"info","event":"Evaluating model","logger":"model_training","filename":"recommender.py","lineno":158}
{"timestamp":"2026-01-22T17:29:03.733420Z","level":"error","event":"2026-01-22 22:59:03 - model_training - INFO - [recommender.py:177] - RMSE: 2.4047","logger":"task.stderr"}
{"timestamp":"2026-01-22T17:29:03.733378Z","level":"info","event":"RMSE: 2.4047","logger":"model_training","filename":"recommender.py","lineno":177}
{"timestamp":"2026-01-22T17:29:03.734367Z","level":"error","event":"2026-01-22 22:59:03 - model_training - INFO - [recommender.py:178] - MAE: 1.9430","logger":"task.stderr"}
{"timestamp":"2026-01-22T17:29:03.734366Z","level":"info","event":"MAE: 1.9430","logger":"model_training","filename":"recommender.py","lineno":178}
{"timestamp":"2026-01-22T17:29:03.735809Z","level":"error","event":"2026-01-22 22:59:03 - model_training - INFO - [logger.py:65] - Completed model_training in 0.05s","logger":"task.stderr"}
{"timestamp":"2026-01-22T17:29:03.735806Z","level":"info","event":"Completed model_training in 0.05s","logger":"model_training","filename":"logger.py","lineno":65}
{"timestamp":"2026-01-22T17:29:03.833301Z","level":"info","event":"🏃 View run rebellious-lamb-894 at: http://127.0.0.1:5000/#/experiments/1/runs/828a8536fce74e47be349fd2dd2a8d3b","logger":"task.stdout"}
{"timestamp":"2026-01-22T17:29:03.833432Z","level":"info","event":"🧪 View experiment at: http://127.0.0.1:5000/#/experiments/1","logger":"task.stdout"}
{"timestamp":"2026-01-22T17:29:03.840668Z","level":"error","event":"2026-01-22 22:59:03 - model_training - INFO - [logger.py:65] - Completed model_training in 0.39s","logger":"task.stderr"}
{"timestamp":"2026-01-22T17:29:03.840659Z","level":"info","event":"Completed model_training in 0.39s","logger":"model_training","filename":"logger.py","lineno":65}
{"timestamp":"2026-01-22T17:29:03.850091Z","level":"info","event":"Model trained - RMSE: 2.4047","logger":"task.stdout"}
{"timestamp":"2026-01-22T17:29:03.850149Z","level":"info","event":"Model trained - MAE: 1.9430","logger":"task.stdout"}
{"timestamp":"2026-01-22T17:29:03.850282Z","level":"info","event":"Done. Returned value was: {'rmse': 2.404691848444154, 'mae': 1.942986881937437, 'n_predictions': 1982}","logger":"airflow.task.operators.airflow.providers.standard.operators.python.PythonOperator","filename":"python.py","lineno":216}
{"timestamp":"2026-01-22T17:29:03.850463Z","level":"info","event":"Pushing xcom","ti":"RuntimeTaskInstance(id=UUID('019be6bc-04ae-78f3-b3bc-507c1a16c219'), task_id='train', dag_id='recomart_recommendation_pipeline', run_id='manual__2026-01-22T17:23:04+00:00', try_number=4, dag_version_id=UUID('019be483-4b20-7641-8635-67f364380c0a'), map_index=-1, hostname='apinto-mbp', context_carrier={}, task=<Task(PythonOperator): train>, bundle_instance=LocalDagBundle(name=dags-folder), max_tries=4, start_date=datetime.datetime(2026, 1, 22, 17, 29, 0, 831021, tzinfo=datetime.timezone.utc), end_date=None, state=<TaskInstanceState.RUNNING: 'running'>, is_mapped=False, rendered_map_index=None)","logger":"task","filename":"task_runner.py","lineno":1357}
{"timestamp":"2026-01-22T17:29:03.868947Z","level":"info","event":"Task instance in success state","logger":"task.stdout"}
{"timestamp":"2026-01-22T17:29:03.869031Z","level":"info","event":" Previous state of the Task instance: TaskInstanceState.RUNNING","logger":"task.stdout"}
{"timestamp":"2026-01-22T17:29:03.869887Z","level":"info","event":"Task operator:<Task(PythonOperator): train>","logger":"task.stdout"}
