{"timestamp":"2026-01-23T03:00:40.836456Z","level":"info","event":"DAG bundles loaded: dags-folder, example_dags","logger":"airflow.dag_processing.bundles.manager.DagBundlesManager","filename":"manager.py","lineno":179}
{"timestamp":"2026-01-23T03:00:40.836836Z","level":"info","event":"Filling up the DagBag from /Users/apinto/Documents/BITS WILP/Sem2/Assignment/recomart_pipeline/airflow/dags/airflow_dag.py","logger":"airflow.models.dagbag.DagBag","filename":"dagbag.py","lineno":593}
{"timestamp":"2026-01-23T03:00:42.891860Z","level":"info","event":"Task instance is in running state","logger":"task.stdout"}
{"timestamp":"2026-01-23T03:00:42.892235Z","level":"info","event":" Previous state of the Task instance: TaskInstanceState.QUEUED","logger":"task.stdout"}
{"timestamp":"2026-01-23T03:00:42.892414Z","level":"info","event":"Current task name:train","logger":"task.stdout"}
{"timestamp":"2026-01-23T03:00:42.892459Z","level":"info","event":"Dag name:recomart_recommendation_pipeline","logger":"task.stdout"}
{"timestamp":"2026-01-23T03:00:42.893341Z","level":"info","event":"Starting model training...","logger":"task.stdout"}
{"timestamp":"2026-01-23T03:00:43.316096Z","level":"error","event":"2026-01-23 08:30:43 - model_training - INFO - [logger.py:58] - Starting model_training","logger":"task.stderr"}
{"timestamp":"2026-01-23T03:00:43.316079Z","level":"info","event":"Starting model_training","logger":"model_training","filename":"logger.py","lineno":58}
{"timestamp":"2026-01-23T03:00:43.317885Z","level":"error","event":"2026-01-23 08:30:43 - model_training - INFO - [recommender.py:241] - Starting training pipeline for collaborative model","logger":"task.stderr"}
{"timestamp":"2026-01-23T03:00:43.317909Z","level":"info","event":"Starting training pipeline for collaborative model","logger":"model_training","filename":"recommender.py","lineno":241}
{"timestamp":"2026-01-23T03:00:43.323268Z","level":"error","event":"2026-01-23 08:30:43 - model_training - INFO - [recommender.py:254] - Train size: 7928, Test size: 1982","logger":"task.stderr"}
{"timestamp":"2026-01-23T03:00:43.323259Z","level":"info","event":"Train size: 7928, Test size: 1982","logger":"model_training","filename":"recommender.py","lineno":254}
{"timestamp":"2026-01-23T03:00:43.556696Z","level":"error","event":"2026-01-23 08:30:43 - model_training - INFO - [logger.py:58] - Starting model_training","logger":"task.stderr"}
{"timestamp":"2026-01-23T03:00:43.556703Z","level":"info","event":"Starting model_training","logger":"model_training","filename":"logger.py","lineno":58}
{"timestamp":"2026-01-23T03:00:43.557779Z","level":"error","event":"2026-01-23 08:30:43 - model_training - INFO - [recommender.py:51] - Starting model training","logger":"task.stderr"}
{"timestamp":"2026-01-23T03:00:43.557782Z","level":"info","event":"Starting model training","logger":"model_training","filename":"recommender.py","lineno":51}
{"timestamp":"2026-01-23T03:00:43.566708Z","level":"error","event":"2026-01-23 08:30:43 - model_training - INFO - [recommender.py:61] - Matrix shape: (1000, 500)","logger":"task.stderr"}
{"timestamp":"2026-01-23T03:00:43.566701Z","level":"info","event":"Matrix shape: (1000, 500)","logger":"model_training","filename":"recommender.py","lineno":61}
{"timestamp":"2026-01-23T03:00:43.567573Z","level":"error","event":"2026-01-23 08:30:43 - model_training - INFO - [recommender.py:69] - Performing SVD with 20 factors","logger":"task.stderr"}
{"timestamp":"2026-01-23T03:00:43.567562Z","level":"info","event":"Performing SVD with 20 factors","logger":"model_training","filename":"recommender.py","lineno":69}
{"timestamp":"2026-01-23T03:00:43.599142Z","level":"error","event":"2026-01-23 08:30:43 - model_training - INFO - [recommender.py:77] - Model training completed","logger":"task.stderr"}
{"timestamp":"2026-01-23T03:00:43.599128Z","level":"info","event":"Model training completed","logger":"model_training","filename":"recommender.py","lineno":77}
{"timestamp":"2026-01-23T03:00:43.600217Z","level":"error","event":"2026-01-23 08:30:43 - model_training - INFO - [logger.py:65] - Completed model_training in 0.04s","logger":"task.stderr"}
{"timestamp":"2026-01-23T03:00:43.600213Z","level":"info","event":"Completed model_training in 0.04s","logger":"model_training","filename":"logger.py","lineno":65}
{"timestamp":"2026-01-23T03:00:43.602211Z","level":"error","event":"2026-01-23 08:30:43 - model_training - INFO - [logger.py:58] - Starting model_training","logger":"task.stderr"}
{"timestamp":"2026-01-23T03:00:43.602208Z","level":"info","event":"Starting model_training","logger":"model_training","filename":"logger.py","lineno":58}
{"timestamp":"2026-01-23T03:00:43.602963Z","level":"error","event":"2026-01-23 08:30:43 - model_training - INFO - [recommender.py:158] - Evaluating model","logger":"task.stderr"}
{"timestamp":"2026-01-23T03:00:43.602946Z","level":"info","event":"Evaluating model","logger":"model_training","filename":"recommender.py","lineno":158}
{"timestamp":"2026-01-23T03:00:43.640989Z","level":"error","event":"2026-01-23 08:30:43 - model_training - INFO - [recommender.py:177] - RMSE: 2.4047","logger":"task.stderr"}
{"timestamp":"2026-01-23T03:00:43.640835Z","level":"info","event":"RMSE: 2.4047","logger":"model_training","filename":"recommender.py","lineno":177}
{"timestamp":"2026-01-23T03:00:43.641689Z","level":"error","event":"2026-01-23 08:30:43 - model_training - INFO - [recommender.py:178] - MAE: 1.9430","logger":"task.stderr"}
{"timestamp":"2026-01-23T03:00:43.641692Z","level":"info","event":"MAE: 1.9430","logger":"model_training","filename":"recommender.py","lineno":178}
{"timestamp":"2026-01-23T03:00:43.642821Z","level":"error","event":"2026-01-23 08:30:43 - model_training - INFO - [logger.py:65] - Completed model_training in 0.04s","logger":"task.stderr"}
{"timestamp":"2026-01-23T03:00:43.642818Z","level":"info","event":"Completed model_training in 0.04s","logger":"model_training","filename":"logger.py","lineno":65}
{"timestamp":"2026-01-23T03:00:43.760368Z","level":"info","event":"🏃 View run traveling-moose-692 at: http://127.0.0.1:5000/#/experiments/1/runs/7e1859a4b0f24afdb912ffc27b99226f","logger":"task.stdout"}
{"timestamp":"2026-01-23T03:00:43.760458Z","level":"info","event":"🧪 View experiment at: http://127.0.0.1:5000/#/experiments/1","logger":"task.stdout"}
{"timestamp":"2026-01-23T03:00:43.770323Z","level":"error","event":"2026-01-23 08:30:43 - model_training - INFO - [logger.py:65] - Completed model_training in 0.45s","logger":"task.stderr"}
{"timestamp":"2026-01-23T03:00:43.770318Z","level":"info","event":"Completed model_training in 0.45s","logger":"model_training","filename":"logger.py","lineno":65}
{"timestamp":"2026-01-23T03:00:43.788499Z","level":"info","event":"Model trained - RMSE: 2.4047","logger":"task.stdout"}
{"timestamp":"2026-01-23T03:00:43.788600Z","level":"info","event":"Model trained - MAE: 1.9430","logger":"task.stdout"}
{"timestamp":"2026-01-23T03:00:43.788935Z","level":"info","event":"Done. Returned value was: {'rmse': 2.404691848444154, 'mae': 1.942986881937437, 'n_predictions': 1982}","logger":"airflow.task.operators.airflow.providers.standard.operators.python.PythonOperator","filename":"python.py","lineno":216}
{"timestamp":"2026-01-23T03:00:43.789250Z","level":"info","event":"Pushing xcom","ti":"RuntimeTaskInstance(id=UUID('019be8bd-1d03-7315-9b96-231ba422a911'), task_id='train', dag_id='recomart_recommendation_pipeline', run_id='scheduled__2026-01-23T00:00:00+00:00', try_number=2, dag_version_id=UUID('019be483-4b20-7641-8635-67f364380c0a'), map_index=-1, hostname='apinto-mbp', context_carrier={}, task=<Task(PythonOperator): train>, bundle_instance=LocalDagBundle(name=dags-folder), max_tries=2, start_date=datetime.datetime(2026, 1, 23, 3, 0, 40, 208121, tzinfo=datetime.timezone.utc), end_date=None, state=<TaskInstanceState.RUNNING: 'running'>, is_mapped=False, rendered_map_index=None)","logger":"task","filename":"task_runner.py","lineno":1357}
{"timestamp":"2026-01-23T03:00:43.810456Z","level":"info","event":"Task instance in success state","logger":"task.stdout"}
{"timestamp":"2026-01-23T03:00:43.810527Z","level":"info","event":" Previous state of the Task instance: TaskInstanceState.RUNNING","logger":"task.stdout"}
{"timestamp":"2026-01-23T03:00:43.811409Z","level":"info","event":"Task operator:<Task(PythonOperator): train>","logger":"task.stdout"}
