{"timestamp":"2026-01-22T17:23:32.741387Z","level":"info","event":"DAG bundles loaded: dags-folder, example_dags","logger":"airflow.dag_processing.bundles.manager.DagBundlesManager","filename":"manager.py","lineno":179}
{"timestamp":"2026-01-22T17:23:32.741752Z","level":"info","event":"Filling up the DagBag from /Users/apinto/Documents/BITS WILP/Sem2/Assignment/recomart_pipeline/airflow/dags/airflow_dag.py","logger":"airflow.models.dagbag.DagBag","filename":"dagbag.py","lineno":593}
{"timestamp":"2026-01-22T17:23:34.415091Z","level":"info","event":"Task instance is in running state","logger":"task.stdout"}
{"timestamp":"2026-01-22T17:23:34.415287Z","level":"info","event":" Previous state of the Task instance: TaskInstanceState.QUEUED","logger":"task.stdout"}
{"timestamp":"2026-01-22T17:23:34.415549Z","level":"info","event":"Current task name:clean","logger":"task.stdout"}
{"timestamp":"2026-01-22T17:23:34.415595Z","level":"info","event":"Dag name:recomart_recommendation_pipeline","logger":"task.stdout"}
{"timestamp":"2026-01-22T17:23:34.416484Z","level":"info","event":"Starting data cleaning...","logger":"task.stdout"}
{"timestamp":"2026-01-22T17:23:34.424893Z","level":"error","event":"2026-01-22 22:53:34 - data_preparation - INFO - [logger.py:58] - Starting data_preparation","logger":"task.stderr"}
{"timestamp":"2026-01-22T17:23:34.424902Z","level":"info","event":"Starting data_preparation","logger":"data_preparation","filename":"logger.py","lineno":58}
{"timestamp":"2026-01-22T17:23:34.425634Z","level":"error","event":"2026-01-22 22:53:34 - data_preparation - INFO - [data_cleaner.py:144] - Starting data cleaning. Initial shape: (9910, 4)","logger":"task.stderr"}
{"timestamp":"2026-01-22T17:23:34.425635Z","level":"info","event":"Starting data cleaning. Initial shape: (9910, 4)","logger":"data_preparation","filename":"data_cleaner.py","lineno":144}
{"timestamp":"2026-01-22T17:23:34.427614Z","level":"error","event":"2026-01-22 22:53:34 - data_preparation - INFO - [logger.py:58] - Starting data_preparation","logger":"task.stderr"}
{"timestamp":"2026-01-22T17:23:34.427605Z","level":"info","event":"Starting data_preparation","logger":"data_preparation","filename":"logger.py","lineno":58}
{"timestamp":"2026-01-22T17:23:34.429068Z","level":"error","event":"2026-01-22 22:53:34 - data_preparation - INFO - [data_cleaner.py:79] - Removed 0 duplicate records","logger":"task.stderr"}
{"timestamp":"2026-01-22T17:23:34.429068Z","level":"info","event":"Removed 0 duplicate records","logger":"data_preparation","filename":"data_cleaner.py","lineno":79}
{"timestamp":"2026-01-22T17:23:34.430205Z","level":"error","event":"2026-01-22 22:53:34 - data_preparation - INFO - [logger.py:65] - Completed data_preparation in 0.00s","logger":"task.stderr"}
{"timestamp":"2026-01-22T17:23:34.430178Z","level":"info","event":"Completed data_preparation in 0.00s","logger":"data_preparation","filename":"logger.py","lineno":65}
{"timestamp":"2026-01-22T17:23:34.432280Z","level":"error","event":"2026-01-22 22:53:34 - data_preparation - INFO - [logger.py:58] - Starting data_preparation","logger":"task.stderr"}
{"timestamp":"2026-01-22T17:23:34.432271Z","level":"info","event":"Starting data_preparation","logger":"data_preparation","filename":"logger.py","lineno":58}
{"timestamp":"2026-01-22T17:23:34.433710Z","level":"error","event":"2026-01-22 22:53:34 - data_preparation - INFO - [logger.py:65] - Completed data_preparation in 0.00s","logger":"task.stderr"}
{"timestamp":"2026-01-22T17:23:34.433711Z","level":"info","event":"Completed data_preparation in 0.00s","logger":"data_preparation","filename":"logger.py","lineno":65}
{"timestamp":"2026-01-22T17:23:34.434875Z","level":"error","event":"2026-01-22 22:53:34 - data_preparation - INFO - [data_cleaner.py:167] - TEST>>>>>>>>>>>>>>>>>>>>>>>> Filtered invalid ratings. Removed 0 rows. Remaining rows: 9910","logger":"task.stderr"}
{"timestamp":"2026-01-22T17:23:34.434867Z","level":"info","event":"TEST>>>>>>>>>>>>>>>>>>>>>>>> Filtered invalid ratings. Removed 0 rows. Remaining rows: 9910","logger":"data_preparation","filename":"data_cleaner.py","lineno":167}
{"timestamp":"2026-01-22T17:23:34.436772Z","level":"error","event":"2026-01-22 22:53:34 - data_preparation - INFO - [logger.py:58] - Starting data_preparation","logger":"task.stderr"}
{"timestamp":"2026-01-22T17:23:34.436771Z","level":"info","event":"Starting data_preparation","logger":"data_preparation","filename":"logger.py","lineno":58}
{"timestamp":"2026-01-22T17:23:34.441770Z","level":"error","event":"2026-01-22 22:53:34 - data_preparation - INFO - [data_cleaner.py:134] - Extracted temporal features from timestamp","logger":"task.stderr"}
{"timestamp":"2026-01-22T17:23:34.441762Z","level":"info","event":"Extracted temporal features from timestamp","logger":"data_preparation","filename":"data_cleaner.py","lineno":134}
{"timestamp":"2026-01-22T17:23:34.442724Z","level":"error","event":"2026-01-22 22:53:34 - data_preparation - INFO - [logger.py:65] - Completed data_preparation in 0.01s","logger":"task.stderr"}
{"timestamp":"2026-01-22T17:23:34.442718Z","level":"info","event":"Completed data_preparation in 0.01s","logger":"data_preparation","filename":"logger.py","lineno":65}
{"timestamp":"2026-01-22T17:23:34.443418Z","level":"error","event":"2026-01-22 22:53:34 - data_preparation - INFO - [data_cleaner.py:181] - Cleaning completed. Final shape: (9910, 10)","logger":"task.stderr"}
{"timestamp":"2026-01-22T17:23:34.443413Z","level":"info","event":"Cleaning completed. Final shape: (9910, 10)","logger":"data_preparation","filename":"data_cleaner.py","lineno":181}
{"timestamp":"2026-01-22T17:23:34.457717Z","level":"error","event":"2026-01-22 22:53:34 - data_preparation - INFO - [data_cleaner.py:184] - Saved cleaned data to: data/processed/interactions_cleaned_20260122_225334.parquet","logger":"task.stderr"}
{"timestamp":"2026-01-22T17:23:34.457705Z","level":"info","event":"Saved cleaned data to: data/processed/interactions_cleaned_20260122_225334.parquet","logger":"data_preparation","filename":"data_cleaner.py","lineno":184}
{"timestamp":"2026-01-22T17:23:34.458757Z","level":"error","event":"2026-01-22 22:53:34 - data_preparation - INFO - [logger.py:65] - Completed data_preparation in 0.03s","logger":"task.stderr"}
{"timestamp":"2026-01-22T17:23:34.458752Z","level":"info","event":"Completed data_preparation in 0.03s","logger":"data_preparation","filename":"logger.py","lineno":65}
{"timestamp":"2026-01-22T17:23:34.463045Z","level":"info","event":"Cleaned data: 9910 records","logger":"task.stdout"}
{"timestamp":"2026-01-22T17:23:34.463358Z","level":"info","event":"Done. Returned value was: 9910","logger":"airflow.task.operators.airflow.providers.standard.operators.python.PythonOperator","filename":"python.py","lineno":216}
{"timestamp":"2026-01-22T17:23:34.463452Z","level":"info","event":"Pushing xcom","ti":"RuntimeTaskInstance(id=UUID('019be6bb-95ae-764f-9df0-54e815c80a9b'), task_id='clean', dag_id='recomart_recommendation_pipeline', run_id='manual__2026-01-22T17:23:04+00:00', try_number=2, dag_version_id=UUID('019be483-4b20-7641-8635-67f364380c0a'), map_index=-1, hostname='apinto-mbp', context_carrier={}, task=<Task(PythonOperator): clean>, bundle_instance=LocalDagBundle(name=dags-folder), max_tries=3, start_date=datetime.datetime(2026, 1, 22, 17, 23, 32, 244054, tzinfo=datetime.timezone.utc), end_date=None, state=<TaskInstanceState.RUNNING: 'running'>, is_mapped=False, rendered_map_index=None)","logger":"task","filename":"task_runner.py","lineno":1357}
{"timestamp":"2026-01-22T17:23:34.470675Z","level":"info","event":"Task instance in success state","logger":"task.stdout"}
{"timestamp":"2026-01-22T17:23:34.470722Z","level":"info","event":" Previous state of the Task instance: TaskInstanceState.RUNNING","logger":"task.stdout"}
{"timestamp":"2026-01-22T17:23:34.471189Z","level":"info","event":"Task operator:<Task(PythonOperator): clean>","logger":"task.stdout"}
