{"timestamp":"2026-01-22T05:11:55.321358Z","level":"info","event":"DAG bundles loaded: dags-folder, example_dags","logger":"airflow.dag_processing.bundles.manager.DagBundlesManager","filename":"manager.py","lineno":179}
{"timestamp":"2026-01-22T05:11:55.321697Z","level":"info","event":"Filling up the DagBag from /Users/apinto/Documents/BITS WILP/Sem2/Assignment/recomart_pipeline/airflow/dags/airflow_dag.py","logger":"airflow.models.dagbag.DagBag","filename":"dagbag.py","lineno":593}
{"timestamp":"2026-01-22T05:11:57.049814Z","level":"warning","event":"The `airflow.operators.python.PythonOperator` attribute is deprecated. Please use `'airflow.providers.standard.operators.python.PythonOperator'`.","category":"DeprecatedImportWarning","filename":"/Users/apinto/Documents/BITS WILP/Sem2/Assignment/recomart_pipeline/airflow/dags/airflow_dag.py","lineno":2,"logger":"py.warnings"}
{"timestamp":"2026-01-22T05:11:57.066585Z","level":"info","event":"Task instance is in running state","logger":"task.stdout"}
{"timestamp":"2026-01-22T05:11:57.066695Z","level":"info","event":" Previous state of the Task instance: TaskInstanceState.QUEUED","logger":"task.stdout"}
{"timestamp":"2026-01-22T05:11:57.067430Z","level":"info","event":"Current task name:clean","logger":"task.stdout"}
{"timestamp":"2026-01-22T05:11:57.067464Z","level":"info","event":"Dag name:recomart_recommendation_pipeline","logger":"task.stdout"}
{"timestamp":"2026-01-22T05:11:57.068317Z","level":"info","event":"Starting data cleaning...","logger":"task.stdout"}
{"timestamp":"2026-01-22T05:11:57.079007Z","level":"error","event":"2026-01-22 10:41:57 - data_preparation - INFO - [logger.py:58] - Starting data_preparation","logger":"task.stderr"}
{"timestamp":"2026-01-22T05:11:57.079004Z","level":"info","event":"Starting data_preparation","logger":"data_preparation","filename":"logger.py","lineno":58}
{"timestamp":"2026-01-22T05:11:57.079826Z","level":"error","event":"2026-01-22 10:41:57 - data_preparation - INFO - [data_cleaner.py:144] - Starting data cleaning. Initial shape: (9910, 4)","logger":"task.stderr"}
{"timestamp":"2026-01-22T05:11:57.079814Z","level":"info","event":"Starting data cleaning. Initial shape: (9910, 4)","logger":"data_preparation","filename":"data_cleaner.py","lineno":144}
{"timestamp":"2026-01-22T05:11:57.081727Z","level":"error","event":"2026-01-22 10:41:57 - data_preparation - INFO - [logger.py:58] - Starting data_preparation","logger":"task.stderr"}
{"timestamp":"2026-01-22T05:11:57.081708Z","level":"info","event":"Starting data_preparation","logger":"data_preparation","filename":"logger.py","lineno":58}
{"timestamp":"2026-01-22T05:11:57.083468Z","level":"error","event":"2026-01-22 10:41:57 - data_preparation - INFO - [data_cleaner.py:79] - Removed 0 duplicate records","logger":"task.stderr"}
{"timestamp":"2026-01-22T05:11:57.083460Z","level":"info","event":"Removed 0 duplicate records","logger":"data_preparation","filename":"data_cleaner.py","lineno":79}
{"timestamp":"2026-01-22T05:11:57.085328Z","level":"error","event":"2026-01-22 10:41:57 - data_preparation - INFO - [logger.py:65] - Completed data_preparation in 0.00s","logger":"task.stderr"}
{"timestamp":"2026-01-22T05:11:57.085322Z","level":"info","event":"Completed data_preparation in 0.00s","logger":"data_preparation","filename":"logger.py","lineno":65}
{"timestamp":"2026-01-22T05:11:57.087576Z","level":"error","event":"2026-01-22 10:41:57 - data_preparation - INFO - [logger.py:58] - Starting data_preparation","logger":"task.stderr"}
{"timestamp":"2026-01-22T05:11:57.087556Z","level":"info","event":"Starting data_preparation","logger":"data_preparation","filename":"logger.py","lineno":58}
{"timestamp":"2026-01-22T05:11:57.089151Z","level":"error","event":"2026-01-22 10:41:57 - data_preparation - INFO - [logger.py:65] - Completed data_preparation in 0.00s","logger":"task.stderr"}
{"timestamp":"2026-01-22T05:11:57.089141Z","level":"info","event":"Completed data_preparation in 0.00s","logger":"data_preparation","filename":"logger.py","lineno":65}
{"timestamp":"2026-01-22T05:11:57.090699Z","level":"error","event":"2026-01-22 10:41:57 - data_preparation - INFO - [data_cleaner.py:167] - TEST>>>>>>>>>>>>>>>>>>>>>>>> Filtered invalid ratings. Removed 0 rows. Remaining rows: 9910","logger":"task.stderr"}
{"timestamp":"2026-01-22T05:11:57.090699Z","level":"info","event":"TEST>>>>>>>>>>>>>>>>>>>>>>>> Filtered invalid ratings. Removed 0 rows. Remaining rows: 9910","logger":"data_preparation","filename":"data_cleaner.py","lineno":167}
{"timestamp":"2026-01-22T05:11:57.092653Z","level":"error","event":"2026-01-22 10:41:57 - data_preparation - INFO - [logger.py:58] - Starting data_preparation","logger":"task.stderr"}
{"timestamp":"2026-01-22T05:11:57.092662Z","level":"info","event":"Starting data_preparation","logger":"data_preparation","filename":"logger.py","lineno":58}
{"timestamp":"2026-01-22T05:11:57.111424Z","level":"error","event":"2026-01-22 10:41:57 - data_preparation - INFO - [data_cleaner.py:134] - Extracted temporal features from timestamp","logger":"task.stderr"}
{"timestamp":"2026-01-22T05:11:57.111335Z","level":"info","event":"Extracted temporal features from timestamp","logger":"data_preparation","filename":"data_cleaner.py","lineno":134}
{"timestamp":"2026-01-22T05:11:57.113185Z","level":"error","event":"2026-01-22 10:41:57 - data_preparation - INFO - [logger.py:65] - Completed data_preparation in 0.02s","logger":"task.stderr"}
{"timestamp":"2026-01-22T05:11:57.113175Z","level":"info","event":"Completed data_preparation in 0.02s","logger":"data_preparation","filename":"logger.py","lineno":65}
{"timestamp":"2026-01-22T05:11:57.113928Z","level":"error","event":"2026-01-22 10:41:57 - data_preparation - INFO - [data_cleaner.py:181] - Cleaning completed. Final shape: (9910, 10)","logger":"task.stderr"}
{"timestamp":"2026-01-22T05:11:57.113929Z","level":"info","event":"Cleaning completed. Final shape: (9910, 10)","logger":"data_preparation","filename":"data_cleaner.py","lineno":181}
{"timestamp":"2026-01-22T05:11:57.138268Z","level":"error","event":"2026-01-22 10:41:57 - data_preparation - INFO - [data_cleaner.py:184] - Saved cleaned data to: data/processed/interactions_cleaned_20260122_104157.parquet","logger":"task.stderr"}
{"timestamp":"2026-01-22T05:11:57.138248Z","level":"info","event":"Saved cleaned data to: data/processed/interactions_cleaned_20260122_104157.parquet","logger":"data_preparation","filename":"data_cleaner.py","lineno":184}
{"timestamp":"2026-01-22T05:11:57.139296Z","level":"error","event":"2026-01-22 10:41:57 - data_preparation - INFO - [logger.py:65] - Completed data_preparation in 0.06s","logger":"task.stderr"}
{"timestamp":"2026-01-22T05:11:57.139291Z","level":"info","event":"Completed data_preparation in 0.06s","logger":"data_preparation","filename":"logger.py","lineno":65}
{"timestamp":"2026-01-22T05:11:57.147380Z","level":"info","event":"Cleaned data: 9910 records","logger":"task.stdout"}
{"timestamp":"2026-01-22T05:11:57.147630Z","level":"info","event":"Done. Returned value was: 9910","logger":"airflow.task.operators.airflow.providers.standard.operators.python.PythonOperator","filename":"python.py","lineno":216}
{"timestamp":"2026-01-22T05:11:57.147731Z","level":"info","event":"Pushing xcom","ti":"RuntimeTaskInstance(id=UUID('019be41d-a995-7fca-bf07-606c26840363'), task_id='clean', dag_id='recomart_recommendation_pipeline', run_id='manual__2026-01-22T05:11:45+00:00', try_number=1, dag_version_id=UUID('019be403-d3b1-7598-97fa-b6894e3d00a9'), map_index=-1, hostname='apinto-mbp', context_carrier={}, task=<Task(PythonOperator): clean>, bundle_instance=LocalDagBundle(name=dags-folder), max_tries=2, start_date=datetime.datetime(2026, 1, 22, 5, 11, 54, 895928, tzinfo=datetime.timezone.utc), end_date=None, state=<TaskInstanceState.RUNNING: 'running'>, is_mapped=False, rendered_map_index=None)","logger":"task","filename":"task_runner.py","lineno":1357}
{"timestamp":"2026-01-22T05:11:57.156166Z","level":"info","event":"Task instance in success state","logger":"task.stdout"}
{"timestamp":"2026-01-22T05:11:57.156236Z","level":"info","event":" Previous state of the Task instance: TaskInstanceState.RUNNING","logger":"task.stdout"}
{"timestamp":"2026-01-22T05:11:57.156751Z","level":"info","event":"Task operator:<Task(PythonOperator): clean>","logger":"task.stdout"}
