{"timestamp":"2026-01-22T04:43:51.425333Z","level":"info","event":"DAG bundles loaded: dags-folder, example_dags","logger":"airflow.dag_processing.bundles.manager.DagBundlesManager","filename":"manager.py","lineno":179}
{"timestamp":"2026-01-22T04:43:51.425675Z","level":"info","event":"Filling up the DagBag from /Users/apinto/Documents/BITS WILP/Sem2/Assignment/recomart_pipeline/airflow/dags/airflow_dag.py","logger":"airflow.models.dagbag.DagBag","filename":"dagbag.py","lineno":593}
{"timestamp":"2026-01-22T04:43:53.438699Z","level":"warning","event":"The `airflow.operators.python.PythonOperator` attribute is deprecated. Please use `'airflow.providers.standard.operators.python.PythonOperator'`.","category":"DeprecatedImportWarning","filename":"/Users/apinto/Documents/BITS WILP/Sem2/Assignment/recomart_pipeline/airflow/dags/airflow_dag.py","lineno":2,"logger":"py.warnings"}
{"timestamp":"2026-01-22T04:43:53.471598Z","level":"info","event":"Task instance is in running state","logger":"task.stdout"}
{"timestamp":"2026-01-22T04:43:53.471695Z","level":"info","event":" Previous state of the Task instance: TaskInstanceState.QUEUED","logger":"task.stdout"}
{"timestamp":"2026-01-22T04:43:53.472112Z","level":"info","event":"Current task name:ingest_api","logger":"task.stdout"}
{"timestamp":"2026-01-22T04:43:53.472189Z","level":"info","event":"Dag name:recomart_recommendation_pipeline","logger":"task.stdout"}
{"timestamp":"2026-01-22T04:43:53.472958Z","level":"info","event":"Starting API data ingestion...","logger":"task.stdout"}
{"timestamp":"2026-01-22T04:43:53.475697Z","level":"error","event":"2026-01-22 10:13:53 - api_ingestion - INFO - [logger.py:58] - Starting api_ingestion","logger":"task.stderr"}
{"timestamp":"2026-01-22T04:43:53.475703Z","level":"info","event":"Starting api_ingestion","logger":"api_ingestion","filename":"logger.py","lineno":58}
{"timestamp":"2026-01-22T04:43:53.478269Z","level":"error","event":"2026-01-22 10:13:53 - api_ingestion - INFO - [logger.py:58] - Starting api_ingestion","logger":"task.stderr"}
{"timestamp":"2026-01-22T04:43:53.478250Z","level":"info","event":"Starting api_ingestion","logger":"api_ingestion","filename":"logger.py","lineno":58}
{"timestamp":"2026-01-22T04:43:53.478908Z","level":"error","event":"2026-01-22 10:13:53 - api_ingestion - INFO - [api_ingestion.py:38] - Fetching data from https://fakestoreapi.com/products (attempt 1)","logger":"task.stderr"}
{"timestamp":"2026-01-22T04:43:53.478920Z","level":"info","event":"Fetching data from https://fakestoreapi.com/products (attempt 1)","logger":"api_ingestion","filename":"api_ingestion.py","lineno":38}
{"timestamp":"2026-01-22T04:43:54.006816Z","level":"error","event":"2026-01-22 10:13:54 - api_ingestion - INFO - [api_ingestion.py:51] - Response status code: 200","logger":"task.stderr"}
{"timestamp":"2026-01-22T04:43:54.006801Z","level":"info","event":"Response status code: 200","logger":"api_ingestion","filename":"api_ingestion.py","lineno":51}
{"timestamp":"2026-01-22T04:43:54.008228Z","level":"error","event":"2026-01-22 10:13:54 - api_ingestion - INFO - [api_ingestion.py:69] - Successfully fetched 20 records","logger":"task.stderr"}
{"timestamp":"2026-01-22T04:43:54.008197Z","level":"info","event":"Successfully fetched 20 records","logger":"api_ingestion","filename":"api_ingestion.py","lineno":69}
{"timestamp":"2026-01-22T04:43:54.011137Z","level":"error","event":"2026-01-22 10:13:54 - api_ingestion - INFO - [logger.py:65] - Completed api_ingestion in 0.53s","logger":"task.stderr"}
{"timestamp":"2026-01-22T04:43:54.010894Z","level":"info","event":"Completed api_ingestion in 0.53s","logger":"api_ingestion","filename":"logger.py","lineno":65}
{"timestamp":"2026-01-22T04:43:54.014582Z","level":"error","event":"2026-01-22 10:13:54 - api_ingestion - INFO - [api_ingestion.py:125] - Converted to DataFrame: (20, 7)","logger":"task.stderr"}
{"timestamp":"2026-01-22T04:43:54.014547Z","level":"info","event":"Converted to DataFrame: (20, 7)","logger":"api_ingestion","filename":"api_ingestion.py","lineno":125}
{"timestamp":"2026-01-22T04:43:54.016765Z","level":"error","event":"2026-01-22 10:13:54 - api_ingestion - INFO - [api_ingestion.py:126] - Columns: ['id', 'title', 'price', 'description', 'category', 'image', 'rating']","logger":"task.stderr"}
{"timestamp":"2026-01-22T04:43:54.016366Z","level":"info","event":"Columns: ['id', 'title', 'price', 'description', 'category', 'image', 'rating']","logger":"api_ingestion","filename":"api_ingestion.py","lineno":126}
{"timestamp":"2026-01-22T04:43:54.023320Z","level":"error","event":"2026-01-22 10:13:54 - api_ingestion - INFO - [api_ingestion.py:135] - Saved API data to: data/raw/product_api/2026/01/22/catalog/catalog_20260122_101354.json","logger":"task.stderr"}
{"timestamp":"2026-01-22T04:43:54.023262Z","level":"info","event":"Saved API data to: data/raw/product_api/2026/01/22/catalog/catalog_20260122_101354.json","logger":"api_ingestion","filename":"api_ingestion.py","lineno":135}
{"timestamp":"2026-01-22T04:43:54.024889Z","level":"error","event":"2026-01-22 10:13:54 - api_ingestion - INFO - [logger.py:65] - Completed api_ingestion in 0.55s","logger":"task.stderr"}
{"timestamp":"2026-01-22T04:43:54.024843Z","level":"info","event":"Completed api_ingestion in 0.55s","logger":"api_ingestion","filename":"logger.py","lineno":65}
{"timestamp":"2026-01-22T04:43:54.037822Z","level":"info","event":"Ingested 20 products","logger":"task.stdout"}
{"timestamp":"2026-01-22T04:43:54.037880Z","level":"info","event":"Done. Returned value was: data/raw/product_api/2026/01/22/catalog/catalog_20260122_101354.json","logger":"airflow.task.operators.airflow.providers.standard.operators.python.PythonOperator","filename":"python.py","lineno":216}
{"timestamp":"2026-01-22T04:43:54.038022Z","level":"info","event":"Pushing xcom","ti":"RuntimeTaskInstance(id=UUID('019be404-054d-7449-833f-c81640d78b53'), task_id='ingest_api', dag_id='recomart_recommendation_pipeline', run_id='scheduled__2026-01-22T00:00:00+00:00', try_number=1, dag_version_id=UUID('019be403-d3b1-7598-97fa-b6894e3d00a9'), map_index=-1, hostname='apinto-mbp', context_carrier={}, task=<Task(PythonOperator): ingest_api>, bundle_instance=LocalDagBundle(name=dags-folder), max_tries=2, start_date=datetime.datetime(2026, 1, 22, 4, 43, 49, 941020, tzinfo=datetime.timezone.utc), end_date=None, state=<TaskInstanceState.RUNNING: 'running'>, is_mapped=False, rendered_map_index=None)","logger":"task","filename":"task_runner.py","lineno":1357}
{"timestamp":"2026-01-22T04:43:54.051697Z","level":"info","event":"Task instance in success state","logger":"task.stdout"}
{"timestamp":"2026-01-22T04:43:54.051780Z","level":"info","event":" Previous state of the Task instance: TaskInstanceState.RUNNING","logger":"task.stdout"}
{"timestamp":"2026-01-22T04:43:54.052391Z","level":"info","event":"Task operator:<Task(PythonOperator): ingest_api>","logger":"task.stdout"}
{"timestamp":"2026-01-22T05:37:33.174564Z","level":"critical","event":"\n******************************************* Received SIGSEGV *******************************************\nSIGSEGV (Segmentation Violation) signal indicates Segmentation Fault error which refers to\nan attempt by a program/library to write or read outside its allocated memory.\n\nIn Python environment usually this signal refers to libraries which use low level C API.\nMake sure that you use right libraries/Docker Images\nfor your architecture (Intel/ARM) and/or Operational System (Linux/macOS).\n\nSuggested way to debug\n======================\n  - Set environment variable 'PYTHONFAULTHANDLER' to 'true'.\n  - Start airflow services.\n  - Restart failed airflow task.\n  - Check 'scheduler' and 'worker' services logs for additional traceback\n    which might contain information about module/library where actual error happen.\n\nKnown Issues\n============\n\nNote: Only Linux-based distros supported as \"Production\" execution environment for Airflow.\n\nmacOS\n-----\n 1. Due to limitations in Apple's libraries not every process might 'fork' safe.\n    One of the general error is unable to query the macOS system configuration for network proxies.\n    If your are not using a proxy you could disable it by set environment variable 'no_proxy' to '*'.\n    See: https://github.com/python/cpython/issues/58037 and https://bugs.python.org/issue30385#msg293958\n********************************************************************************************************","logger":"task"}
{"timestamp":"2026-01-22T05:39:06.722476Z","level":"critical","event":"\n******************************************* Received SIGSEGV *******************************************\nSIGSEGV (Segmentation Violation) signal indicates Segmentation Fault error which refers to\nan attempt by a program/library to write or read outside its allocated memory.\n\nIn Python environment usually this signal refers to libraries which use low level C API.\nMake sure that you use right libraries/Docker Images\nfor your architecture (Intel/ARM) and/or Operational System (Linux/macOS).\n\nSuggested way to debug\n======================\n  - Set environment variable 'PYTHONFAULTHANDLER' to 'true'.\n  - Start airflow services.\n  - Restart failed airflow task.\n  - Check 'scheduler' and 'worker' services logs for additional traceback\n    which might contain information about module/library where actual error happen.\n\nKnown Issues\n============\n\nNote: Only Linux-based distros supported as \"Production\" execution environment for Airflow.\n\nmacOS\n-----\n 1. Due to limitations in Apple's libraries not every process might 'fork' safe.\n    One of the general error is unable to query the macOS system configuration for network proxies.\n    If your are not using a proxy you could disable it by set environment variable 'no_proxy' to '*'.\n    See: https://github.com/python/cpython/issues/58037 and https://bugs.python.org/issue30385#msg293958\n********************************************************************************************************","logger":"task"}
{"timestamp":"2026-01-22T05:49:17.065827Z","level":"info","event":"DAG bundles loaded: dags-folder, example_dags","logger":"airflow.dag_processing.bundles.manager.DagBundlesManager","filename":"manager.py","lineno":179}
{"timestamp":"2026-01-22T05:49:17.066229Z","level":"info","event":"Filling up the DagBag from /Users/apinto/Documents/BITS WILP/Sem2/Assignment/recomart_pipeline/airflow/dags/airflow_dag.py","logger":"airflow.models.dagbag.DagBag","filename":"dagbag.py","lineno":593}
{"timestamp":"2026-01-22T05:49:18.466149Z","level":"warning","event":"The `airflow.operators.python.PythonOperator` attribute is deprecated. Please use `'airflow.providers.standard.operators.python.PythonOperator'`.","category":"DeprecatedImportWarning","filename":"/Users/apinto/Documents/BITS WILP/Sem2/Assignment/recomart_pipeline/airflow/dags/airflow_dag.py","lineno":2,"logger":"py.warnings"}
{"timestamp":"2026-01-22T05:49:18.477194Z","level":"info","event":"Task instance is in running state","logger":"task.stdout"}
{"timestamp":"2026-01-22T05:49:18.477261Z","level":"info","event":" Previous state of the Task instance: TaskInstanceState.QUEUED","logger":"task.stdout"}
{"timestamp":"2026-01-22T05:49:18.477714Z","level":"info","event":"Current task name:ingest_api","logger":"task.stdout"}
{"timestamp":"2026-01-22T05:49:18.477745Z","level":"info","event":"Dag name:recomart_recommendation_pipeline","logger":"task.stdout"}
{"timestamp":"2026-01-22T05:49:18.478481Z","level":"info","event":"Starting API data ingestion...","logger":"task.stdout"}
{"timestamp":"2026-01-22T05:49:18.480786Z","level":"error","event":"2026-01-22 11:19:18 - api_ingestion - INFO - [logger.py:58] - Starting api_ingestion","logger":"task.stderr"}
{"timestamp":"2026-01-22T05:49:18.480798Z","level":"info","event":"Starting api_ingestion","logger":"api_ingestion","filename":"logger.py","lineno":58}
{"timestamp":"2026-01-22T05:49:18.482629Z","level":"error","event":"2026-01-22 11:19:18 - api_ingestion - INFO - [logger.py:58] - Starting api_ingestion","logger":"task.stderr"}
{"timestamp":"2026-01-22T05:49:18.482631Z","level":"info","event":"Starting api_ingestion","logger":"api_ingestion","filename":"logger.py","lineno":58}
{"timestamp":"2026-01-22T05:49:18.483442Z","level":"error","event":"2026-01-22 11:19:18 - api_ingestion - INFO - [api_ingestion.py:38] - Fetching data from https://fakestoreapi.com/products (attempt 1)","logger":"task.stderr"}
{"timestamp":"2026-01-22T05:49:18.483444Z","level":"info","event":"Fetching data from https://fakestoreapi.com/products (attempt 1)","logger":"api_ingestion","filename":"api_ingestion.py","lineno":38}
{"timestamp":"2026-01-22T05:49:19.041301Z","level":"error","event":"2026-01-22 11:19:19 - api_ingestion - INFO - [api_ingestion.py:51] - Response status code: 200","logger":"task.stderr"}
{"timestamp":"2026-01-22T05:49:19.041281Z","level":"info","event":"Response status code: 200","logger":"api_ingestion","filename":"api_ingestion.py","lineno":51}
{"timestamp":"2026-01-22T05:49:19.043258Z","level":"error","event":"2026-01-22 11:19:19 - api_ingestion - INFO - [api_ingestion.py:69] - Successfully fetched 20 records","logger":"task.stderr"}
{"timestamp":"2026-01-22T05:49:19.043263Z","level":"info","event":"Successfully fetched 20 records","logger":"api_ingestion","filename":"api_ingestion.py","lineno":69}
{"timestamp":"2026-01-22T05:49:19.045464Z","level":"error","event":"2026-01-22 11:19:19 - api_ingestion - INFO - [logger.py:65] - Completed api_ingestion in 0.56s","logger":"task.stderr"}
{"timestamp":"2026-01-22T05:49:19.045462Z","level":"info","event":"Completed api_ingestion in 0.56s","logger":"api_ingestion","filename":"logger.py","lineno":65}
{"timestamp":"2026-01-22T05:49:19.050457Z","level":"error","event":"2026-01-22 11:19:19 - api_ingestion - INFO - [api_ingestion.py:125] - Converted to DataFrame: (20, 7)","logger":"task.stderr"}
{"timestamp":"2026-01-22T05:49:19.050460Z","level":"info","event":"Converted to DataFrame: (20, 7)","logger":"api_ingestion","filename":"api_ingestion.py","lineno":125}
{"timestamp":"2026-01-22T05:49:19.052000Z","level":"error","event":"2026-01-22 11:19:19 - api_ingestion - INFO - [api_ingestion.py:126] - Columns: ['id', 'title', 'price', 'description', 'category', 'image', 'rating']","logger":"task.stderr"}
{"timestamp":"2026-01-22T05:49:19.051998Z","level":"info","event":"Columns: ['id', 'title', 'price', 'description', 'category', 'image', 'rating']","logger":"api_ingestion","filename":"api_ingestion.py","lineno":126}
{"timestamp":"2026-01-22T05:49:19.057414Z","level":"error","event":"2026-01-22 11:19:19 - api_ingestion - INFO - [api_ingestion.py:135] - Saved API data to: data/raw/product_api/2026/01/22/catalog/catalog_20260122_111919.json","logger":"task.stderr"}
{"timestamp":"2026-01-22T05:49:19.057415Z","level":"info","event":"Saved API data to: data/raw/product_api/2026/01/22/catalog/catalog_20260122_111919.json","logger":"api_ingestion","filename":"api_ingestion.py","lineno":135}
{"timestamp":"2026-01-22T05:49:19.059078Z","level":"error","event":"2026-01-22 11:19:19 - api_ingestion - INFO - [logger.py:65] - Completed api_ingestion in 0.58s","logger":"task.stderr"}
{"timestamp":"2026-01-22T05:49:19.059076Z","level":"info","event":"Completed api_ingestion in 0.58s","logger":"api_ingestion","filename":"logger.py","lineno":65}
{"timestamp":"2026-01-22T05:49:19.071945Z","level":"info","event":"Ingested 20 products","logger":"task.stdout"}
{"timestamp":"2026-01-22T05:49:19.072022Z","level":"info","event":"Done. Returned value was: data/raw/product_api/2026/01/22/catalog/catalog_20260122_111919.json","logger":"airflow.task.operators.airflow.providers.standard.operators.python.PythonOperator","filename":"python.py","lineno":216}
{"timestamp":"2026-01-22T05:49:19.072185Z","level":"info","event":"Pushing xcom","ti":"RuntimeTaskInstance(id=UUID('019be43f-f944-72f2-9d6b-e55725a5e600'), task_id='ingest_api', dag_id='recomart_recommendation_pipeline', run_id='scheduled__2026-01-22T00:00:00+00:00', try_number=1, dag_version_id=UUID('019be403-d3b1-7598-97fa-b6894e3d00a9'), map_index=-1, hostname='apinto-mbp', context_carrier={}, task=<Task(PythonOperator): ingest_api>, bundle_instance=LocalDagBundle(name=dags-folder), max_tries=2, start_date=datetime.datetime(2026, 1, 22, 5, 49, 16, 559076, tzinfo=datetime.timezone.utc), end_date=None, state=<TaskInstanceState.RUNNING: 'running'>, is_mapped=False, rendered_map_index=None)","logger":"task","filename":"task_runner.py","lineno":1357}
{"timestamp":"2026-01-22T05:49:19.081842Z","level":"info","event":"Task instance in success state","logger":"task.stdout"}
{"timestamp":"2026-01-22T05:49:19.081900Z","level":"info","event":" Previous state of the Task instance: TaskInstanceState.RUNNING","logger":"task.stdout"}
{"timestamp":"2026-01-22T05:49:19.082703Z","level":"info","event":"Task operator:<Task(PythonOperator): ingest_api>","logger":"task.stdout"}
{"timestamp":"2026-01-22T05:52:01.742379Z","level":"info","event":"DAG bundles loaded: dags-folder, example_dags","logger":"airflow.dag_processing.bundles.manager.DagBundlesManager","filename":"manager.py","lineno":179}
{"timestamp":"2026-01-22T05:52:01.742678Z","level":"info","event":"Filling up the DagBag from /Users/apinto/Documents/BITS WILP/Sem2/Assignment/recomart_pipeline/airflow/dags/airflow_dag.py","logger":"airflow.models.dagbag.DagBag","filename":"dagbag.py","lineno":593}
{"timestamp":"2026-01-22T05:52:03.405699Z","level":"warning","event":"The `airflow.operators.python.PythonOperator` attribute is deprecated. Please use `'airflow.providers.standard.operators.python.PythonOperator'`.","category":"DeprecatedImportWarning","filename":"/Users/apinto/Documents/BITS WILP/Sem2/Assignment/recomart_pipeline/airflow/dags/airflow_dag.py","lineno":2,"logger":"py.warnings"}
{"timestamp":"2026-01-22T05:52:03.420438Z","level":"info","event":"Task instance is in running state","logger":"task.stdout"}
{"timestamp":"2026-01-22T05:52:03.420558Z","level":"info","event":" Previous state of the Task instance: TaskInstanceState.QUEUED","logger":"task.stdout"}
{"timestamp":"2026-01-22T05:52:03.421630Z","level":"info","event":"Current task name:ingest_api","logger":"task.stdout"}
{"timestamp":"2026-01-22T05:52:03.421682Z","level":"info","event":"Dag name:recomart_recommendation_pipeline","logger":"task.stdout"}
{"timestamp":"2026-01-22T05:52:03.422638Z","level":"info","event":"Starting API data ingestion...","logger":"task.stdout"}
{"timestamp":"2026-01-22T05:52:03.424873Z","level":"error","event":"2026-01-22 11:22:03 - api_ingestion - INFO - [logger.py:58] - Starting api_ingestion","logger":"task.stderr"}
{"timestamp":"2026-01-22T05:52:03.424868Z","level":"info","event":"Starting api_ingestion","logger":"api_ingestion","filename":"logger.py","lineno":58}
{"timestamp":"2026-01-22T05:52:03.427117Z","level":"error","event":"2026-01-22 11:22:03 - api_ingestion - INFO - [logger.py:58] - Starting api_ingestion","logger":"task.stderr"}
{"timestamp":"2026-01-22T05:52:03.427112Z","level":"info","event":"Starting api_ingestion","logger":"api_ingestion","filename":"logger.py","lineno":58}
{"timestamp":"2026-01-22T05:52:03.427900Z","level":"error","event":"2026-01-22 11:22:03 - api_ingestion - INFO - [api_ingestion.py:38] - Fetching data from https://fakestoreapi.com/products (attempt 1)","logger":"task.stderr"}
{"timestamp":"2026-01-22T05:52:03.427890Z","level":"info","event":"Fetching data from https://fakestoreapi.com/products (attempt 1)","logger":"api_ingestion","filename":"api_ingestion.py","lineno":38}
{"timestamp":"2026-01-22T05:52:03.980658Z","level":"error","event":"2026-01-22 11:22:03 - api_ingestion - INFO - [api_ingestion.py:51] - Response status code: 200","logger":"task.stderr"}
{"timestamp":"2026-01-22T05:52:03.980647Z","level":"info","event":"Response status code: 200","logger":"api_ingestion","filename":"api_ingestion.py","lineno":51}
{"timestamp":"2026-01-22T05:52:03.981499Z","level":"error","event":"2026-01-22 11:22:03 - api_ingestion - INFO - [api_ingestion.py:69] - Successfully fetched 20 records","logger":"task.stderr"}
{"timestamp":"2026-01-22T05:52:03.981504Z","level":"info","event":"Successfully fetched 20 records","logger":"api_ingestion","filename":"api_ingestion.py","lineno":69}
{"timestamp":"2026-01-22T05:52:03.982555Z","level":"error","event":"2026-01-22 11:22:03 - api_ingestion - INFO - [logger.py:65] - Completed api_ingestion in 0.56s","logger":"task.stderr"}
{"timestamp":"2026-01-22T05:52:03.982549Z","level":"info","event":"Completed api_ingestion in 0.56s","logger":"api_ingestion","filename":"logger.py","lineno":65}
{"timestamp":"2026-01-22T05:52:03.986726Z","level":"error","event":"2026-01-22 11:22:03 - api_ingestion - INFO - [api_ingestion.py:125] - Converted to DataFrame: (20, 7)","logger":"task.stderr"}
{"timestamp":"2026-01-22T05:52:03.986723Z","level":"info","event":"Converted to DataFrame: (20, 7)","logger":"api_ingestion","filename":"api_ingestion.py","lineno":125}
{"timestamp":"2026-01-22T05:52:03.987455Z","level":"error","event":"2026-01-22 11:22:03 - api_ingestion - INFO - [api_ingestion.py:126] - Columns: ['id', 'title', 'price', 'description', 'category', 'image', 'rating']","logger":"task.stderr"}
{"timestamp":"2026-01-22T05:52:03.987445Z","level":"info","event":"Columns: ['id', 'title', 'price', 'description', 'category', 'image', 'rating']","logger":"api_ingestion","filename":"api_ingestion.py","lineno":126}
{"timestamp":"2026-01-22T05:52:03.992118Z","level":"error","event":"2026-01-22 11:22:03 - api_ingestion - INFO - [api_ingestion.py:135] - Saved API data to: data/raw/product_api/2026/01/22/catalog/catalog_20260122_112203.json","logger":"task.stderr"}
{"timestamp":"2026-01-22T05:52:03.992115Z","level":"info","event":"Saved API data to: data/raw/product_api/2026/01/22/catalog/catalog_20260122_112203.json","logger":"api_ingestion","filename":"api_ingestion.py","lineno":135}
{"timestamp":"2026-01-22T05:52:03.993336Z","level":"error","event":"2026-01-22 11:22:03 - api_ingestion - INFO - [logger.py:65] - Completed api_ingestion in 0.57s","logger":"task.stderr"}
{"timestamp":"2026-01-22T05:52:03.993331Z","level":"info","event":"Completed api_ingestion in 0.57s","logger":"api_ingestion","filename":"logger.py","lineno":65}
{"timestamp":"2026-01-22T05:52:04.006707Z","level":"info","event":"Ingested 20 products","logger":"task.stdout"}
{"timestamp":"2026-01-22T05:52:04.006760Z","level":"info","event":"Done. Returned value was: data/raw/product_api/2026/01/22/catalog/catalog_20260122_112203.json","logger":"airflow.task.operators.airflow.providers.standard.operators.python.PythonOperator","filename":"python.py","lineno":216}
{"timestamp":"2026-01-22T05:52:04.006873Z","level":"info","event":"Pushing xcom","ti":"RuntimeTaskInstance(id=UUID('019be442-7b70-7845-9987-f65ab0c331ff'), task_id='ingest_api', dag_id='recomart_recommendation_pipeline', run_id='scheduled__2026-01-22T00:00:00+00:00', try_number=1, dag_version_id=UUID('019be403-d3b1-7598-97fa-b6894e3d00a9'), map_index=-1, hostname='apinto-mbp', context_carrier={}, task=<Task(PythonOperator): ingest_api>, bundle_instance=LocalDagBundle(name=dags-folder), max_tries=2, start_date=datetime.datetime(2026, 1, 22, 5, 52, 0, 959526, tzinfo=datetime.timezone.utc), end_date=None, state=<TaskInstanceState.RUNNING: 'running'>, is_mapped=False, rendered_map_index=None)","logger":"task","filename":"task_runner.py","lineno":1357}
{"timestamp":"2026-01-22T05:52:04.017172Z","level":"info","event":"Task instance in success state","logger":"task.stdout"}
{"timestamp":"2026-01-22T05:52:04.017234Z","level":"info","event":" Previous state of the Task instance: TaskInstanceState.RUNNING","logger":"task.stdout"}
{"timestamp":"2026-01-22T05:52:04.017807Z","level":"info","event":"Task operator:<Task(PythonOperator): ingest_api>","logger":"task.stdout"}
{"timestamp":"2026-01-22T05:52:53.745178Z","level":"info","event":"DAG bundles loaded: dags-folder, example_dags","logger":"airflow.dag_processing.bundles.manager.DagBundlesManager","filename":"manager.py","lineno":179}
{"timestamp":"2026-01-22T05:52:53.745468Z","level":"info","event":"Filling up the DagBag from /Users/apinto/Documents/BITS WILP/Sem2/Assignment/recomart_pipeline/airflow/dags/airflow_dag.py","logger":"airflow.models.dagbag.DagBag","filename":"dagbag.py","lineno":593}
{"timestamp":"2026-01-22T05:52:55.368464Z","level":"warning","event":"The `airflow.operators.python.PythonOperator` attribute is deprecated. Please use `'airflow.providers.standard.operators.python.PythonOperator'`.","category":"DeprecatedImportWarning","filename":"/Users/apinto/Documents/BITS WILP/Sem2/Assignment/recomart_pipeline/airflow/dags/airflow_dag.py","lineno":2,"logger":"py.warnings"}
{"timestamp":"2026-01-22T05:52:55.390357Z","level":"info","event":"Task instance is in running state","logger":"task.stdout"}
{"timestamp":"2026-01-22T05:52:55.390427Z","level":"info","event":" Previous state of the Task instance: TaskInstanceState.QUEUED","logger":"task.stdout"}
{"timestamp":"2026-01-22T05:52:55.390931Z","level":"info","event":"Current task name:ingest_api","logger":"task.stdout"}
{"timestamp":"2026-01-22T05:52:55.390972Z","level":"info","event":"Dag name:recomart_recommendation_pipeline","logger":"task.stdout"}
{"timestamp":"2026-01-22T05:52:55.391926Z","level":"info","event":"Starting API data ingestion...","logger":"task.stdout"}
{"timestamp":"2026-01-22T05:52:55.394488Z","level":"error","event":"2026-01-22 11:22:55 - api_ingestion - INFO - [logger.py:58] - Starting api_ingestion","logger":"task.stderr"}
{"timestamp":"2026-01-22T05:52:55.394489Z","level":"info","event":"Starting api_ingestion","logger":"api_ingestion","filename":"logger.py","lineno":58}
{"timestamp":"2026-01-22T05:52:55.396558Z","level":"error","event":"2026-01-22 11:22:55 - api_ingestion - INFO - [logger.py:58] - Starting api_ingestion","logger":"task.stderr"}
{"timestamp":"2026-01-22T05:52:55.396556Z","level":"info","event":"Starting api_ingestion","logger":"api_ingestion","filename":"logger.py","lineno":58}
{"timestamp":"2026-01-22T05:52:55.397222Z","level":"error","event":"2026-01-22 11:22:55 - api_ingestion - INFO - [api_ingestion.py:38] - Fetching data from https://fakestoreapi.com/products (attempt 1)","logger":"task.stderr"}
{"timestamp":"2026-01-22T05:52:55.397223Z","level":"info","event":"Fetching data from https://fakestoreapi.com/products (attempt 1)","logger":"api_ingestion","filename":"api_ingestion.py","lineno":38}
{"timestamp":"2026-01-22T05:52:56.002230Z","level":"error","event":"2026-01-22 11:22:55 - api_ingestion - INFO - [api_ingestion.py:51] - Response status code: 200","logger":"task.stderr"}
{"timestamp":"2026-01-22T05:52:56.002217Z","level":"info","event":"Response status code: 200","logger":"api_ingestion","filename":"api_ingestion.py","lineno":51}
{"timestamp":"2026-01-22T05:52:56.004774Z","level":"error","event":"2026-01-22 11:22:56 - api_ingestion - INFO - [api_ingestion.py:69] - Successfully fetched 20 records","logger":"task.stderr"}
{"timestamp":"2026-01-22T05:52:56.004770Z","level":"info","event":"Successfully fetched 20 records","logger":"api_ingestion","filename":"api_ingestion.py","lineno":69}
{"timestamp":"2026-01-22T05:52:56.007495Z","level":"error","event":"2026-01-22 11:22:56 - api_ingestion - INFO - [logger.py:65] - Completed api_ingestion in 0.61s","logger":"task.stderr"}
{"timestamp":"2026-01-22T05:52:56.007494Z","level":"info","event":"Completed api_ingestion in 0.61s","logger":"api_ingestion","filename":"logger.py","lineno":65}
{"timestamp":"2026-01-22T05:52:56.011145Z","level":"error","event":"2026-01-22 11:22:56 - api_ingestion - INFO - [api_ingestion.py:125] - Converted to DataFrame: (20, 7)","logger":"task.stderr"}
{"timestamp":"2026-01-22T05:52:56.011132Z","level":"info","event":"Converted to DataFrame: (20, 7)","logger":"api_ingestion","filename":"api_ingestion.py","lineno":125}
{"timestamp":"2026-01-22T05:52:56.011965Z","level":"error","event":"2026-01-22 11:22:56 - api_ingestion - INFO - [api_ingestion.py:126] - Columns: ['id', 'title', 'price', 'description', 'category', 'image', 'rating']","logger":"task.stderr"}
{"timestamp":"2026-01-22T05:52:56.011969Z","level":"info","event":"Columns: ['id', 'title', 'price', 'description', 'category', 'image', 'rating']","logger":"api_ingestion","filename":"api_ingestion.py","lineno":126}
{"timestamp":"2026-01-22T05:52:56.015138Z","level":"error","event":"2026-01-22 11:22:56 - api_ingestion - INFO - [api_ingestion.py:135] - Saved API data to: data/raw/product_api/2026/01/22/catalog/catalog_20260122_112256.json","logger":"task.stderr"}
{"timestamp":"2026-01-22T05:52:56.015138Z","level":"info","event":"Saved API data to: data/raw/product_api/2026/01/22/catalog/catalog_20260122_112256.json","logger":"api_ingestion","filename":"api_ingestion.py","lineno":135}
{"timestamp":"2026-01-22T05:52:56.016182Z","level":"error","event":"2026-01-22 11:22:56 - api_ingestion - INFO - [logger.py:65] - Completed api_ingestion in 0.62s","logger":"task.stderr"}
{"timestamp":"2026-01-22T05:52:56.016180Z","level":"info","event":"Completed api_ingestion in 0.62s","logger":"api_ingestion","filename":"logger.py","lineno":65}
{"timestamp":"2026-01-22T05:52:56.024572Z","level":"info","event":"Ingested 20 products","logger":"task.stdout"}
{"timestamp":"2026-01-22T05:52:56.024617Z","level":"info","event":"Done. Returned value was: data/raw/product_api/2026/01/22/catalog/catalog_20260122_112256.json","logger":"airflow.task.operators.airflow.providers.standard.operators.python.PythonOperator","filename":"python.py","lineno":216}
{"timestamp":"2026-01-22T05:52:56.024711Z","level":"info","event":"Pushing xcom","ti":"RuntimeTaskInstance(id=UUID('019be443-3cca-73a6-b5a4-ebba3905c9ff'), task_id='ingest_api', dag_id='recomart_recommendation_pipeline', run_id='scheduled__2026-01-22T00:00:00+00:00', try_number=1, dag_version_id=UUID('019be403-d3b1-7598-97fa-b6894e3d00a9'), map_index=-1, hostname='apinto-mbp', context_carrier={}, task=<Task(PythonOperator): ingest_api>, bundle_instance=LocalDagBundle(name=dags-folder), max_tries=2, start_date=datetime.datetime(2026, 1, 22, 5, 52, 52, 471880, tzinfo=datetime.timezone.utc), end_date=None, state=<TaskInstanceState.RUNNING: 'running'>, is_mapped=False, rendered_map_index=None)","logger":"task","filename":"task_runner.py","lineno":1357}
{"timestamp":"2026-01-22T05:52:56.032192Z","level":"info","event":"Task instance in success state","logger":"task.stdout"}
{"timestamp":"2026-01-22T05:52:56.032239Z","level":"info","event":" Previous state of the Task instance: TaskInstanceState.RUNNING","logger":"task.stdout"}
{"timestamp":"2026-01-22T05:52:56.032672Z","level":"info","event":"Task operator:<Task(PythonOperator): ingest_api>","logger":"task.stdout"}
{"timestamp":"2026-01-22T06:07:52.272462Z","level":"info","event":"DAG bundles loaded: dags-folder, example_dags","logger":"airflow.dag_processing.bundles.manager.DagBundlesManager","filename":"manager.py","lineno":179}
{"timestamp":"2026-01-22T06:07:52.272969Z","level":"info","event":"Filling up the DagBag from /Users/apinto/Documents/BITS WILP/Sem2/Assignment/recomart_pipeline/airflow/dags/airflow_dag.py","logger":"airflow.models.dagbag.DagBag","filename":"dagbag.py","lineno":593}
{"timestamp":"2026-01-22T06:07:54.189758Z","level":"warning","event":"The `airflow.operators.python.PythonOperator` attribute is deprecated. Please use `'airflow.providers.standard.operators.python.PythonOperator'`.","category":"DeprecatedImportWarning","filename":"/Users/apinto/Documents/BITS WILP/Sem2/Assignment/recomart_pipeline/airflow/dags/airflow_dag.py","lineno":2,"logger":"py.warnings"}
{"timestamp":"2026-01-22T06:07:54.217192Z","level":"info","event":"Task instance is in running state","logger":"task.stdout"}
{"timestamp":"2026-01-22T06:07:54.217279Z","level":"info","event":" Previous state of the Task instance: TaskInstanceState.QUEUED","logger":"task.stdout"}
{"timestamp":"2026-01-22T06:07:54.217619Z","level":"info","event":"Current task name:ingest_api","logger":"task.stdout"}
{"timestamp":"2026-01-22T06:07:54.217649Z","level":"info","event":"Dag name:recomart_recommendation_pipeline","logger":"task.stdout"}
{"timestamp":"2026-01-22T06:07:54.218394Z","level":"info","event":"Starting API data ingestion...","logger":"task.stdout"}
{"timestamp":"2026-01-22T06:07:54.220902Z","level":"error","event":"2026-01-22 11:37:54 - api_ingestion - INFO - [logger.py:58] - Starting api_ingestion","logger":"task.stderr"}
{"timestamp":"2026-01-22T06:07:54.220916Z","level":"info","event":"Starting api_ingestion","logger":"api_ingestion","filename":"logger.py","lineno":58}
{"timestamp":"2026-01-22T06:07:54.222539Z","level":"error","event":"2026-01-22 11:37:54 - api_ingestion - INFO - [logger.py:58] - Starting api_ingestion","logger":"task.stderr"}
{"timestamp":"2026-01-22T06:07:54.222546Z","level":"info","event":"Starting api_ingestion","logger":"api_ingestion","filename":"logger.py","lineno":58}
{"timestamp":"2026-01-22T06:07:54.223223Z","level":"error","event":"2026-01-22 11:37:54 - api_ingestion - INFO - [api_ingestion.py:38] - Fetching data from https://fakestoreapi.com/products (attempt 1)","logger":"task.stderr"}
{"timestamp":"2026-01-22T06:07:54.223225Z","level":"info","event":"Fetching data from https://fakestoreapi.com/products (attempt 1)","logger":"api_ingestion","filename":"api_ingestion.py","lineno":38}
{"timestamp":"2026-01-22T06:07:54.824779Z","level":"error","event":"2026-01-22 11:37:54 - api_ingestion - INFO - [api_ingestion.py:51] - Response status code: 200","logger":"task.stderr"}
{"timestamp":"2026-01-22T06:07:54.824762Z","level":"info","event":"Response status code: 200","logger":"api_ingestion","filename":"api_ingestion.py","lineno":51}
{"timestamp":"2026-01-22T06:07:54.825988Z","level":"error","event":"2026-01-22 11:37:54 - api_ingestion - INFO - [api_ingestion.py:69] - Successfully fetched 20 records","logger":"task.stderr"}
{"timestamp":"2026-01-22T06:07:54.825995Z","level":"info","event":"Successfully fetched 20 records","logger":"api_ingestion","filename":"api_ingestion.py","lineno":69}
{"timestamp":"2026-01-22T06:07:54.827101Z","level":"error","event":"2026-01-22 11:37:54 - api_ingestion - INFO - [logger.py:65] - Completed api_ingestion in 0.60s","logger":"task.stderr"}
{"timestamp":"2026-01-22T06:07:54.827101Z","level":"info","event":"Completed api_ingestion in 0.60s","logger":"api_ingestion","filename":"logger.py","lineno":65}
{"timestamp":"2026-01-22T06:07:54.829419Z","level":"error","event":"2026-01-22 11:37:54 - api_ingestion - INFO - [api_ingestion.py:125] - Converted to DataFrame: (20, 7)","logger":"task.stderr"}
{"timestamp":"2026-01-22T06:07:54.829417Z","level":"info","event":"Converted to DataFrame: (20, 7)","logger":"api_ingestion","filename":"api_ingestion.py","lineno":125}
{"timestamp":"2026-01-22T06:07:54.830214Z","level":"error","event":"2026-01-22 11:37:54 - api_ingestion - INFO - [api_ingestion.py:126] - Columns: ['id', 'title', 'price', 'description', 'category', 'image', 'rating']","logger":"task.stderr"}
{"timestamp":"2026-01-22T06:07:54.830212Z","level":"info","event":"Columns: ['id', 'title', 'price', 'description', 'category', 'image', 'rating']","logger":"api_ingestion","filename":"api_ingestion.py","lineno":126}
{"timestamp":"2026-01-22T06:07:54.833381Z","level":"error","event":"2026-01-22 11:37:54 - api_ingestion - INFO - [api_ingestion.py:135] - Saved API data to: data/raw/product_api/2026/01/22/catalog/catalog_20260122_113754.json","logger":"task.stderr"}
{"timestamp":"2026-01-22T06:07:54.833373Z","level":"info","event":"Saved API data to: data/raw/product_api/2026/01/22/catalog/catalog_20260122_113754.json","logger":"api_ingestion","filename":"api_ingestion.py","lineno":135}
{"timestamp":"2026-01-22T06:07:54.834373Z","level":"error","event":"2026-01-22 11:37:54 - api_ingestion - INFO - [logger.py:65] - Completed api_ingestion in 0.61s","logger":"task.stderr"}
{"timestamp":"2026-01-22T06:07:54.834367Z","level":"info","event":"Completed api_ingestion in 0.61s","logger":"api_ingestion","filename":"logger.py","lineno":65}
{"timestamp":"2026-01-22T06:07:54.843765Z","level":"info","event":"Ingested 20 products","logger":"task.stdout"}
{"timestamp":"2026-01-22T06:07:54.843821Z","level":"info","event":"Done. Returned value was: data/raw/product_api/2026/01/22/catalog/catalog_20260122_113754.json","logger":"airflow.task.operators.airflow.providers.standard.operators.python.PythonOperator","filename":"python.py","lineno":216}
{"timestamp":"2026-01-22T06:07:54.843939Z","level":"info","event":"Pushing xcom","ti":"RuntimeTaskInstance(id=UUID('019be450-efc4-76fa-8afb-b6e3a0bc07e5'), task_id='ingest_api', dag_id='recomart_recommendation_pipeline', run_id='scheduled__2026-01-22T00:00:00+00:00', try_number=1, dag_version_id=UUID('019be403-d3b1-7598-97fa-b6894e3d00a9'), map_index=-1, hostname='apinto-mbp', context_carrier={}, task=<Task(PythonOperator): ingest_api>, bundle_instance=LocalDagBundle(name=dags-folder), max_tries=2, start_date=datetime.datetime(2026, 1, 22, 6, 7, 50, 794616, tzinfo=datetime.timezone.utc), end_date=None, state=<TaskInstanceState.RUNNING: 'running'>, is_mapped=False, rendered_map_index=None)","logger":"task","filename":"task_runner.py","lineno":1357}
{"timestamp":"2026-01-22T06:07:54.851997Z","level":"info","event":"Task instance in success state","logger":"task.stdout"}
{"timestamp":"2026-01-22T06:07:54.852058Z","level":"info","event":" Previous state of the Task instance: TaskInstanceState.RUNNING","logger":"task.stdout"}
{"timestamp":"2026-01-22T06:07:54.852771Z","level":"info","event":"Task operator:<Task(PythonOperator): ingest_api>","logger":"task.stdout"}
{"timestamp":"2026-01-22T06:09:08.177532Z","level":"info","event":"DAG bundles loaded: dags-folder, example_dags","logger":"airflow.dag_processing.bundles.manager.DagBundlesManager","filename":"manager.py","lineno":179}
{"timestamp":"2026-01-22T06:09:08.178224Z","level":"info","event":"Filling up the DagBag from /Users/apinto/Documents/BITS WILP/Sem2/Assignment/recomart_pipeline/airflow/dags/airflow_dag.py","logger":"airflow.models.dagbag.DagBag","filename":"dagbag.py","lineno":593}
{"timestamp":"2026-01-22T06:09:09.772256Z","level":"warning","event":"The `airflow.operators.python.PythonOperator` attribute is deprecated. Please use `'airflow.providers.standard.operators.python.PythonOperator'`.","category":"DeprecatedImportWarning","filename":"/Users/apinto/Documents/BITS WILP/Sem2/Assignment/recomart_pipeline/airflow/dags/airflow_dag.py","lineno":2,"logger":"py.warnings"}
{"timestamp":"2026-01-22T06:09:09.787927Z","level":"info","event":"Task instance is in running state","logger":"task.stdout"}
{"timestamp":"2026-01-22T06:09:09.787998Z","level":"info","event":" Previous state of the Task instance: TaskInstanceState.QUEUED","logger":"task.stdout"}
{"timestamp":"2026-01-22T06:09:09.788441Z","level":"info","event":"Current task name:ingest_api","logger":"task.stdout"}
{"timestamp":"2026-01-22T06:09:09.788494Z","level":"info","event":"Dag name:recomart_recommendation_pipeline","logger":"task.stdout"}
{"timestamp":"2026-01-22T06:09:09.789471Z","level":"info","event":"Starting API data ingestion...","logger":"task.stdout"}
{"timestamp":"2026-01-22T06:09:09.791581Z","level":"error","event":"2026-01-22 11:39:09 - api_ingestion - INFO - [logger.py:58] - Starting api_ingestion","logger":"task.stderr"}
{"timestamp":"2026-01-22T06:09:09.791580Z","level":"info","event":"Starting api_ingestion","logger":"api_ingestion","filename":"logger.py","lineno":58}
{"timestamp":"2026-01-22T06:09:09.793279Z","level":"error","event":"2026-01-22 11:39:09 - api_ingestion - INFO - [logger.py:58] - Starting api_ingestion","logger":"task.stderr"}
{"timestamp":"2026-01-22T06:09:09.793273Z","level":"info","event":"Starting api_ingestion","logger":"api_ingestion","filename":"logger.py","lineno":58}
{"timestamp":"2026-01-22T06:09:09.793759Z","level":"error","event":"2026-01-22 11:39:09 - api_ingestion - INFO - [api_ingestion.py:38] - Fetching data from https://fakestoreapi.com/products (attempt 1)","logger":"task.stderr"}
{"timestamp":"2026-01-22T06:09:09.793755Z","level":"info","event":"Fetching data from https://fakestoreapi.com/products (attempt 1)","logger":"api_ingestion","filename":"api_ingestion.py","lineno":38}
{"timestamp":"2026-01-22T06:09:10.265641Z","level":"error","event":"2026-01-22 11:39:10 - api_ingestion - INFO - [api_ingestion.py:51] - Response status code: 200","logger":"task.stderr"}
{"timestamp":"2026-01-22T06:09:10.265627Z","level":"info","event":"Response status code: 200","logger":"api_ingestion","filename":"api_ingestion.py","lineno":51}
{"timestamp":"2026-01-22T06:09:10.266538Z","level":"error","event":"2026-01-22 11:39:10 - api_ingestion - INFO - [api_ingestion.py:69] - Successfully fetched 20 records","logger":"task.stderr"}
{"timestamp":"2026-01-22T06:09:10.266534Z","level":"info","event":"Successfully fetched 20 records","logger":"api_ingestion","filename":"api_ingestion.py","lineno":69}
{"timestamp":"2026-01-22T06:09:10.267699Z","level":"error","event":"2026-01-22 11:39:10 - api_ingestion - INFO - [logger.py:65] - Completed api_ingestion in 0.47s","logger":"task.stderr"}
{"timestamp":"2026-01-22T06:09:10.267695Z","level":"info","event":"Completed api_ingestion in 0.47s","logger":"api_ingestion","filename":"logger.py","lineno":65}
{"timestamp":"2026-01-22T06:09:10.270171Z","level":"error","event":"2026-01-22 11:39:10 - api_ingestion - INFO - [api_ingestion.py:125] - Converted to DataFrame: (20, 7)","logger":"task.stderr"}
{"timestamp":"2026-01-22T06:09:10.270171Z","level":"info","event":"Converted to DataFrame: (20, 7)","logger":"api_ingestion","filename":"api_ingestion.py","lineno":125}
{"timestamp":"2026-01-22T06:09:10.271070Z","level":"error","event":"2026-01-22 11:39:10 - api_ingestion - INFO - [api_ingestion.py:126] - Columns: ['id', 'title', 'price', 'description', 'category', 'image', 'rating']","logger":"task.stderr"}
{"timestamp":"2026-01-22T06:09:10.271067Z","level":"info","event":"Columns: ['id', 'title', 'price', 'description', 'category', 'image', 'rating']","logger":"api_ingestion","filename":"api_ingestion.py","lineno":126}
{"timestamp":"2026-01-22T06:09:10.274973Z","level":"error","event":"2026-01-22 11:39:10 - api_ingestion - INFO - [api_ingestion.py:135] - Saved API data to: data/raw/product_api/2026/01/22/catalog/catalog_20260122_113910.json","logger":"task.stderr"}
{"timestamp":"2026-01-22T06:09:10.274972Z","level":"info","event":"Saved API data to: data/raw/product_api/2026/01/22/catalog/catalog_20260122_113910.json","logger":"api_ingestion","filename":"api_ingestion.py","lineno":135}
{"timestamp":"2026-01-22T06:09:10.276233Z","level":"error","event":"2026-01-22 11:39:10 - api_ingestion - INFO - [logger.py:65] - Completed api_ingestion in 0.48s","logger":"task.stderr"}
{"timestamp":"2026-01-22T06:09:10.276231Z","level":"info","event":"Completed api_ingestion in 0.48s","logger":"api_ingestion","filename":"logger.py","lineno":65}
{"timestamp":"2026-01-22T06:09:10.283902Z","level":"info","event":"Ingested 20 products","logger":"task.stdout"}
{"timestamp":"2026-01-22T06:09:10.283954Z","level":"info","event":"Done. Returned value was: data/raw/product_api/2026/01/22/catalog/catalog_20260122_113910.json","logger":"airflow.task.operators.airflow.providers.standard.operators.python.PythonOperator","filename":"python.py","lineno":216}
{"timestamp":"2026-01-22T06:09:10.284060Z","level":"info","event":"Pushing xcom","ti":"RuntimeTaskInstance(id=UUID('019be452-260b-7368-b0ed-5a4acc6f33c8'), task_id='ingest_api', dag_id='recomart_recommendation_pipeline', run_id='scheduled__2026-01-22T00:00:00+00:00', try_number=1, dag_version_id=UUID('019be403-d3b1-7598-97fa-b6894e3d00a9'), map_index=-1, hostname='apinto-mbp', context_carrier={}, task=<Task(PythonOperator): ingest_api>, bundle_instance=LocalDagBundle(name=dags-folder), max_tries=2, start_date=datetime.datetime(2026, 1, 22, 6, 9, 7, 614339, tzinfo=datetime.timezone.utc), end_date=None, state=<TaskInstanceState.RUNNING: 'running'>, is_mapped=False, rendered_map_index=None)","logger":"task","filename":"task_runner.py","lineno":1357}
{"timestamp":"2026-01-22T06:09:10.290730Z","level":"info","event":"Task instance in success state","logger":"task.stdout"}
{"timestamp":"2026-01-22T06:09:10.290783Z","level":"info","event":" Previous state of the Task instance: TaskInstanceState.RUNNING","logger":"task.stdout"}
{"timestamp":"2026-01-22T06:09:10.291336Z","level":"info","event":"Task operator:<Task(PythonOperator): ingest_api>","logger":"task.stdout"}
{"timestamp":"2026-01-22T06:24:34.620971Z","level":"critical","event":"\n******************************************* Received SIGSEGV *******************************************\nSIGSEGV (Segmentation Violation) signal indicates Segmentation Fault error which refers to\nan attempt by a program/library to write or read outside its allocated memory.\n\nIn Python environment usually this signal refers to libraries which use low level C API.\nMake sure that you use right libraries/Docker Images\nfor your architecture (Intel/ARM) and/or Operational System (Linux/macOS).\n\nSuggested way to debug\n======================\n  - Set environment variable 'PYTHONFAULTHANDLER' to 'true'.\n  - Start airflow services.\n  - Restart failed airflow task.\n  - Check 'scheduler' and 'worker' services logs for additional traceback\n    which might contain information about module/library where actual error happen.\n\nKnown Issues\n============\n\nNote: Only Linux-based distros supported as \"Production\" execution environment for Airflow.\n\nmacOS\n-----\n 1. Due to limitations in Apple's libraries not every process might 'fork' safe.\n    One of the general error is unable to query the macOS system configuration for network proxies.\n    If your are not using a proxy you could disable it by set environment variable 'no_proxy' to '*'.\n    See: https://github.com/python/cpython/issues/58037 and https://bugs.python.org/issue30385#msg293958\n********************************************************************************************************","logger":"task"}
{"timestamp":"2026-01-22T06:28:18.232716Z","level":"info","event":"DAG bundles loaded: dags-folder, example_dags","logger":"airflow.dag_processing.bundles.manager.DagBundlesManager","filename":"manager.py","lineno":179}
{"timestamp":"2026-01-22T06:28:18.233239Z","level":"info","event":"Filling up the DagBag from /Users/apinto/Documents/BITS WILP/Sem2/Assignment/recomart_pipeline/airflow/dags/airflow_dag.py","logger":"airflow.models.dagbag.DagBag","filename":"dagbag.py","lineno":593}
{"timestamp":"2026-01-22T06:28:20.224415Z","level":"warning","event":"The `airflow.operators.python.PythonOperator` attribute is deprecated. Please use `'airflow.providers.standard.operators.python.PythonOperator'`.","category":"DeprecatedImportWarning","filename":"/Users/apinto/Documents/BITS WILP/Sem2/Assignment/recomart_pipeline/airflow/dags/airflow_dag.py","lineno":2,"logger":"py.warnings"}
{"timestamp":"2026-01-22T06:28:20.266493Z","level":"info","event":"Task instance is in running state","logger":"task.stdout"}
{"timestamp":"2026-01-22T06:28:20.266574Z","level":"info","event":" Previous state of the Task instance: TaskInstanceState.QUEUED","logger":"task.stdout"}
{"timestamp":"2026-01-22T06:28:20.267067Z","level":"info","event":"Current task name:ingest_api","logger":"task.stdout"}
{"timestamp":"2026-01-22T06:28:20.267113Z","level":"info","event":"Dag name:recomart_recommendation_pipeline","logger":"task.stdout"}
{"timestamp":"2026-01-22T06:28:20.267979Z","level":"info","event":"Starting API data ingestion...","logger":"task.stdout"}
{"timestamp":"2026-01-22T06:28:20.270729Z","level":"error","event":"2026-01-22 11:58:20 - api_ingestion - INFO - [logger.py:58] - Starting api_ingestion","logger":"task.stderr"}
{"timestamp":"2026-01-22T06:28:20.270727Z","level":"info","event":"Starting api_ingestion","logger":"api_ingestion","filename":"logger.py","lineno":58}
{"timestamp":"2026-01-22T06:28:20.272842Z","level":"error","event":"2026-01-22 11:58:20 - api_ingestion - INFO - [logger.py:58] - Starting api_ingestion","logger":"task.stderr"}
{"timestamp":"2026-01-22T06:28:20.272843Z","level":"info","event":"Starting api_ingestion","logger":"api_ingestion","filename":"logger.py","lineno":58}
{"timestamp":"2026-01-22T06:28:20.273772Z","level":"error","event":"2026-01-22 11:58:20 - api_ingestion - INFO - [api_ingestion.py:38] - Fetching data from https://fakestoreapi.com/products (attempt 1)","logger":"task.stderr"}
{"timestamp":"2026-01-22T06:28:20.273771Z","level":"info","event":"Fetching data from https://fakestoreapi.com/products (attempt 1)","logger":"api_ingestion","filename":"api_ingestion.py","lineno":38}
{"timestamp":"2026-01-22T06:28:20.855663Z","level":"error","event":"2026-01-22 11:58:20 - api_ingestion - INFO - [api_ingestion.py:51] - Response status code: 200","logger":"task.stderr"}
{"timestamp":"2026-01-22T06:28:20.855642Z","level":"info","event":"Response status code: 200","logger":"api_ingestion","filename":"api_ingestion.py","lineno":51}
{"timestamp":"2026-01-22T06:28:20.856734Z","level":"error","event":"2026-01-22 11:58:20 - api_ingestion - INFO - [api_ingestion.py:69] - Successfully fetched 20 records","logger":"task.stderr"}
{"timestamp":"2026-01-22T06:28:20.856718Z","level":"info","event":"Successfully fetched 20 records","logger":"api_ingestion","filename":"api_ingestion.py","lineno":69}
{"timestamp":"2026-01-22T06:28:20.857863Z","level":"error","event":"2026-01-22 11:58:20 - api_ingestion - INFO - [logger.py:65] - Completed api_ingestion in 0.59s","logger":"task.stderr"}
{"timestamp":"2026-01-22T06:28:20.857847Z","level":"info","event":"Completed api_ingestion in 0.59s","logger":"api_ingestion","filename":"logger.py","lineno":65}
{"timestamp":"2026-01-22T06:28:20.860294Z","level":"error","event":"2026-01-22 11:58:20 - api_ingestion - INFO - [api_ingestion.py:125] - Converted to DataFrame: (20, 7)","logger":"task.stderr"}
{"timestamp":"2026-01-22T06:28:20.860297Z","level":"info","event":"Converted to DataFrame: (20, 7)","logger":"api_ingestion","filename":"api_ingestion.py","lineno":125}
{"timestamp":"2026-01-22T06:28:20.861039Z","level":"error","event":"2026-01-22 11:58:20 - api_ingestion - INFO - [api_ingestion.py:126] - Columns: ['id', 'title', 'price', 'description', 'category', 'image', 'rating']","logger":"task.stderr"}
{"timestamp":"2026-01-22T06:28:20.861042Z","level":"info","event":"Columns: ['id', 'title', 'price', 'description', 'category', 'image', 'rating']","logger":"api_ingestion","filename":"api_ingestion.py","lineno":126}
{"timestamp":"2026-01-22T06:28:20.864896Z","level":"error","event":"2026-01-22 11:58:20 - api_ingestion - INFO - [api_ingestion.py:135] - Saved API data to: data/raw/product_api/2026/01/22/catalog/catalog_20260122_115820.json","logger":"task.stderr"}
{"timestamp":"2026-01-22T06:28:20.864885Z","level":"info","event":"Saved API data to: data/raw/product_api/2026/01/22/catalog/catalog_20260122_115820.json","logger":"api_ingestion","filename":"api_ingestion.py","lineno":135}
{"timestamp":"2026-01-22T06:28:20.866042Z","level":"error","event":"2026-01-22 11:58:20 - api_ingestion - INFO - [logger.py:65] - Completed api_ingestion in 0.60s","logger":"task.stderr"}
{"timestamp":"2026-01-22T06:28:20.866035Z","level":"info","event":"Completed api_ingestion in 0.60s","logger":"api_ingestion","filename":"logger.py","lineno":65}
{"timestamp":"2026-01-22T06:28:20.874210Z","level":"info","event":"Ingested 20 products","logger":"task.stdout"}
{"timestamp":"2026-01-22T06:28:20.874254Z","level":"info","event":"Done. Returned value was: data/raw/product_api/2026/01/22/catalog/catalog_20260122_115820.json","logger":"airflow.task.operators.airflow.providers.standard.operators.python.PythonOperator","filename":"python.py","lineno":216}
{"timestamp":"2026-01-22T06:28:20.874340Z","level":"info","event":"Pushing xcom","ti":"RuntimeTaskInstance(id=UUID('019be463-a514-7f79-b990-eadfa748db67'), task_id='ingest_api', dag_id='recomart_recommendation_pipeline', run_id='scheduled__2026-01-22T00:00:00+00:00', try_number=1, dag_version_id=UUID('019be463-76a8-72eb-8a68-4289b61bd85f'), map_index=-1, hostname='apinto-mbp', context_carrier={}, task=<Task(PythonOperator): ingest_api>, bundle_instance=LocalDagBundle(name=dags-folder), max_tries=2, start_date=datetime.datetime(2026, 1, 22, 6, 28, 16, 798036, tzinfo=datetime.timezone.utc), end_date=None, state=<TaskInstanceState.RUNNING: 'running'>, is_mapped=False, rendered_map_index=None)","logger":"task","filename":"task_runner.py","lineno":1357}
{"timestamp":"2026-01-22T06:28:20.882243Z","level":"info","event":"Task instance in success state","logger":"task.stdout"}
{"timestamp":"2026-01-22T06:28:20.882296Z","level":"info","event":" Previous state of the Task instance: TaskInstanceState.RUNNING","logger":"task.stdout"}
{"timestamp":"2026-01-22T06:28:20.882871Z","level":"info","event":"Task operator:<Task(PythonOperator): ingest_api>","logger":"task.stdout"}
{"timestamp":"2026-01-22T06:43:10.269930Z","level":"critical","event":"\n******************************************* Received SIGSEGV *******************************************\nSIGSEGV (Segmentation Violation) signal indicates Segmentation Fault error which refers to\nan attempt by a program/library to write or read outside its allocated memory.\n\nIn Python environment usually this signal refers to libraries which use low level C API.\nMake sure that you use right libraries/Docker Images\nfor your architecture (Intel/ARM) and/or Operational System (Linux/macOS).\n\nSuggested way to debug\n======================\n  - Set environment variable 'PYTHONFAULTHANDLER' to 'true'.\n  - Start airflow services.\n  - Restart failed airflow task.\n  - Check 'scheduler' and 'worker' services logs for additional traceback\n    which might contain information about module/library where actual error happen.\n\nKnown Issues\n============\n\nNote: Only Linux-based distros supported as \"Production\" execution environment for Airflow.\n\nmacOS\n-----\n 1. Due to limitations in Apple's libraries not every process might 'fork' safe.\n    One of the general error is unable to query the macOS system configuration for network proxies.\n    If your are not using a proxy you could disable it by set environment variable 'no_proxy' to '*'.\n    See: https://github.com/python/cpython/issues/58037 and https://bugs.python.org/issue30385#msg293958\n********************************************************************************************************","logger":"task"}
{"timestamp":"2026-01-22T07:02:55.619955Z","level":"info","event":"DAG bundles loaded: dags-folder, example_dags","logger":"airflow.dag_processing.bundles.manager.DagBundlesManager","filename":"manager.py","lineno":179}
{"timestamp":"2026-01-22T07:02:55.620233Z","level":"info","event":"Filling up the DagBag from /Users/apinto/Documents/BITS WILP/Sem2/Assignment/recomart_pipeline/airflow/dags/airflow_dag.py","logger":"airflow.models.dagbag.DagBag","filename":"dagbag.py","lineno":593}
{"timestamp":"2026-01-22T07:02:57.746105Z","level":"warning","event":"The `airflow.operators.python.PythonOperator` attribute is deprecated. Please use `'airflow.providers.standard.operators.python.PythonOperator'`.","category":"DeprecatedImportWarning","filename":"/Users/apinto/Documents/BITS WILP/Sem2/Assignment/recomart_pipeline/airflow/dags/airflow_dag.py","lineno":2,"logger":"py.warnings"}
{"timestamp":"2026-01-22T07:02:57.849671Z","level":"info","event":"Task instance is in running state","logger":"task.stdout"}
{"timestamp":"2026-01-22T07:02:57.849811Z","level":"info","event":" Previous state of the Task instance: TaskInstanceState.QUEUED","logger":"task.stdout"}
{"timestamp":"2026-01-22T07:02:57.850473Z","level":"info","event":"Current task name:ingest_api","logger":"task.stdout"}
{"timestamp":"2026-01-22T07:02:57.850538Z","level":"info","event":"Dag name:recomart_recommendation_pipeline","logger":"task.stdout"}
{"timestamp":"2026-01-22T07:02:57.852457Z","level":"info","event":"Starting API data ingestion...","logger":"task.stdout"}
{"timestamp":"2026-01-22T07:02:57.856680Z","level":"error","event":"2026-01-22 12:32:57 - api_ingestion - INFO - [logger.py:58] - Starting api_ingestion","logger":"task.stderr"}
{"timestamp":"2026-01-22T07:02:57.856675Z","level":"info","event":"Starting api_ingestion","logger":"api_ingestion","filename":"logger.py","lineno":58}
{"timestamp":"2026-01-22T07:02:57.859236Z","level":"error","event":"2026-01-22 12:32:57 - api_ingestion - INFO - [logger.py:58] - Starting api_ingestion","logger":"task.stderr"}
{"timestamp":"2026-01-22T07:02:57.859234Z","level":"info","event":"Starting api_ingestion","logger":"api_ingestion","filename":"logger.py","lineno":58}
{"timestamp":"2026-01-22T07:02:57.860193Z","level":"error","event":"2026-01-22 12:32:57 - api_ingestion - INFO - [api_ingestion.py:38] - Fetching data from https://fakestoreapi.com/products (attempt 1)","logger":"task.stderr"}
{"timestamp":"2026-01-22T07:02:57.860177Z","level":"info","event":"Fetching data from https://fakestoreapi.com/products (attempt 1)","logger":"api_ingestion","filename":"api_ingestion.py","lineno":38}
{"timestamp":"2026-01-22T07:02:58.495190Z","level":"error","event":"2026-01-22 12:32:58 - api_ingestion - INFO - [api_ingestion.py:51] - Response status code: 200","logger":"task.stderr"}
{"timestamp":"2026-01-22T07:02:58.494126Z","level":"info","event":"Response status code: 200","logger":"api_ingestion","filename":"api_ingestion.py","lineno":51}
{"timestamp":"2026-01-22T07:02:58.497320Z","level":"error","event":"2026-01-22 12:32:58 - api_ingestion - INFO - [api_ingestion.py:69] - Successfully fetched 20 records","logger":"task.stderr"}
{"timestamp":"2026-01-22T07:02:58.497340Z","level":"info","event":"Successfully fetched 20 records","logger":"api_ingestion","filename":"api_ingestion.py","lineno":69}
{"timestamp":"2026-01-22T07:02:58.499313Z","level":"error","event":"2026-01-22 12:32:58 - api_ingestion - INFO - [logger.py:65] - Completed api_ingestion in 0.64s","logger":"task.stderr"}
{"timestamp":"2026-01-22T07:02:58.499310Z","level":"info","event":"Completed api_ingestion in 0.64s","logger":"api_ingestion","filename":"logger.py","lineno":65}
{"timestamp":"2026-01-22T07:02:58.503825Z","level":"error","event":"2026-01-22 12:32:58 - api_ingestion - INFO - [api_ingestion.py:125] - Converted to DataFrame: (20, 7)","logger":"task.stderr"}
{"timestamp":"2026-01-22T07:02:58.503818Z","level":"info","event":"Converted to DataFrame: (20, 7)","logger":"api_ingestion","filename":"api_ingestion.py","lineno":125}
{"timestamp":"2026-01-22T07:02:58.504571Z","level":"error","event":"2026-01-22 12:32:58 - api_ingestion - INFO - [api_ingestion.py:126] - Columns: ['id', 'title', 'price', 'description', 'category', 'image', 'rating']","logger":"task.stderr"}
{"timestamp":"2026-01-22T07:02:58.504566Z","level":"info","event":"Columns: ['id', 'title', 'price', 'description', 'category', 'image', 'rating']","logger":"api_ingestion","filename":"api_ingestion.py","lineno":126}
{"timestamp":"2026-01-22T07:02:58.508477Z","level":"error","event":"2026-01-22 12:32:58 - api_ingestion - INFO - [api_ingestion.py:135] - Saved API data to: data/raw/product_api/2026/01/22/catalog/catalog_20260122_123258.json","logger":"task.stderr"}
{"timestamp":"2026-01-22T07:02:58.508475Z","level":"info","event":"Saved API data to: data/raw/product_api/2026/01/22/catalog/catalog_20260122_123258.json","logger":"api_ingestion","filename":"api_ingestion.py","lineno":135}
{"timestamp":"2026-01-22T07:02:58.509848Z","level":"error","event":"2026-01-22 12:32:58 - api_ingestion - INFO - [logger.py:65] - Completed api_ingestion in 0.65s","logger":"task.stderr"}
{"timestamp":"2026-01-22T07:02:58.509859Z","level":"info","event":"Completed api_ingestion in 0.65s","logger":"api_ingestion","filename":"logger.py","lineno":65}
{"timestamp":"2026-01-22T07:02:58.519246Z","level":"info","event":"Ingested 20 products","logger":"task.stdout"}
{"timestamp":"2026-01-22T07:02:58.519291Z","level":"info","event":"Done. Returned value was: data/raw/product_api/2026/01/22/catalog/catalog_20260122_123258.json","logger":"airflow.task.operators.airflow.providers.standard.operators.python.PythonOperator","filename":"python.py","lineno":216}
{"timestamp":"2026-01-22T07:02:58.519404Z","level":"info","event":"Pushing xcom","ti":"RuntimeTaskInstance(id=UUID('019be483-595f-7ea3-9688-88bf7203adcc'), task_id='ingest_api', dag_id='recomart_recommendation_pipeline', run_id='scheduled__2026-01-22T00:00:00+00:00', try_number=1, dag_version_id=UUID('019be483-4b20-7641-8635-67f364380c0a'), map_index=-1, hostname='apinto-mbp', context_carrier={}, task=<Task(PythonOperator): ingest_api>, bundle_instance=LocalDagBundle(name=dags-folder), max_tries=2, start_date=datetime.datetime(2026, 1, 22, 7, 2, 54, 131734, tzinfo=datetime.timezone.utc), end_date=None, state=<TaskInstanceState.RUNNING: 'running'>, is_mapped=False, rendered_map_index=None)","logger":"task","filename":"task_runner.py","lineno":1357}
{"timestamp":"2026-01-22T07:02:58.527087Z","level":"info","event":"Task instance in success state","logger":"task.stdout"}
{"timestamp":"2026-01-22T07:02:58.527131Z","level":"info","event":" Previous state of the Task instance: TaskInstanceState.RUNNING","logger":"task.stdout"}
{"timestamp":"2026-01-22T07:02:58.527836Z","level":"info","event":"Task operator:<Task(PythonOperator): ingest_api>","logger":"task.stdout"}
{"timestamp":"2026-01-22T17:23:22.747116Z","level":"info","event":"DAG bundles loaded: dags-folder, example_dags","logger":"airflow.dag_processing.bundles.manager.DagBundlesManager","filename":"manager.py","lineno":179}
{"timestamp":"2026-01-22T17:23:22.747411Z","level":"info","event":"Filling up the DagBag from /Users/apinto/Documents/BITS WILP/Sem2/Assignment/recomart_pipeline/airflow/dags/airflow_dag.py","logger":"airflow.models.dagbag.DagBag","filename":"dagbag.py","lineno":593}
{"timestamp":"2026-01-22T17:23:24.152800Z","level":"info","event":"Task instance is in running state","logger":"task.stdout"}
{"timestamp":"2026-01-22T17:23:24.152962Z","level":"info","event":" Previous state of the Task instance: TaskInstanceState.QUEUED","logger":"task.stdout"}
{"timestamp":"2026-01-22T17:23:24.153311Z","level":"info","event":"Current task name:ingest_api","logger":"task.stdout"}
{"timestamp":"2026-01-22T17:23:24.153344Z","level":"info","event":"Dag name:recomart_recommendation_pipeline","logger":"task.stdout"}
{"timestamp":"2026-01-22T17:23:24.154066Z","level":"info","event":"Starting API data ingestion...","logger":"task.stdout"}
{"timestamp":"2026-01-22T17:23:24.156045Z","level":"error","event":"2026-01-22 22:53:24 - api_ingestion - INFO - [logger.py:58] - Starting api_ingestion","logger":"task.stderr"}
{"timestamp":"2026-01-22T17:23:24.156063Z","level":"info","event":"Starting api_ingestion","logger":"api_ingestion","filename":"logger.py","lineno":58}
{"timestamp":"2026-01-22T17:23:24.157807Z","level":"error","event":"2026-01-22 22:53:24 - api_ingestion - INFO - [logger.py:58] - Starting api_ingestion","logger":"task.stderr"}
{"timestamp":"2026-01-22T17:23:24.157808Z","level":"info","event":"Starting api_ingestion","logger":"api_ingestion","filename":"logger.py","lineno":58}
{"timestamp":"2026-01-22T17:23:24.158479Z","level":"error","event":"2026-01-22 22:53:24 - api_ingestion - INFO - [api_ingestion.py:38] - Fetching data from https://fakestoreapi.com/products (attempt 1)","logger":"task.stderr"}
{"timestamp":"2026-01-22T17:23:24.158479Z","level":"info","event":"Fetching data from https://fakestoreapi.com/products (attempt 1)","logger":"api_ingestion","filename":"api_ingestion.py","lineno":38}
{"timestamp":"2026-01-22T17:23:24.693171Z","level":"error","event":"2026-01-22 22:53:24 - api_ingestion - INFO - [api_ingestion.py:51] - Response status code: 200","logger":"task.stderr"}
{"timestamp":"2026-01-22T17:23:24.693133Z","level":"info","event":"Response status code: 200","logger":"api_ingestion","filename":"api_ingestion.py","lineno":51}
{"timestamp":"2026-01-22T17:23:24.695689Z","level":"error","event":"2026-01-22 22:53:24 - api_ingestion - INFO - [api_ingestion.py:69] - Successfully fetched 20 records","logger":"task.stderr"}
{"timestamp":"2026-01-22T17:23:24.695690Z","level":"info","event":"Successfully fetched 20 records","logger":"api_ingestion","filename":"api_ingestion.py","lineno":69}
{"timestamp":"2026-01-22T17:23:24.698165Z","level":"error","event":"2026-01-22 22:53:24 - api_ingestion - INFO - [logger.py:65] - Completed api_ingestion in 0.54s","logger":"task.stderr"}
{"timestamp":"2026-01-22T17:23:24.698146Z","level":"info","event":"Completed api_ingestion in 0.54s","logger":"api_ingestion","filename":"logger.py","lineno":65}
{"timestamp":"2026-01-22T17:23:24.703067Z","level":"error","event":"2026-01-22 22:53:24 - api_ingestion - INFO - [api_ingestion.py:125] - Converted to DataFrame: (20, 7)","logger":"task.stderr"}
{"timestamp":"2026-01-22T17:23:24.703064Z","level":"info","event":"Converted to DataFrame: (20, 7)","logger":"api_ingestion","filename":"api_ingestion.py","lineno":125}
{"timestamp":"2026-01-22T17:23:24.704637Z","level":"error","event":"2026-01-22 22:53:24 - api_ingestion - INFO - [api_ingestion.py:126] - Columns: ['id', 'title', 'price', 'description', 'category', 'image', 'rating']","logger":"task.stderr"}
{"timestamp":"2026-01-22T17:23:24.704634Z","level":"info","event":"Columns: ['id', 'title', 'price', 'description', 'category', 'image', 'rating']","logger":"api_ingestion","filename":"api_ingestion.py","lineno":126}
{"timestamp":"2026-01-22T17:23:24.710997Z","level":"error","event":"2026-01-22 22:53:24 - api_ingestion - INFO - [api_ingestion.py:135] - Saved API data to: data/raw/product_api/2026/01/22/catalog/catalog_20260122_225324.json","logger":"task.stderr"}
{"timestamp":"2026-01-22T17:23:24.710989Z","level":"info","event":"Saved API data to: data/raw/product_api/2026/01/22/catalog/catalog_20260122_225324.json","logger":"api_ingestion","filename":"api_ingestion.py","lineno":135}
{"timestamp":"2026-01-22T17:23:24.713144Z","level":"error","event":"2026-01-22 22:53:24 - api_ingestion - INFO - [logger.py:65] - Completed api_ingestion in 0.56s","logger":"task.stderr"}
{"timestamp":"2026-01-22T17:23:24.713147Z","level":"info","event":"Completed api_ingestion in 0.56s","logger":"api_ingestion","filename":"logger.py","lineno":65}
{"timestamp":"2026-01-22T17:23:24.730014Z","level":"info","event":"Ingested 20 products","logger":"task.stdout"}
{"timestamp":"2026-01-22T17:23:24.730164Z","level":"info","event":"Done. Returned value was: data/raw/product_api/2026/01/22/catalog/catalog_20260122_225324.json","logger":"airflow.task.operators.airflow.providers.standard.operators.python.PythonOperator","filename":"python.py","lineno":216}
{"timestamp":"2026-01-22T17:23:24.730337Z","level":"info","event":"Pushing xcom","ti":"RuntimeTaskInstance(id=UUID('019be6bb-6fb4-7066-a5d7-76f1fefaea88'), task_id='ingest_api', dag_id='recomart_recommendation_pipeline', run_id='scheduled__2026-01-22T00:00:00+00:00', try_number=1, dag_version_id=UUID('019be483-4b20-7641-8635-67f364380c0a'), map_index=-1, hostname='apinto-mbp', context_carrier={}, task=<Task(PythonOperator): ingest_api>, bundle_instance=LocalDagBundle(name=dags-folder), max_tries=2, start_date=datetime.datetime(2026, 1, 22, 17, 23, 22, 221215, tzinfo=datetime.timezone.utc), end_date=None, state=<TaskInstanceState.RUNNING: 'running'>, is_mapped=False, rendered_map_index=None)","logger":"task","filename":"task_runner.py","lineno":1357}
{"timestamp":"2026-01-22T17:23:24.742160Z","level":"info","event":"Task instance in success state","logger":"task.stdout"}
{"timestamp":"2026-01-22T17:23:24.742247Z","level":"info","event":" Previous state of the Task instance: TaskInstanceState.RUNNING","logger":"task.stdout"}
{"timestamp":"2026-01-22T17:23:24.742963Z","level":"info","event":"Task operator:<Task(PythonOperator): ingest_api>","logger":"task.stdout"}
{"timestamp":"2026-01-22T17:47:43.912049Z","level":"info","event":"DAG bundles loaded: dags-folder, example_dags","logger":"airflow.dag_processing.bundles.manager.DagBundlesManager","filename":"manager.py","lineno":179}
{"timestamp":"2026-01-22T17:47:43.912945Z","level":"info","event":"Filling up the DagBag from /Users/apinto/Documents/BITS WILP/Sem2/Assignment/recomart_pipeline/airflow/dags/airflow_dag.py","logger":"airflow.models.dagbag.DagBag","filename":"dagbag.py","lineno":593}
{"timestamp":"2026-01-22T17:47:45.504404Z","level":"info","event":"Task instance is in running state","logger":"task.stdout"}
{"timestamp":"2026-01-22T17:47:45.504609Z","level":"info","event":" Previous state of the Task instance: TaskInstanceState.QUEUED","logger":"task.stdout"}
{"timestamp":"2026-01-22T17:47:45.504771Z","level":"info","event":"Current task name:ingest_api","logger":"task.stdout"}
{"timestamp":"2026-01-22T17:47:45.504811Z","level":"info","event":"Dag name:recomart_recommendation_pipeline","logger":"task.stdout"}
{"timestamp":"2026-01-22T17:47:45.505591Z","level":"info","event":"Starting API data ingestion...","logger":"task.stdout"}
{"timestamp":"2026-01-22T17:47:45.507153Z","level":"error","event":"2026-01-22 23:17:45 - api_ingestion - INFO - [logger.py:58] - Starting api_ingestion","logger":"task.stderr"}
{"timestamp":"2026-01-22T17:47:45.507175Z","level":"info","event":"Starting api_ingestion","logger":"api_ingestion","filename":"logger.py","lineno":58}
{"timestamp":"2026-01-22T17:47:45.508613Z","level":"error","event":"2026-01-22 23:17:45 - api_ingestion - INFO - [logger.py:58] - Starting api_ingestion","logger":"task.stderr"}
{"timestamp":"2026-01-22T17:47:45.508614Z","level":"info","event":"Starting api_ingestion","logger":"api_ingestion","filename":"logger.py","lineno":58}
{"timestamp":"2026-01-22T17:47:45.509228Z","level":"error","event":"2026-01-22 23:17:45 - api_ingestion - INFO - [api_ingestion.py:38] - Fetching data from https://fakestoreapi.com/products (attempt 1)","logger":"task.stderr"}
{"timestamp":"2026-01-22T17:47:45.509234Z","level":"info","event":"Fetching data from https://fakestoreapi.com/products (attempt 1)","logger":"api_ingestion","filename":"api_ingestion.py","lineno":38}
{"timestamp":"2026-01-22T17:47:46.066040Z","level":"error","event":"2026-01-22 23:17:46 - api_ingestion - INFO - [api_ingestion.py:51] - Response status code: 200","logger":"task.stderr"}
{"timestamp":"2026-01-22T17:47:46.066037Z","level":"info","event":"Response status code: 200","logger":"api_ingestion","filename":"api_ingestion.py","lineno":51}
{"timestamp":"2026-01-22T17:47:46.067024Z","level":"error","event":"2026-01-22 23:17:46 - api_ingestion - INFO - [api_ingestion.py:69] - Successfully fetched 20 records","logger":"task.stderr"}
{"timestamp":"2026-01-22T17:47:46.067023Z","level":"info","event":"Successfully fetched 20 records","logger":"api_ingestion","filename":"api_ingestion.py","lineno":69}
{"timestamp":"2026-01-22T17:47:46.068096Z","level":"error","event":"2026-01-22 23:17:46 - api_ingestion - INFO - [logger.py:65] - Completed api_ingestion in 0.56s","logger":"task.stderr"}
{"timestamp":"2026-01-22T17:47:46.068093Z","level":"info","event":"Completed api_ingestion in 0.56s","logger":"api_ingestion","filename":"logger.py","lineno":65}
{"timestamp":"2026-01-22T17:47:46.070711Z","level":"error","event":"2026-01-22 23:17:46 - api_ingestion - INFO - [api_ingestion.py:125] - Converted to DataFrame: (20, 7)","logger":"task.stderr"}
{"timestamp":"2026-01-22T17:47:46.070711Z","level":"info","event":"Converted to DataFrame: (20, 7)","logger":"api_ingestion","filename":"api_ingestion.py","lineno":125}
{"timestamp":"2026-01-22T17:47:46.071420Z","level":"error","event":"2026-01-22 23:17:46 - api_ingestion - INFO - [api_ingestion.py:126] - Columns: ['id', 'title', 'price', 'description', 'category', 'image', 'rating']","logger":"task.stderr"}
{"timestamp":"2026-01-22T17:47:46.071416Z","level":"info","event":"Columns: ['id', 'title', 'price', 'description', 'category', 'image', 'rating']","logger":"api_ingestion","filename":"api_ingestion.py","lineno":126}
{"timestamp":"2026-01-22T17:47:46.075078Z","level":"error","event":"2026-01-22 23:17:46 - api_ingestion - INFO - [api_ingestion.py:135] - Saved API data to: data/raw/product_api/2026/01/22/catalog/catalog_20260122_231746.json","logger":"task.stderr"}
{"timestamp":"2026-01-22T17:47:46.075074Z","level":"info","event":"Saved API data to: data/raw/product_api/2026/01/22/catalog/catalog_20260122_231746.json","logger":"api_ingestion","filename":"api_ingestion.py","lineno":135}
{"timestamp":"2026-01-22T17:47:46.076088Z","level":"error","event":"2026-01-22 23:17:46 - api_ingestion - INFO - [logger.py:65] - Completed api_ingestion in 0.57s","logger":"task.stderr"}
{"timestamp":"2026-01-22T17:47:46.076084Z","level":"info","event":"Completed api_ingestion in 0.57s","logger":"api_ingestion","filename":"logger.py","lineno":65}
{"timestamp":"2026-01-22T17:47:46.085624Z","level":"info","event":"Ingested 20 products","logger":"task.stdout"}
{"timestamp":"2026-01-22T17:47:46.085698Z","level":"info","event":"Done. Returned value was: data/raw/product_api/2026/01/22/catalog/catalog_20260122_231746.json","logger":"airflow.task.operators.airflow.providers.standard.operators.python.PythonOperator","filename":"python.py","lineno":216}
{"timestamp":"2026-01-22T17:47:46.085788Z","level":"info","event":"Pushing xcom","ti":"RuntimeTaskInstance(id=UUID('019be6d1-bb8a-76e8-afc1-c58612210c80'), task_id='ingest_api', dag_id='recomart_recommendation_pipeline', run_id='scheduled__2026-01-22T00:00:00+00:00', try_number=1, dag_version_id=UUID('019be483-4b20-7641-8635-67f364380c0a'), map_index=-1, hostname='apinto-mbp', context_carrier={}, task=<Task(PythonOperator): ingest_api>, bundle_instance=LocalDagBundle(name=dags-folder), max_tries=2, start_date=datetime.datetime(2026, 1, 22, 17, 47, 43, 459635, tzinfo=datetime.timezone.utc), end_date=None, state=<TaskInstanceState.RUNNING: 'running'>, is_mapped=False, rendered_map_index=None)","logger":"task","filename":"task_runner.py","lineno":1357}
{"timestamp":"2026-01-22T17:47:46.094431Z","level":"info","event":"Task instance in success state","logger":"task.stdout"}
{"timestamp":"2026-01-22T17:47:46.094479Z","level":"info","event":" Previous state of the Task instance: TaskInstanceState.RUNNING","logger":"task.stdout"}
{"timestamp":"2026-01-22T17:47:46.095039Z","level":"info","event":"Task operator:<Task(PythonOperator): ingest_api>","logger":"task.stdout"}
