{"timestamp":"2026-01-22T06:25:03.013343Z","level":"info","event":"DAG bundles loaded: dags-folder, example_dags","logger":"airflow.dag_processing.bundles.manager.DagBundlesManager","filename":"manager.py","lineno":179}
{"timestamp":"2026-01-22T06:25:03.013631Z","level":"info","event":"Filling up the DagBag from /Users/apinto/Documents/BITS WILP/Sem2/Assignment/recomart_pipeline/airflow/dags/airflow_dag.py","logger":"airflow.models.dagbag.DagBag","filename":"dagbag.py","lineno":593}
{"timestamp":"2026-01-22T06:25:04.922123Z","level":"warning","event":"The `airflow.operators.python.PythonOperator` attribute is deprecated. Please use `'airflow.providers.standard.operators.python.PythonOperator'`.","category":"DeprecatedImportWarning","filename":"/Users/apinto/Documents/BITS WILP/Sem2/Assignment/recomart_pipeline/airflow/dags/airflow_dag.py","lineno":2,"logger":"py.warnings"}
{"timestamp":"2026-01-22T06:25:04.935169Z","level":"info","event":"Task instance is in running state","logger":"task.stdout"}
{"timestamp":"2026-01-22T06:25:04.935239Z","level":"info","event":" Previous state of the Task instance: TaskInstanceState.QUEUED","logger":"task.stdout"}
{"timestamp":"2026-01-22T06:25:04.935731Z","level":"info","event":"Current task name:ingest_csv","logger":"task.stdout"}
{"timestamp":"2026-01-22T06:25:04.935778Z","level":"info","event":"Dag name:recomart_recommendation_pipeline","logger":"task.stdout"}
{"timestamp":"2026-01-22T06:25:04.936539Z","level":"info","event":"Starting CSV data ingestion...","logger":"task.stdout"}
{"timestamp":"2026-01-22T06:25:04.939790Z","level":"error","event":"2026-01-22 11:55:04 - csv_ingestion - INFO - [logger.py:58] - Starting csv_ingestion","logger":"task.stderr"}
{"timestamp":"2026-01-22T06:25:04.939802Z","level":"info","event":"Starting csv_ingestion","logger":"csv_ingestion","filename":"logger.py","lineno":58}
{"timestamp":"2026-01-22T06:25:04.940670Z","level":"error","event":"2026-01-22 11:55:04 - csv_ingestion - INFO - [csv_ingestion.py:76] - Generating sample user interaction data","logger":"task.stderr"}
{"timestamp":"2026-01-22T06:25:04.940667Z","level":"info","event":"Generating sample user interaction data","logger":"csv_ingestion","filename":"csv_ingestion.py","lineno":76}
{"timestamp":"2026-01-22T06:25:04.941602Z","level":"warning","event":"'H' is deprecated and will be removed in a future version, please use 'h' instead.","category":"FutureWarning","filename":"/Users/apinto/Documents/BITS WILP/Sem2/Assignment/recomart_pipeline/src/ingestion/csv_ingestion.py","lineno":88,"logger":"py.warnings"}
{"timestamp":"2026-01-22T06:25:04.963912Z","level":"error","event":"2026-01-22 11:55:04 - csv_ingestion - INFO - [csv_ingestion.py:99] - Generated 9910 sample interactions","logger":"task.stderr"}
{"timestamp":"2026-01-22T06:25:04.963903Z","level":"info","event":"Generated 9910 sample interactions","logger":"csv_ingestion","filename":"csv_ingestion.py","lineno":99}
{"timestamp":"2026-01-22T06:25:04.964671Z","level":"error","event":"2026-01-22 11:55:04 - csv_ingestion - INFO - [csv_ingestion.py:100] - Saved to: data/raw/user_interactions.csv","logger":"task.stderr"}
{"timestamp":"2026-01-22T06:25:04.964672Z","level":"info","event":"Saved to: data/raw/user_interactions.csv","logger":"csv_ingestion","filename":"csv_ingestion.py","lineno":100}
{"timestamp":"2026-01-22T06:25:04.965798Z","level":"error","event":"2026-01-22 11:55:04 - csv_ingestion - INFO - [logger.py:65] - Completed csv_ingestion in 0.03s","logger":"task.stderr"}
{"timestamp":"2026-01-22T06:25:04.965799Z","level":"info","event":"Completed csv_ingestion in 0.03s","logger":"csv_ingestion","filename":"logger.py","lineno":65}
{"timestamp":"2026-01-22T06:25:04.969876Z","level":"error","event":"2026-01-22 11:55:04 - csv_ingestion - INFO - [logger.py:58] - Starting csv_ingestion","logger":"task.stderr"}
{"timestamp":"2026-01-22T06:25:04.969856Z","level":"info","event":"Starting csv_ingestion","logger":"csv_ingestion","filename":"logger.py","lineno":58}
{"timestamp":"2026-01-22T06:25:04.970755Z","level":"error","event":"2026-01-22 11:55:04 - csv_ingestion - INFO - [csv_ingestion.py:35] - Attempting to ingest data/raw/user_interactions.csv (attempt 1)","logger":"task.stderr"}
{"timestamp":"2026-01-22T06:25:04.970750Z","level":"info","event":"Attempting to ingest data/raw/user_interactions.csv (attempt 1)","logger":"csv_ingestion","filename":"csv_ingestion.py","lineno":35}
{"timestamp":"2026-01-22T06:25:04.976054Z","level":"error","event":"2026-01-22 11:55:04 - csv_ingestion - INFO - [csv_ingestion.py:39] - Successfully loaded 9910 rows from data/raw/user_interactions.csv","logger":"task.stderr"}
{"timestamp":"2026-01-22T06:25:04.976054Z","level":"info","event":"Successfully loaded 9910 rows from data/raw/user_interactions.csv","logger":"csv_ingestion","filename":"csv_ingestion.py","lineno":39}
{"timestamp":"2026-01-22T06:25:04.976901Z","level":"error","event":"2026-01-22 11:55:04 - csv_ingestion - INFO - [csv_ingestion.py:40] - Columns: ['user_id', 'item_id', 'rating', 'timestamp']","logger":"task.stderr"}
{"timestamp":"2026-01-22T06:25:04.976884Z","level":"info","event":"Columns: ['user_id', 'item_id', 'rating', 'timestamp']","logger":"csv_ingestion","filename":"csv_ingestion.py","lineno":40}
{"timestamp":"2026-01-22T06:25:04.977763Z","level":"error","event":"2026-01-22 11:55:04 - csv_ingestion - INFO - [csv_ingestion.py:41] - Shape: (9910, 4)","logger":"task.stderr"}
{"timestamp":"2026-01-22T06:25:04.977769Z","level":"info","event":"Shape: (9910, 4)","logger":"csv_ingestion","filename":"csv_ingestion.py","lineno":41}
{"timestamp":"2026-01-22T06:25:04.994518Z","level":"error","event":"2026-01-22 11:55:04 - csv_ingestion - INFO - [csv_ingestion.py:50] - Saved raw data to: data/raw/user_behavior/2026/01/22/interactions/interactions_20260122_115504.csv","logger":"task.stderr"}
{"timestamp":"2026-01-22T06:25:04.994514Z","level":"info","event":"Saved raw data to: data/raw/user_behavior/2026/01/22/interactions/interactions_20260122_115504.csv","logger":"csv_ingestion","filename":"csv_ingestion.py","lineno":50}
{"timestamp":"2026-01-22T06:25:05.003123Z","level":"error","event":"2026-01-22 11:55:04 - csv_ingestion - INFO - [logger.py:65] - Completed csv_ingestion in 0.03s","logger":"task.stderr"}
{"timestamp":"2026-01-22T06:25:05.003070Z","level":"info","event":"Completed csv_ingestion in 0.03s","logger":"csv_ingestion","filename":"logger.py","lineno":65}
{"timestamp":"2026-01-22T06:25:05.028226Z","level":"info","event":"Ingested 9910 interactions","logger":"task.stdout"}
{"timestamp":"2026-01-22T06:25:05.028349Z","level":"info","event":"Done. Returned value was: data/raw/user_behavior/2026/01/22/interactions/interactions_20260122_115504.csv","logger":"airflow.task.operators.airflow.providers.standard.operators.python.PythonOperator","filename":"python.py","lineno":216}
{"timestamp":"2026-01-22T06:25:05.028476Z","level":"info","event":"Pushing xcom","ti":"RuntimeTaskInstance(id=UUID('019be460-b5cd-7741-992b-90e6f7572bfa'), task_id='ingest_csv', dag_id='recomart_recommendation_pipeline', run_id='manual__2026-01-22T06:24:16+00:00', try_number=3, dag_version_id=UUID('019be403-d3b1-7598-97fa-b6894e3d00a9'), map_index=-1, hostname='apinto-mbp', context_carrier={}, task=<Task(PythonOperator): ingest_csv>, bundle_instance=LocalDagBundle(name=dags-folder), max_tries=4, start_date=datetime.datetime(2026, 1, 22, 6, 25, 2, 451963, tzinfo=datetime.timezone.utc), end_date=None, state=<TaskInstanceState.RUNNING: 'running'>, is_mapped=False, rendered_map_index=None)","logger":"task","filename":"task_runner.py","lineno":1357}
{"timestamp":"2026-01-22T06:25:05.049745Z","level":"info","event":"Task instance in success state","logger":"task.stdout"}
{"timestamp":"2026-01-22T06:25:05.049819Z","level":"info","event":" Previous state of the Task instance: TaskInstanceState.RUNNING","logger":"task.stdout"}
{"timestamp":"2026-01-22T06:25:05.050479Z","level":"info","event":"Task operator:<Task(PythonOperator): ingest_csv>","logger":"task.stdout"}
