{"timestamp":"2026-01-22T06:07:52.272194Z","level":"info","event":"DAG bundles loaded: dags-folder, example_dags","logger":"airflow.dag_processing.bundles.manager.DagBundlesManager","filename":"manager.py","lineno":179}
{"timestamp":"2026-01-22T06:07:52.272528Z","level":"info","event":"Filling up the DagBag from /Users/apinto/Documents/BITS WILP/Sem2/Assignment/recomart_pipeline/airflow/dags/airflow_dag.py","logger":"airflow.models.dagbag.DagBag","filename":"dagbag.py","lineno":593}
{"timestamp":"2026-01-22T06:07:54.189647Z","level":"warning","event":"The `airflow.operators.python.PythonOperator` attribute is deprecated. Please use `'airflow.providers.standard.operators.python.PythonOperator'`.","category":"DeprecatedImportWarning","filename":"/Users/apinto/Documents/BITS WILP/Sem2/Assignment/recomart_pipeline/airflow/dags/airflow_dag.py","lineno":2,"logger":"py.warnings"}
{"timestamp":"2026-01-22T06:07:54.226874Z","level":"info","event":"Task instance is in running state","logger":"task.stdout"}
{"timestamp":"2026-01-22T06:07:54.226969Z","level":"info","event":" Previous state of the Task instance: TaskInstanceState.QUEUED","logger":"task.stdout"}
{"timestamp":"2026-01-22T06:07:54.227403Z","level":"info","event":"Current task name:ingest_api","logger":"task.stdout"}
{"timestamp":"2026-01-22T06:07:54.227456Z","level":"info","event":"Dag name:recomart_recommendation_pipeline","logger":"task.stdout"}
{"timestamp":"2026-01-22T06:07:54.228320Z","level":"info","event":"Starting API data ingestion...","logger":"task.stdout"}
{"timestamp":"2026-01-22T06:07:54.230055Z","level":"error","event":"2026-01-22 11:37:54 - api_ingestion - INFO - [logger.py:58] - Starting api_ingestion","logger":"task.stderr"}
{"timestamp":"2026-01-22T06:07:54.230069Z","level":"info","event":"Starting api_ingestion","logger":"api_ingestion","filename":"logger.py","lineno":58}
{"timestamp":"2026-01-22T06:07:54.231727Z","level":"error","event":"2026-01-22 11:37:54 - api_ingestion - INFO - [logger.py:58] - Starting api_ingestion","logger":"task.stderr"}
{"timestamp":"2026-01-22T06:07:54.231720Z","level":"info","event":"Starting api_ingestion","logger":"api_ingestion","filename":"logger.py","lineno":58}
{"timestamp":"2026-01-22T06:07:54.232608Z","level":"error","event":"2026-01-22 11:37:54 - api_ingestion - INFO - [api_ingestion.py:38] - Fetching data from https://fakestoreapi.com/products (attempt 1)","logger":"task.stderr"}
{"timestamp":"2026-01-22T06:07:54.232614Z","level":"info","event":"Fetching data from https://fakestoreapi.com/products (attempt 1)","logger":"api_ingestion","filename":"api_ingestion.py","lineno":38}
{"timestamp":"2026-01-22T06:07:54.746942Z","level":"error","event":"2026-01-22 11:37:54 - api_ingestion - INFO - [api_ingestion.py:51] - Response status code: 200","logger":"task.stderr"}
{"timestamp":"2026-01-22T06:07:54.746935Z","level":"info","event":"Response status code: 200","logger":"api_ingestion","filename":"api_ingestion.py","lineno":51}
{"timestamp":"2026-01-22T06:07:54.749549Z","level":"error","event":"2026-01-22 11:37:54 - api_ingestion - INFO - [api_ingestion.py:69] - Successfully fetched 20 records","logger":"task.stderr"}
{"timestamp":"2026-01-22T06:07:54.749549Z","level":"info","event":"Successfully fetched 20 records","logger":"api_ingestion","filename":"api_ingestion.py","lineno":69}
{"timestamp":"2026-01-22T06:07:54.751521Z","level":"error","event":"2026-01-22 11:37:54 - api_ingestion - INFO - [logger.py:65] - Completed api_ingestion in 0.52s","logger":"task.stderr"}
{"timestamp":"2026-01-22T06:07:54.751506Z","level":"info","event":"Completed api_ingestion in 0.52s","logger":"api_ingestion","filename":"logger.py","lineno":65}
{"timestamp":"2026-01-22T06:07:54.754560Z","level":"error","event":"2026-01-22 11:37:54 - api_ingestion - INFO - [api_ingestion.py:125] - Converted to DataFrame: (20, 7)","logger":"task.stderr"}
{"timestamp":"2026-01-22T06:07:54.754556Z","level":"info","event":"Converted to DataFrame: (20, 7)","logger":"api_ingestion","filename":"api_ingestion.py","lineno":125}
{"timestamp":"2026-01-22T06:07:54.755219Z","level":"error","event":"2026-01-22 11:37:54 - api_ingestion - INFO - [api_ingestion.py:126] - Columns: ['id', 'title', 'price', 'description', 'category', 'image', 'rating']","logger":"task.stderr"}
{"timestamp":"2026-01-22T06:07:54.755215Z","level":"info","event":"Columns: ['id', 'title', 'price', 'description', 'category', 'image', 'rating']","logger":"api_ingestion","filename":"api_ingestion.py","lineno":126}
{"timestamp":"2026-01-22T06:07:54.759211Z","level":"error","event":"2026-01-22 11:37:54 - api_ingestion - INFO - [api_ingestion.py:135] - Saved API data to: data/raw/product_api/2026/01/22/catalog/catalog_20260122_113754.json","logger":"task.stderr"}
{"timestamp":"2026-01-22T06:07:54.759207Z","level":"info","event":"Saved API data to: data/raw/product_api/2026/01/22/catalog/catalog_20260122_113754.json","logger":"api_ingestion","filename":"api_ingestion.py","lineno":135}
{"timestamp":"2026-01-22T06:07:54.760767Z","level":"error","event":"2026-01-22 11:37:54 - api_ingestion - INFO - [logger.py:65] - Completed api_ingestion in 0.53s","logger":"task.stderr"}
{"timestamp":"2026-01-22T06:07:54.760766Z","level":"info","event":"Completed api_ingestion in 0.53s","logger":"api_ingestion","filename":"logger.py","lineno":65}
{"timestamp":"2026-01-22T06:07:54.769983Z","level":"info","event":"Ingested 20 products","logger":"task.stdout"}
{"timestamp":"2026-01-22T06:07:54.770045Z","level":"info","event":"Done. Returned value was: data/raw/product_api/2026/01/22/catalog/catalog_20260122_113754.json","logger":"airflow.task.operators.airflow.providers.standard.operators.python.PythonOperator","filename":"python.py","lineno":216}
{"timestamp":"2026-01-22T06:07:54.770166Z","level":"info","event":"Pushing xcom","ti":"RuntimeTaskInstance(id=UUID('019be450-edb0-7ab3-89f8-5f40459e83a5'), task_id='ingest_api', dag_id='recomart_recommendation_pipeline', run_id='manual__2026-01-22T06:07:46+00:00', try_number=1, dag_version_id=UUID('019be403-d3b1-7598-97fa-b6894e3d00a9'), map_index=-1, hostname='apinto-mbp', context_carrier={}, task=<Task(PythonOperator): ingest_api>, bundle_instance=LocalDagBundle(name=dags-folder), max_tries=2, start_date=datetime.datetime(2026, 1, 22, 6, 7, 51, 463603, tzinfo=datetime.timezone.utc), end_date=None, state=<TaskInstanceState.RUNNING: 'running'>, is_mapped=False, rendered_map_index=None)","logger":"task","filename":"task_runner.py","lineno":1357}
{"timestamp":"2026-01-22T06:07:54.777522Z","level":"info","event":"Task instance in success state","logger":"task.stdout"}
{"timestamp":"2026-01-22T06:07:54.777579Z","level":"info","event":" Previous state of the Task instance: TaskInstanceState.RUNNING","logger":"task.stdout"}
{"timestamp":"2026-01-22T06:07:54.778193Z","level":"info","event":"Task operator:<Task(PythonOperator): ingest_api>","logger":"task.stdout"}
