{"timestamp":"2026-01-22T06:28:25.738634Z","level":"info","event":"DAG bundles loaded: dags-folder, example_dags","logger":"airflow.dag_processing.bundles.manager.DagBundlesManager","filename":"manager.py","lineno":179}
{"timestamp":"2026-01-22T06:28:25.738882Z","level":"info","event":"Filling up the DagBag from /Users/apinto/Documents/BITS WILP/Sem2/Assignment/recomart_pipeline/airflow/dags/airflow_dag.py","logger":"airflow.models.dagbag.DagBag","filename":"dagbag.py","lineno":593}
{"timestamp":"2026-01-22T06:28:27.307266Z","level":"warning","event":"The `airflow.operators.python.PythonOperator` attribute is deprecated. Please use `'airflow.providers.standard.operators.python.PythonOperator'`.","category":"DeprecatedImportWarning","filename":"/Users/apinto/Documents/BITS WILP/Sem2/Assignment/recomart_pipeline/airflow/dags/airflow_dag.py","lineno":2,"logger":"py.warnings"}
{"timestamp":"2026-01-22T06:28:27.321734Z","level":"info","event":"Task instance is in running state","logger":"task.stdout"}
{"timestamp":"2026-01-22T06:28:27.321806Z","level":"info","event":" Previous state of the Task instance: TaskInstanceState.QUEUED","logger":"task.stdout"}
{"timestamp":"2026-01-22T06:28:27.322218Z","level":"info","event":"Current task name:engineer_features","logger":"task.stdout"}
{"timestamp":"2026-01-22T06:28:27.322268Z","level":"info","event":"Dag name:recomart_recommendation_pipeline","logger":"task.stdout"}
{"timestamp":"2026-01-22T06:28:27.323079Z","level":"info","event":"Starting feature engineering...","logger":"task.stdout"}
{"timestamp":"2026-01-22T06:28:27.406807Z","level":"error","event":"2026-01-22 11:58:27 - feature_engineering - INFO - [logger.py:58] - Starting feature_engineering","logger":"task.stderr"}
{"timestamp":"2026-01-22T06:28:27.406801Z","level":"info","event":"Starting feature_engineering","logger":"feature_engineering","filename":"logger.py","lineno":58}
{"timestamp":"2026-01-22T06:28:27.407606Z","level":"error","event":"2026-01-22 11:58:27 - feature_engineering - INFO - [feature_engineer.py:204] - Starting complete feature engineering pipeline","logger":"task.stderr"}
{"timestamp":"2026-01-22T06:28:27.407605Z","level":"info","event":"Starting complete feature engineering pipeline","logger":"feature_engineering","filename":"feature_engineer.py","lineno":204}
{"timestamp":"2026-01-22T06:28:27.408488Z","level":"error","event":"2026-01-22 11:58:27 - feature_engineering - INFO - [feature_engineer.py:30] - Creating user features","logger":"task.stderr"}
{"timestamp":"2026-01-22T06:28:27.408466Z","level":"info","event":"Creating user features","logger":"feature_engineering","filename":"feature_engineer.py","lineno":30}
{"timestamp":"2026-01-22T06:28:27.422937Z","level":"error","event":"2026-01-22 11:58:27 - feature_engineering - INFO - [feature_engineer.py:66] - Created 11 user features for 1000 users","logger":"task.stderr"}
{"timestamp":"2026-01-22T06:28:27.422946Z","level":"info","event":"Created 11 user features for 1000 users","logger":"feature_engineering","filename":"feature_engineer.py","lineno":66}
{"timestamp":"2026-01-22T06:28:27.423836Z","level":"error","event":"2026-01-22 11:58:27 - feature_engineering - INFO - [feature_engineer.py:208] - User features created: (1000, 11)","logger":"task.stderr"}
{"timestamp":"2026-01-22T06:28:27.423831Z","level":"info","event":"User features created: (1000, 11)","logger":"feature_engineering","filename":"feature_engineer.py","lineno":208}
{"timestamp":"2026-01-22T06:28:27.424560Z","level":"error","event":"2026-01-22 11:58:27 - feature_engineering - INFO - [feature_engineer.py:81] - Creating item features","logger":"task.stderr"}
{"timestamp":"2026-01-22T06:28:27.424560Z","level":"info","event":"Creating item features","logger":"feature_engineering","filename":"feature_engineer.py","lineno":81}
{"timestamp":"2026-01-22T06:28:27.427704Z","level":"error","event":"2026-01-22 11:58:27 - feature_engineering - INFO - [feature_engineer.py:116] - Created 8 item features for 500 items","logger":"task.stderr"}
{"timestamp":"2026-01-22T06:28:27.427705Z","level":"info","event":"Created 8 item features for 500 items","logger":"feature_engineering","filename":"feature_engineer.py","lineno":116}
{"timestamp":"2026-01-22T06:28:27.428432Z","level":"error","event":"2026-01-22 11:58:27 - feature_engineering - INFO - [feature_engineer.py:212] - Item features created: (500, 8)","logger":"task.stderr"}
{"timestamp":"2026-01-22T06:28:27.428433Z","level":"info","event":"Item features created: (500, 8)","logger":"feature_engineering","filename":"feature_engineer.py","lineno":212}
{"timestamp":"2026-01-22T06:28:27.429087Z","level":"error","event":"2026-01-22 11:58:27 - feature_engineering - INFO - [feature_engineer.py:127] - Creating interaction features","logger":"task.stderr"}
{"timestamp":"2026-01-22T06:28:27.429089Z","level":"info","event":"Creating interaction features","logger":"feature_engineering","filename":"feature_engineer.py","lineno":127}
{"timestamp":"2026-01-22T06:28:27.434469Z","level":"error","event":"2026-01-22 11:58:27 - feature_engineering - INFO - [feature_engineer.py:138] - Created interaction features. Total columns: 30","logger":"task.stderr"}
{"timestamp":"2026-01-22T06:28:27.434469Z","level":"info","event":"Created interaction features. Total columns: 30","logger":"feature_engineering","filename":"feature_engineer.py","lineno":138}
{"timestamp":"2026-01-22T06:28:27.435197Z","level":"error","event":"2026-01-22 11:58:27 - feature_engineering - INFO - [feature_engineer.py:221] - Interaction features created: (9910, 30)","logger":"task.stderr"}
{"timestamp":"2026-01-22T06:28:27.435197Z","level":"info","event":"Interaction features created: (9910, 30)","logger":"feature_engineering","filename":"feature_engineer.py","lineno":221}
{"timestamp":"2026-01-22T06:28:27.435908Z","level":"error","event":"2026-01-22 11:58:27 - feature_engineering - INFO - [feature_engineer.py:172] - Creating temporal features","logger":"task.stderr"}
{"timestamp":"2026-01-22T06:28:27.435902Z","level":"info","event":"Creating temporal features","logger":"feature_engineering","filename":"feature_engineer.py","lineno":172}
{"timestamp":"2026-01-22T06:28:27.565106Z","level":"error","event":"2026-01-22 11:58:27 - feature_engineering - INFO - [feature_engineer.py:191] - Temporal features created","logger":"task.stderr"}
{"timestamp":"2026-01-22T06:28:27.565099Z","level":"info","event":"Temporal features created","logger":"feature_engineering","filename":"feature_engineer.py","lineno":191}
{"timestamp":"2026-01-22T06:28:27.566270Z","level":"error","event":"2026-01-22 11:58:27 - feature_engineering - INFO - [feature_engineer.py:225] - Temporal features added: (9910, 33)","logger":"task.stderr"}
{"timestamp":"2026-01-22T06:28:27.566264Z","level":"info","event":"Temporal features added: (9910, 33)","logger":"feature_engineering","filename":"feature_engineer.py","lineno":225}
{"timestamp":"2026-01-22T06:28:27.567335Z","level":"error","event":"2026-01-22 11:58:27 - feature_engineering - INFO - [feature_engineer.py:147] - Creating similarity features","logger":"task.stderr"}
{"timestamp":"2026-01-22T06:28:27.567335Z","level":"info","event":"Creating similarity features","logger":"feature_engineering","filename":"feature_engineer.py","lineno":147}
{"timestamp":"2026-01-22T06:28:27.582122Z","level":"error","event":"2026-01-22 11:58:27 - feature_engineering - INFO - [feature_engineer.py:165] - Computed similarity matrix: (500, 500)","logger":"task.stderr"}
{"timestamp":"2026-01-22T06:28:27.582114Z","level":"info","event":"Computed similarity matrix: (500, 500)","logger":"feature_engineering","filename":"feature_engineer.py","lineno":165}
{"timestamp":"2026-01-22T06:28:27.582910Z","level":"error","event":"2026-01-22 11:58:27 - feature_engineering - INFO - [feature_engineer.py:230] - Similarity features created: (500, 500)","logger":"task.stderr"}
{"timestamp":"2026-01-22T06:28:27.582912Z","level":"info","event":"Similarity features created: (500, 500)","logger":"feature_engineering","filename":"feature_engineer.py","lineno":230}
{"timestamp":"2026-01-22T06:28:27.640130Z","level":"error","event":"2026-01-22 11:58:27 - feature_engineering - INFO - [feature_engineer.py:237] - All features saved to the feature store","logger":"task.stderr"}
{"timestamp":"2026-01-22T06:28:27.640117Z","level":"info","event":"All features saved to the feature store","logger":"feature_engineering","filename":"feature_engineer.py","lineno":237}
{"timestamp":"2026-01-22T06:28:27.641023Z","level":"error","event":"2026-01-22 11:58:27 - feature_engineering - INFO - [feature_engineer.py:239] - Feature engineering pipeline completed successfully","logger":"task.stderr"}
{"timestamp":"2026-01-22T06:28:27.641022Z","level":"info","event":"Feature engineering pipeline completed successfully","logger":"feature_engineering","filename":"feature_engineer.py","lineno":239}
{"timestamp":"2026-01-22T06:28:27.642560Z","level":"error","event":"2026-01-22 11:58:27 - feature_engineering - INFO - [logger.py:65] - Completed feature_engineering in 0.24s","logger":"task.stderr"}
{"timestamp":"2026-01-22T06:28:27.642560Z","level":"info","event":"Completed feature_engineering in 0.24s","logger":"feature_engineering","filename":"logger.py","lineno":65}
{"timestamp":"2026-01-22T06:28:27.652661Z","level":"info","event":"Created features for 1000 users","logger":"task.stdout"}
{"timestamp":"2026-01-22T06:28:27.652710Z","level":"info","event":"Created features for 500 items","logger":"task.stdout"}
{"timestamp":"2026-01-22T06:28:27.653194Z","level":"info","event":"Done. Returned value was: True","logger":"airflow.task.operators.airflow.providers.standard.operators.python.PythonOperator","filename":"python.py","lineno":216}
{"timestamp":"2026-01-22T06:28:27.653310Z","level":"info","event":"Pushing xcom","ti":"RuntimeTaskInstance(id=UUID('019be463-a491-7bae-9340-56646abe0cbf'), task_id='engineer_features', dag_id='recomart_recommendation_pipeline', run_id='manual__2026-01-22T06:28:13+00:00', try_number=1, dag_version_id=UUID('019be463-76a8-72eb-8a68-4289b61bd85f'), map_index=-1, hostname='apinto-mbp', context_carrier={}, task=<Task(PythonOperator): engineer_features>, bundle_instance=LocalDagBundle(name=dags-folder), max_tries=2, start_date=datetime.datetime(2026, 1, 22, 6, 28, 25, 358759, tzinfo=datetime.timezone.utc), end_date=None, state=<TaskInstanceState.RUNNING: 'running'>, is_mapped=False, rendered_map_index=None)","logger":"task","filename":"task_runner.py","lineno":1357}
{"timestamp":"2026-01-22T06:28:27.662519Z","level":"info","event":"Task instance in success state","logger":"task.stdout"}
{"timestamp":"2026-01-22T06:28:27.662580Z","level":"info","event":" Previous state of the Task instance: TaskInstanceState.RUNNING","logger":"task.stdout"}
{"timestamp":"2026-01-22T06:28:27.663200Z","level":"info","event":"Task operator:<Task(PythonOperator): engineer_features>","logger":"task.stdout"}
