{"timestamp":"2026-01-22T05:34:30.237596Z","level":"info","event":"DAG bundles loaded: dags-folder, example_dags","logger":"airflow.dag_processing.bundles.manager.DagBundlesManager","filename":"manager.py","lineno":179}
{"timestamp":"2026-01-22T05:34:30.237892Z","level":"info","event":"Filling up the DagBag from /Users/apinto/Documents/BITS WILP/Sem2/Assignment/recomart_pipeline/airflow/dags/airflow_dag.py","logger":"airflow.models.dagbag.DagBag","filename":"dagbag.py","lineno":593}
{"timestamp":"2026-01-22T05:34:31.615428Z","level":"warning","event":"The `airflow.operators.python.PythonOperator` attribute is deprecated. Please use `'airflow.providers.standard.operators.python.PythonOperator'`.","category":"DeprecatedImportWarning","filename":"/Users/apinto/Documents/BITS WILP/Sem2/Assignment/recomart_pipeline/airflow/dags/airflow_dag.py","lineno":2,"logger":"py.warnings"}
{"timestamp":"2026-01-22T05:34:31.628607Z","level":"info","event":"Task instance is in running state","logger":"task.stdout"}
{"timestamp":"2026-01-22T05:34:31.628699Z","level":"info","event":" Previous state of the Task instance: TaskInstanceState.QUEUED","logger":"task.stdout"}
{"timestamp":"2026-01-22T05:34:31.629241Z","level":"info","event":"Current task name:ingest_csv","logger":"task.stdout"}
{"timestamp":"2026-01-22T05:34:31.629302Z","level":"info","event":"Dag name:recomart_recommendation_pipeline","logger":"task.stdout"}
{"timestamp":"2026-01-22T05:34:31.630132Z","level":"info","event":"Starting CSV data ingestion...","logger":"task.stdout"}
{"timestamp":"2026-01-22T05:34:31.632522Z","level":"error","event":"2026-01-22 11:04:31 - csv_ingestion - INFO - [logger.py:58] - Starting csv_ingestion","logger":"task.stderr"}
{"timestamp":"2026-01-22T05:34:31.632527Z","level":"info","event":"Starting csv_ingestion","logger":"csv_ingestion","filename":"logger.py","lineno":58}
{"timestamp":"2026-01-22T05:34:31.633317Z","level":"error","event":"2026-01-22 11:04:31 - csv_ingestion - INFO - [csv_ingestion.py:76] - Generating sample user interaction data","logger":"task.stderr"}
{"timestamp":"2026-01-22T05:34:31.633314Z","level":"info","event":"Generating sample user interaction data","logger":"csv_ingestion","filename":"csv_ingestion.py","lineno":76}
{"timestamp":"2026-01-22T05:34:31.634262Z","level":"warning","event":"'H' is deprecated and will be removed in a future version, please use 'h' instead.","category":"FutureWarning","filename":"/Users/apinto/Documents/BITS WILP/Sem2/Assignment/recomart_pipeline/src/ingestion/csv_ingestion.py","lineno":88,"logger":"py.warnings"}
{"timestamp":"2026-01-22T05:34:31.656424Z","level":"error","event":"2026-01-22 11:04:31 - csv_ingestion - INFO - [csv_ingestion.py:99] - Generated 9910 sample interactions","logger":"task.stderr"}
{"timestamp":"2026-01-22T05:34:31.656409Z","level":"info","event":"Generated 9910 sample interactions","logger":"csv_ingestion","filename":"csv_ingestion.py","lineno":99}
{"timestamp":"2026-01-22T05:34:31.657409Z","level":"error","event":"2026-01-22 11:04:31 - csv_ingestion - INFO - [csv_ingestion.py:100] - Saved to: data/raw/user_interactions.csv","logger":"task.stderr"}
{"timestamp":"2026-01-22T05:34:31.657402Z","level":"info","event":"Saved to: data/raw/user_interactions.csv","logger":"csv_ingestion","filename":"csv_ingestion.py","lineno":100}
{"timestamp":"2026-01-22T05:34:31.658764Z","level":"error","event":"2026-01-22 11:04:31 - csv_ingestion - INFO - [logger.py:65] - Completed csv_ingestion in 0.03s","logger":"task.stderr"}
{"timestamp":"2026-01-22T05:34:31.658759Z","level":"info","event":"Completed csv_ingestion in 0.03s","logger":"csv_ingestion","filename":"logger.py","lineno":65}
{"timestamp":"2026-01-22T05:34:31.661193Z","level":"error","event":"2026-01-22 11:04:31 - csv_ingestion - INFO - [logger.py:58] - Starting csv_ingestion","logger":"task.stderr"}
{"timestamp":"2026-01-22T05:34:31.661183Z","level":"info","event":"Starting csv_ingestion","logger":"csv_ingestion","filename":"logger.py","lineno":58}
{"timestamp":"2026-01-22T05:34:31.661964Z","level":"error","event":"2026-01-22 11:04:31 - csv_ingestion - INFO - [csv_ingestion.py:35] - Attempting to ingest data/raw/user_interactions.csv (attempt 1)","logger":"task.stderr"}
{"timestamp":"2026-01-22T05:34:31.661957Z","level":"info","event":"Attempting to ingest data/raw/user_interactions.csv (attempt 1)","logger":"csv_ingestion","filename":"csv_ingestion.py","lineno":35}
{"timestamp":"2026-01-22T05:34:31.667665Z","level":"error","event":"2026-01-22 11:04:31 - csv_ingestion - INFO - [csv_ingestion.py:39] - Successfully loaded 9910 rows from data/raw/user_interactions.csv","logger":"task.stderr"}
{"timestamp":"2026-01-22T05:34:31.667669Z","level":"info","event":"Successfully loaded 9910 rows from data/raw/user_interactions.csv","logger":"csv_ingestion","filename":"csv_ingestion.py","lineno":39}
{"timestamp":"2026-01-22T05:34:31.668561Z","level":"error","event":"2026-01-22 11:04:31 - csv_ingestion - INFO - [csv_ingestion.py:40] - Columns: ['user_id', 'item_id', 'rating', 'timestamp']","logger":"task.stderr"}
{"timestamp":"2026-01-22T05:34:31.668557Z","level":"info","event":"Columns: ['user_id', 'item_id', 'rating', 'timestamp']","logger":"csv_ingestion","filename":"csv_ingestion.py","lineno":40}
{"timestamp":"2026-01-22T05:34:31.669440Z","level":"error","event":"2026-01-22 11:04:31 - csv_ingestion - INFO - [csv_ingestion.py:41] - Shape: (9910, 4)","logger":"task.stderr"}
{"timestamp":"2026-01-22T05:34:31.669432Z","level":"info","event":"Shape: (9910, 4)","logger":"csv_ingestion","filename":"csv_ingestion.py","lineno":41}
{"timestamp":"2026-01-22T05:34:31.681072Z","level":"error","event":"2026-01-22 11:04:31 - csv_ingestion - INFO - [csv_ingestion.py:50] - Saved raw data to: data/raw/user_behavior/2026/01/22/interactions/interactions_20260122_110431.csv","logger":"task.stderr"}
{"timestamp":"2026-01-22T05:34:31.681072Z","level":"info","event":"Saved raw data to: data/raw/user_behavior/2026/01/22/interactions/interactions_20260122_110431.csv","logger":"csv_ingestion","filename":"csv_ingestion.py","lineno":50}
{"timestamp":"2026-01-22T05:34:31.682622Z","level":"error","event":"2026-01-22 11:04:31 - csv_ingestion - INFO - [logger.py:65] - Completed csv_ingestion in 0.02s","logger":"task.stderr"}
{"timestamp":"2026-01-22T05:34:31.682621Z","level":"info","event":"Completed csv_ingestion in 0.02s","logger":"csv_ingestion","filename":"logger.py","lineno":65}
{"timestamp":"2026-01-22T05:34:31.690774Z","level":"info","event":"Ingested 9910 interactions","logger":"task.stdout"}
{"timestamp":"2026-01-22T05:34:31.690887Z","level":"info","event":"Done. Returned value was: data/raw/user_behavior/2026/01/22/interactions/interactions_20260122_110431.csv","logger":"airflow.task.operators.airflow.providers.standard.operators.python.PythonOperator","filename":"python.py","lineno":216}
{"timestamp":"2026-01-22T05:34:31.690971Z","level":"info","event":"Pushing xcom","ti":"RuntimeTaskInstance(id=UUID('019be432-6f0a-74fa-a712-88afbec07296'), task_id='ingest_csv', dag_id='recomart_recommendation_pipeline', run_id='manual__2026-01-22T05:34:27+00:00', try_number=1, dag_version_id=UUID('019be403-d3b1-7598-97fa-b6894e3d00a9'), map_index=-1, hostname='apinto-mbp', context_carrier={}, task=<Task(PythonOperator): ingest_csv>, bundle_instance=LocalDagBundle(name=dags-folder), max_tries=2, start_date=datetime.datetime(2026, 1, 22, 5, 34, 29, 836093, tzinfo=datetime.timezone.utc), end_date=None, state=<TaskInstanceState.RUNNING: 'running'>, is_mapped=False, rendered_map_index=None)","logger":"task","filename":"task_runner.py","lineno":1357}
{"timestamp":"2026-01-22T05:34:31.702677Z","level":"info","event":"Task instance in success state","logger":"task.stdout"}
{"timestamp":"2026-01-22T05:34:31.702751Z","level":"info","event":" Previous state of the Task instance: TaskInstanceState.RUNNING","logger":"task.stdout"}
{"timestamp":"2026-01-22T05:34:31.703347Z","level":"info","event":"Task operator:<Task(PythonOperator): ingest_csv>","logger":"task.stdout"}
