{"timestamp":"2026-01-23T00:07:21.462322Z","level":"info","event":"DAG bundles loaded: dags-folder, example_dags","logger":"airflow.dag_processing.bundles.manager.DagBundlesManager","filename":"manager.py","lineno":179}
{"timestamp":"2026-01-23T00:07:21.462822Z","level":"info","event":"Filling up the DagBag from /Users/apinto/Documents/BITS WILP/Sem2/Assignment/recomart_pipeline/airflow/dags/airflow_dag.py","logger":"airflow.models.dagbag.DagBag","filename":"dagbag.py","lineno":593}
{"timestamp":"2026-01-23T00:07:23.141694Z","level":"info","event":"Task instance is in running state","logger":"task.stdout"}
{"timestamp":"2026-01-23T00:07:23.141984Z","level":"info","event":" Previous state of the Task instance: TaskInstanceState.QUEUED","logger":"task.stdout"}
{"timestamp":"2026-01-23T00:07:23.142444Z","level":"info","event":"Current task name:ingest_api","logger":"task.stdout"}
{"timestamp":"2026-01-23T00:07:23.142474Z","level":"info","event":"Dag name:recomart_recommendation_pipeline","logger":"task.stdout"}
{"timestamp":"2026-01-23T00:07:23.143410Z","level":"info","event":"Starting API data ingestion...","logger":"task.stdout"}
{"timestamp":"2026-01-23T00:07:23.147775Z","level":"error","event":"2026-01-23 05:37:23 - api_ingestion - INFO - [logger.py:58] - Starting api_ingestion","logger":"task.stderr"}
{"timestamp":"2026-01-23T00:07:23.147789Z","level":"info","event":"Starting api_ingestion","logger":"api_ingestion","filename":"logger.py","lineno":58}
{"timestamp":"2026-01-23T00:07:23.150955Z","level":"error","event":"2026-01-23 05:37:23 - api_ingestion - INFO - [logger.py:58] - Starting api_ingestion","logger":"task.stderr"}
{"timestamp":"2026-01-23T00:07:23.150900Z","level":"info","event":"Starting api_ingestion","logger":"api_ingestion","filename":"logger.py","lineno":58}
{"timestamp":"2026-01-23T00:07:23.152251Z","level":"error","event":"2026-01-23 05:37:23 - api_ingestion - INFO - [api_ingestion.py:38] - Fetching data from https://fakestoreapi.com/products (attempt 1)","logger":"task.stderr"}
{"timestamp":"2026-01-23T00:07:23.152246Z","level":"info","event":"Fetching data from https://fakestoreapi.com/products (attempt 1)","logger":"api_ingestion","filename":"api_ingestion.py","lineno":38}
{"timestamp":"2026-01-23T00:07:23.633646Z","level":"error","event":"2026-01-23 05:37:23 - api_ingestion - INFO - [api_ingestion.py:51] - Response status code: 200","logger":"task.stderr"}
{"timestamp":"2026-01-23T00:07:23.633615Z","level":"info","event":"Response status code: 200","logger":"api_ingestion","filename":"api_ingestion.py","lineno":51}
{"timestamp":"2026-01-23T00:07:23.635392Z","level":"error","event":"2026-01-23 05:37:23 - api_ingestion - INFO - [api_ingestion.py:69] - Successfully fetched 20 records","logger":"task.stderr"}
{"timestamp":"2026-01-23T00:07:23.635385Z","level":"info","event":"Successfully fetched 20 records","logger":"api_ingestion","filename":"api_ingestion.py","lineno":69}
{"timestamp":"2026-01-23T00:07:23.636822Z","level":"error","event":"2026-01-23 05:37:23 - api_ingestion - INFO - [logger.py:65] - Completed api_ingestion in 0.49s","logger":"task.stderr"}
{"timestamp":"2026-01-23T00:07:23.636814Z","level":"info","event":"Completed api_ingestion in 0.49s","logger":"api_ingestion","filename":"logger.py","lineno":65}
{"timestamp":"2026-01-23T00:07:23.643790Z","level":"error","event":"2026-01-23 05:37:23 - api_ingestion - INFO - [api_ingestion.py:125] - Converted to DataFrame: (20, 7)","logger":"task.stderr"}
{"timestamp":"2026-01-23T00:07:23.643804Z","level":"info","event":"Converted to DataFrame: (20, 7)","logger":"api_ingestion","filename":"api_ingestion.py","lineno":125}
{"timestamp":"2026-01-23T00:07:23.645083Z","level":"error","event":"2026-01-23 05:37:23 - api_ingestion - INFO - [api_ingestion.py:126] - Columns: ['id', 'title', 'price', 'description', 'category', 'image', 'rating']","logger":"task.stderr"}
{"timestamp":"2026-01-23T00:07:23.645106Z","level":"info","event":"Columns: ['id', 'title', 'price', 'description', 'category', 'image', 'rating']","logger":"api_ingestion","filename":"api_ingestion.py","lineno":126}
{"timestamp":"2026-01-23T00:07:23.650533Z","level":"error","event":"2026-01-23 05:37:23 - api_ingestion - INFO - [api_ingestion.py:135] - Saved API data to: data/raw/product_api/2026/01/23/catalog/catalog_20260123_053723.json","logger":"task.stderr"}
{"timestamp":"2026-01-23T00:07:23.650520Z","level":"info","event":"Saved API data to: data/raw/product_api/2026/01/23/catalog/catalog_20260123_053723.json","logger":"api_ingestion","filename":"api_ingestion.py","lineno":135}
{"timestamp":"2026-01-23T00:07:23.651656Z","level":"error","event":"2026-01-23 05:37:23 - api_ingestion - INFO - [logger.py:65] - Completed api_ingestion in 0.50s","logger":"task.stderr"}
{"timestamp":"2026-01-23T00:07:23.651649Z","level":"info","event":"Completed api_ingestion in 0.50s","logger":"api_ingestion","filename":"logger.py","lineno":65}
{"timestamp":"2026-01-23T00:07:23.671294Z","level":"info","event":"Ingested 20 products","logger":"task.stdout"}
{"timestamp":"2026-01-23T00:07:23.671681Z","level":"info","event":"Done. Returned value was: data/raw/product_api/2026/01/23/catalog/catalog_20260123_053723.json","logger":"airflow.task.operators.airflow.providers.standard.operators.python.PythonOperator","filename":"python.py","lineno":216}
{"timestamp":"2026-01-23T00:07:23.671973Z","level":"info","event":"Pushing xcom","ti":"RuntimeTaskInstance(id=UUID('019be82d-4588-7423-b51e-ce03a6a0c205'), task_id='ingest_api', dag_id='recomart_recommendation_pipeline', run_id='scheduled__2026-01-23T00:00:00+00:00', try_number=1, dag_version_id=UUID('019be483-4b20-7641-8635-67f364380c0a'), map_index=-1, hostname='apinto-mbp', context_carrier={}, task=<Task(PythonOperator): ingest_api>, bundle_instance=LocalDagBundle(name=dags-folder), max_tries=2, start_date=datetime.datetime(2026, 1, 23, 0, 7, 20, 206371, tzinfo=datetime.timezone.utc), end_date=None, state=<TaskInstanceState.RUNNING: 'running'>, is_mapped=False, rendered_map_index=None)","logger":"task","filename":"task_runner.py","lineno":1357}
{"timestamp":"2026-01-23T00:07:23.686367Z","level":"info","event":"Task instance in success state","logger":"task.stdout"}
{"timestamp":"2026-01-23T00:07:23.686436Z","level":"info","event":" Previous state of the Task instance: TaskInstanceState.RUNNING","logger":"task.stdout"}
{"timestamp":"2026-01-23T00:07:23.687019Z","level":"info","event":"Task operator:<Task(PythonOperator): ingest_api>","logger":"task.stdout"}
